Using pre-set license
Built from '2021.3/staging' branch; Version is '2021.3.26f1 (a16dc32e0ff2) revision 10579395'; Using compiler version '192829333'; Build Type 'Release'
OS: 'Windows 10  (10.0.19045) 64bit Core' Language: 'ru' Physical Memory: 32689 MB
BatchMode: 1, IsHumanControllingUs: 0, StartBugReporterOnCrash: 0, Is64bit: 1, IsPro: 1

COMMAND LINE ARGUMENTS:
C:\Program Files\Unity 2021.3.26f1\Editor\Unity.exe
-adb2
-batchMode
-noUpm
-name
AssetImportWorker4
-projectPath
C:/Users/Неместный/Documents/GitHub/Test-Project-for-Garden-Of-Draems
-logFile
Logs/AssetImportWorker4.log
-srvPort
5462
Successfully changed project path to: C:/Users/Неместный/Documents/GitHub/Test-Project-for-Garden-Of-Draems
C:/Users/Неместный/Documents/GitHub/Test-Project-for-Garden-Of-Draems
[UnityMemory] Configuration Parameters - Can be set up in boot.config
    "memorysetup-bucket-allocator-granularity=16"
    "memorysetup-bucket-allocator-bucket-count=8"
    "memorysetup-bucket-allocator-block-size=33554432"
    "memorysetup-bucket-allocator-block-count=8"
    "memorysetup-main-allocator-block-size=16777216"
    "memorysetup-thread-allocator-block-size=16777216"
    "memorysetup-gfx-main-allocator-block-size=16777216"
    "memorysetup-gfx-thread-allocator-block-size=16777216"
    "memorysetup-cache-allocator-block-size=4194304"
    "memorysetup-typetree-allocator-block-size=2097152"
    "memorysetup-profiler-bucket-allocator-granularity=16"
    "memorysetup-profiler-bucket-allocator-bucket-count=8"
    "memorysetup-profiler-bucket-allocator-block-size=33554432"
    "memorysetup-profiler-bucket-allocator-block-count=8"
    "memorysetup-profiler-allocator-block-size=16777216"
    "memorysetup-profiler-editor-allocator-block-size=1048576"
    "memorysetup-temp-allocator-size-main=16777216"
    "memorysetup-job-temp-allocator-block-size=2097152"
    "memorysetup-job-temp-allocator-block-size-background=1048576"
    "memorysetup-job-temp-allocator-reduction-small-platforms=262144"
    "memorysetup-temp-allocator-size-background-worker=32768"
    "memorysetup-temp-allocator-size-job-worker=262144"
    "memorysetup-temp-allocator-size-preload-manager=33554432"
    "memorysetup-temp-allocator-size-nav-mesh-worker=65536"
    "memorysetup-temp-allocator-size-audio-worker=65536"
    "memorysetup-temp-allocator-size-cloud-worker=32768"
    "memorysetup-temp-allocator-size-gi-baking-worker=262144"
    "memorysetup-temp-allocator-size-gfx=262144"
Player connection [3008] Host "[IP] 192.168.0.100 [Port] 0 [Flags] 2 [Guid] 1142898838 [EditorId] 1142898838 [Version] 1048832 [Id] WindowsEditor(7,DESKTOP-MLAPK4M) [Debug] 1 [PackageName] WindowsEditor [ProjectName] Editor" joined multi-casting on [225.0.0.222:54997]...

Player connection [3008] Host "[IP] 192.168.0.100 [Port] 0 [Flags] 2 [Guid] 1142898838 [EditorId] 1142898838 [Version] 1048832 [Id] WindowsEditor(7,DESKTOP-MLAPK4M) [Debug] 1 [PackageName] WindowsEditor [ProjectName] Editor" joined alternative multi-casting on [225.0.0.222:34997]...

Refreshing native plugins compatible for Editor in 61.10 ms, found 3 plugins.
Preloading 0 native plugins for Editor in 0.00 ms.
Initialize engine version: 2021.3.26f1 (a16dc32e0ff2)
[Subsystems] Discovering subsystems at path C:/Program Files/Unity 2021.3.26f1/Editor/Data/Resources/UnitySubsystems
[Subsystems] Discovering subsystems at path C:/Users/Неместный/Documents/GitHub/Test-Project-for-Garden-Of-Draems/Assets
GfxDevice: creating device client; threaded=0; jobified=0
Direct3D:
    Version:  Direct3D 11.0 [level 11.1]
    Renderer: NVIDIA GeForce RTX 2070 SUPER (ID=0x1e84)
    Vendor:   NVIDIA
    VRAM:     8003 MB
    Driver:   31.0.15.3713
Initialize mono
Mono path[0] = 'C:/Program Files/Unity 2021.3.26f1/Editor/Data/Managed'
Mono path[1] = 'C:/Program Files/Unity 2021.3.26f1/Editor/Data/MonoBleedingEdge/lib/mono/unityjit-win32'
Mono config path = 'C:/Program Files/Unity 2021.3.26f1/Editor/Data/MonoBleedingEdge/etc'
Using monoOptions --debugger-agent=transport=dt_socket,embedding=1,server=y,suspend=n,address=127.0.0.1:56296
Begin MonoManager ReloadAssembly
Registering precompiled unity dll's ...
Register platform support module: C:/Program Files/Unity 2021.3.26f1/Editor/Data/PlaybackEngines/WindowsStandaloneSupport/UnityEditor.WindowsStandalone.Extensions.dll
Registered in 0.004028 seconds.
Native extension for WindowsStandalone target not found
Refreshing native plugins compatible for Editor in 61.39 ms, found 3 plugins.
Preloading 0 native plugins for Editor in 0.00 ms.
Mono: successfully reloaded assembly
- Completed reload, in  0.496 seconds
Domain Reload Profiling:
	ReloadAssembly (497ms)
		BeginReloadAssembly (69ms)
			ExecutionOrderSort (0ms)
			DisableScriptedObjects (0ms)
			BackupInstance (0ms)
			ReleaseScriptingObjects (0ms)
			CreateAndSetChildDomain (1ms)
		EndReloadAssembly (346ms)
			LoadAssemblies (67ms)
			RebuildTransferFunctionScriptingTraits (0ms)
			SetupTypeCache (85ms)
			ReleaseScriptCaches (0ms)
			RebuildScriptCaches (21ms)
			SetupLoadedEditorAssemblies (200ms)
				LogAssemblyErrors (0ms)
				InitializePlatformSupportModulesInManaged (6ms)
				SetLoadedEditorAssemblies (0ms)
				RefreshPlugins (61ms)
				BeforeProcessingInitializeOnLoad (1ms)
				ProcessInitializeOnLoadAttributes (95ms)
				ProcessInitializeOnLoadMethodAttributes (36ms)
				AfterProcessingInitializeOnLoad (0ms)
				EditorAssembliesLoaded (0ms)
			ExecutionOrderSort2 (0ms)
			AwakeInstancesAfterBackupRestoration (0ms)
Platform modules already initialized, skipping
Registering precompiled user dll's ...
Registered in 0.004222 seconds.
Begin MonoManager ReloadAssembly
Symbol file LoadedFromMemory doesn't match image C:\Users\Неместный\Documents\GitHub\Test-Project-for-Garden-Of-Draems\Library\PackageCache\com.unity.visualscripting@1.8.0\Editor\VisualScripting.Core\Dependencies\YamlDotNet\Unity.VisualScripting.YamlDotNet.dll
Symbol file LoadedFromMemory doesn't match image C:\Users\Неместный\Documents\GitHub\Test-Project-for-Garden-Of-Draems\Library\PackageCache\com.unity.visualscripting@1.8.0\Editor\VisualScripting.Core\Dependencies\DotNetZip\Unity.VisualScripting.IonicZip.dll
Native extension for WindowsStandalone target not found
Refreshing native plugins compatible for Editor in 0.59 ms, found 3 plugins.
Preloading 0 native plugins for Editor in 0.00 ms.
Mono: successfully reloaded assembly
- Completed reload, in  0.861 seconds
Domain Reload Profiling:
	ReloadAssembly (862ms)
		BeginReloadAssembly (101ms)
			ExecutionOrderSort (0ms)
			DisableScriptedObjects (5ms)
			BackupInstance (0ms)
			ReleaseScriptingObjects (0ms)
			CreateAndSetChildDomain (15ms)
		EndReloadAssembly (668ms)
			LoadAssemblies (75ms)
			RebuildTransferFunctionScriptingTraits (0ms)
			SetupTypeCache (263ms)
			ReleaseScriptCaches (1ms)
			RebuildScriptCaches (37ms)
			SetupLoadedEditorAssemblies (272ms)
				LogAssemblyErrors (0ms)
				InitializePlatformSupportModulesInManaged (4ms)
				SetLoadedEditorAssemblies (0ms)
				RefreshPlugins (1ms)
				BeforeProcessingInitializeOnLoad (63ms)
				ProcessInitializeOnLoadAttributes (182ms)
				ProcessInitializeOnLoadMethodAttributes (16ms)
				AfterProcessingInitializeOnLoad (6ms)
				EditorAssembliesLoaded (0ms)
			ExecutionOrderSort2 (0ms)
			AwakeInstancesAfterBackupRestoration (5ms)
Platform modules already initialized, skipping
========================================================================
Worker process is ready to serve import requests
Launched and connected shader compiler UnityShaderCompiler.exe after 0.04 seconds
Refreshing native plugins compatible for Editor in 0.91 ms, found 3 plugins.
Preloading 0 native plugins for Editor in 0.00 ms.
Unloading 3051 Unused Serialized files (Serialized files now loaded: 0)
Unloading 22 unused Assets / (56.1 KB). Loaded Objects now: 3516.
Memory consumption went from 109.5 MB to 109.4 MB.
Total: 3.589900 ms (FindLiveObjects: 0.410000 ms CreateObjectMapping: 0.104400 ms MarkObjects: 2.987300 ms  DeleteObjects: 0.086900 ms)

AssetImportParameters requested are different than current active one (requested -> active):
  custom:video-decoder-ogg-theora: a1e56fd34408186e4bbccfd4996cb3dc -> 
  custom:container-muxer-webm: aa71ff27fc2769a1b78a27578f13a17b -> 
  custom:container-demuxer-webm: 4f35f7cbe854078d1ac9338744f61a02 -> 
  custom:video-encoder-webm-vp8: eb34c28f22e8b96e1ab97ce403110664 -> 
  custom:audio-encoder-webm-vorbis: bf7c407c2cedff20999df2af8eb42d56 -> 
  custom:framework-win-MediaFoundation: 216162199b28c13a410421893ffa2e32 -> 
  custom:container-demuxer-ogg: 62fdf1f143b41e24485cea50d1cbac27 -> 
  custom:video-decoder-webm-vp8: 9c59270c3fd7afecdb556c50c9e8de78 -> 
  custom:audio-decoder-ogg-vorbis: bf7c407c2cedff20999df2af8eb42d56 -> 
========================================================================
Received Import Request.
  Time since last request: 11966.086755 seconds.
  path: Assets/Low Poly Environment Starter Kit/Prefabs/URP/Rocks
  artifactKey: Guid(c8b0512f9826b0048a93d951e8fb2c74) Importer(815301076,1909f56bfc062723c751e8b465ee728b)
Start importing Assets/Low Poly Environment Starter Kit/Prefabs/URP/Rocks using Guid(c8b0512f9826b0048a93d951e8fb2c74) Importer(815301076,1909f56bfc062723c751e8b465ee728b)  -> (artifact id: '73bf352f155713a17e96a1b61c15f71a') in 0.012604 seconds 
========================================================================
Received Import Request.
  Time since last request: 0.066667 seconds.
  path: Assets/Low Poly Environment Starter Kit/Prefabs/URP/Rocks/Rock 1.prefab
  artifactKey: Guid(393271bfdf2255c439d98faf76cf13e0) Importer(815301076,1909f56bfc062723c751e8b465ee728b)
Start importing Assets/Low Poly Environment Starter Kit/Prefabs/URP/Rocks/Rock 1.prefab using Guid(393271bfdf2255c439d98faf76cf13e0) Importer(815301076,1909f56bfc062723c751e8b465ee728b)  -> (artifact id: '94b6f17cce3196abb513e964fbf27844') in 0.114429 seconds 
========================================================================
Received Import Request.
  Time since last request: 0.000028 seconds.
  path: Assets/Low Poly Environment Starter Kit/Prefabs/URP/Rocks/Rock Arc.prefab
  artifactKey: Guid(4e9b719611de2f44cb2b84b292279421) Importer(815301076,1909f56bfc062723c751e8b465ee728b)
Start importing Assets/Low Poly Environment Starter Kit/Prefabs/URP/Rocks/Rock Arc.prefab using Guid(4e9b719611de2f44cb2b84b292279421) Importer(815301076,1909f56bfc062723c751e8b465ee728b)  -> (artifact id: 'f547ee94638aeda9a4c4d81a479794be') in 0.022876 seconds 
========================================================================
Received Import Request.
  Time since last request: 1.960435 seconds.
  path: Assets/Low Poly Environment Starter Kit/Prefabs/HDRP
  artifactKey: Guid(c40789aa9a2eddd4290cc34354c7e360) Importer(815301076,1909f56bfc062723c751e8b465ee728b)
Start importing Assets/Low Poly Environment Starter Kit/Prefabs/HDRP using Guid(c40789aa9a2eddd4290cc34354c7e360) Importer(815301076,1909f56bfc062723c751e8b465ee728b)  -> (artifact id: '4e82e13b813068bea8f394346c653b9a') in 0.008737 seconds 
========================================================================
Received Import Request.
  Time since last request: 0.649017 seconds.
  path: Assets/Low Poly Environment Starter Kit/Prefabs/HDRP/Terrains
  artifactKey: Guid(04252568bc7e768479dc7ab17e560f74) Importer(815301076,1909f56bfc062723c751e8b465ee728b)
Start importing Assets/Low Poly Environment Starter Kit/Prefabs/HDRP/Terrains using Guid(04252568bc7e768479dc7ab17e560f74) Importer(815301076,1909f56bfc062723c751e8b465ee728b)  -> (artifact id: 'c7c2aa001bff27b1ef948d1c8d7135c4') in 0.001823 seconds 
========================================================================
Received Import Request.
  Time since last request: 0.077122 seconds.
  path: Assets/Low Poly Environment Starter Kit/Prefabs/HDRP/Terrains/Canyon.prefab
  artifactKey: Guid(8a93137e6cda79845a780287a073a186) Importer(815301076,1909f56bfc062723c751e8b465ee728b)
Start importing Assets/Low Poly Environment Starter Kit/Prefabs/HDRP/Terrains/Canyon.prefab using Guid(8a93137e6cda79845a780287a073a186) Importer(815301076,1909f56bfc062723c751e8b465ee728b)  -> (artifact id: '13d2c79faea3732957fb4e880788bcb3') in 0.025669 seconds 
========================================================================
Received Import Request.
  Time since last request: 0.000022 seconds.
  path: Assets/Low Poly Environment Starter Kit/Prefabs/HDRP/Terrains/Mountain 1.prefab
  artifactKey: Guid(efddb74e82fe03e40a2517c897b0652f) Importer(815301076,1909f56bfc062723c751e8b465ee728b)
Start importing Assets/Low Poly Environment Starter Kit/Prefabs/HDRP/Terrains/Mountain 1.prefab using Guid(efddb74e82fe03e40a2517c897b0652f) Importer(815301076,1909f56bfc062723c751e8b465ee728b)  -> (artifact id: '31e8ca4e9b6fd9e36aaddd2c5749df7c') in 0.018674 seconds 
========================================================================
Received Import Request.
  Time since last request: 0.000024 seconds.
  path: Assets/Low Poly Environment Starter Kit/Prefabs/HDRP/Terrains/Mountain 2.prefab
  artifactKey: Guid(e22c4e3d6b5c63b408d516ca348a5e97) Importer(815301076,1909f56bfc062723c751e8b465ee728b)
Start importing Assets/Low Poly Environment Starter Kit/Prefabs/HDRP/Terrains/Mountain 2.prefab using Guid(e22c4e3d6b5c63b408d516ca348a5e97) Importer(815301076,1909f56bfc062723c751e8b465ee728b)  -> (artifact id: '915fc7d5cf47ffa10bde6501d5cb3ff6') in 0.015498 seconds 
========================================================================
Received Import Request.
  Time since last request: 21.971119 seconds.
  path: Assets/Low Poly Environment Starter Kit/Prefabs/Standard
  artifactKey: Guid(ff6517277e1973943a30ca8ab0dd7b91) Importer(815301076,1909f56bfc062723c751e8b465ee728b)
Start importing Assets/Low Poly Environment Starter Kit/Prefabs/Standard using Guid(ff6517277e1973943a30ca8ab0dd7b91) Importer(815301076,1909f56bfc062723c751e8b465ee728b)  -> (artifact id: 'af9a01bd8914a86d53a68dfe3480c4d7') in 0.008654 seconds 
========================================================================
Received Import Request.
  Time since last request: 2.187768 seconds.
  path: Assets/Low Poly Environment Starter Kit/Prefabs/HDRP/Rocks
  artifactKey: Guid(83b35c95b163b9d47ba8d2d3e87e93ed) Importer(815301076,1909f56bfc062723c751e8b465ee728b)
Start importing Assets/Low Poly Environment Starter Kit/Prefabs/HDRP/Rocks using Guid(83b35c95b163b9d47ba8d2d3e87e93ed) Importer(815301076,1909f56bfc062723c751e8b465ee728b)  -> (artifact id: '5a323cace2db7669e8c984f90f37df4e') in 0.001949 seconds 
========================================================================
Received Import Request.
  Time since last request: 0.051019 seconds.
  path: Assets/Low Poly Environment Starter Kit/Prefabs/HDRP/Rocks/Rock 1.prefab
  artifactKey: Guid(dce4064665cd37e479e8176db0f3fba9) Importer(815301076,1909f56bfc062723c751e8b465ee728b)
Start importing Assets/Low Poly Environment Starter Kit/Prefabs/HDRP/Rocks/Rock 1.prefab using Guid(dce4064665cd37e479e8176db0f3fba9) Importer(815301076,1909f56bfc062723c751e8b465ee728b)  -> (artifact id: 'a9aa0de897a6a38beddf4bae0f31f367') in 0.016069 seconds 
========================================================================
Received Import Request.
  Time since last request: 0.000021 seconds.
  path: Assets/Low Poly Environment Starter Kit/Prefabs/HDRP/Rocks/Rock 4.prefab
  artifactKey: Guid(b1cb3e57280574a4e99330571349cf25) Importer(815301076,1909f56bfc062723c751e8b465ee728b)
Start importing Assets/Low Poly Environment Starter Kit/Prefabs/HDRP/Rocks/Rock 4.prefab using Guid(b1cb3e57280574a4e99330571349cf25) Importer(815301076,1909f56bfc062723c751e8b465ee728b)  -> (artifact id: '6e71e545f4377de7090f37b07d0d9875') in 0.007662 seconds 
========================================================================
Received Import Request.
  Time since last request: 0.000019 seconds.
  path: Assets/Low Poly Environment Starter Kit/Prefabs/HDRP/Rocks/Rock 7.prefab
  artifactKey: Guid(f971cd7b222bb714d8d9b4ebc0474293) Importer(815301076,1909f56bfc062723c751e8b465ee728b)
Start importing Assets/Low Poly Environment Starter Kit/Prefabs/HDRP/Rocks/Rock 7.prefab using Guid(f971cd7b222bb714d8d9b4ebc0474293) Importer(815301076,1909f56bfc062723c751e8b465ee728b)  -> (artifact id: '326c24a73b6be32c2b23a7cde7355880') in 0.007781 seconds 
========================================================================
Received Import Request.
  Time since last request: 0.002041 seconds.
  path: Assets/Low Poly Environment Starter Kit/Prefabs/HDRP/Rocks/Rock 10.prefab
  artifactKey: Guid(e37afa6393d70ae4babec5feb4bd8f8b) Importer(815301076,1909f56bfc062723c751e8b465ee728b)
Start importing Assets/Low Poly Environment Starter Kit/Prefabs/HDRP/Rocks/Rock 10.prefab using Guid(e37afa6393d70ae4babec5feb4bd8f8b) Importer(815301076,1909f56bfc062723c751e8b465ee728b)  -> (artifact id: 'bc2fa82aaea112da9701a285be70d4a3') in 0.010530 seconds 
========================================================================
Received Import Request.
  Time since last request: 0.000273 seconds.
  path: Assets/Low Poly Environment Starter Kit/Prefabs/HDRP/Rocks/Rock Arc.prefab
  artifactKey: Guid(ce1f98f5d8cfa0c4eb3d38ecd510e20f) Importer(815301076,1909f56bfc062723c751e8b465ee728b)
Start importing Assets/Low Poly Environment Starter Kit/Prefabs/HDRP/Rocks/Rock Arc.prefab using Guid(ce1f98f5d8cfa0c4eb3d38ecd510e20f) Importer(815301076,1909f56bfc062723c751e8b465ee728b)  -> (artifact id: '61bbafc7b5b45035d4bdc9dc27ca3761') in 0.011857 seconds 
========================================================================
Received Import Request.
  Time since last request: 0.000019 seconds.
  path: Assets/Low Poly Environment Starter Kit/Prefabs/HDRP/Rocks/Rock Pile 3.prefab
  artifactKey: Guid(de0280632bc1bc64cba672966e053e51) Importer(815301076,1909f56bfc062723c751e8b465ee728b)
Start importing Assets/Low Poly Environment Starter Kit/Prefabs/HDRP/Rocks/Rock Pile 3.prefab using Guid(de0280632bc1bc64cba672966e053e51) Importer(815301076,1909f56bfc062723c751e8b465ee728b)  -> (artifact id: '4b8ce0ef2af5ece8b63953f7f0b44f5e') in 0.010842 seconds 
========================================================================
Received Import Request.
  Time since last request: 4.935282 seconds.
  path: Assets/Low Poly Environment Starter Kit/Prefabs/HDRP/Trees
  artifactKey: Guid(5df5612b8a510f54893299e28a6fb3f8) Importer(815301076,1909f56bfc062723c751e8b465ee728b)
Start importing Assets/Low Poly Environment Starter Kit/Prefabs/HDRP/Trees using Guid(5df5612b8a510f54893299e28a6fb3f8) Importer(815301076,1909f56bfc062723c751e8b465ee728b)  -> (artifact id: '141e110a3f6bf34c21b5587b8a69459b') in 0.002007 seconds 
========================================================================
Received Import Request.
  Time since last request: 0.043872 seconds.
  path: Assets/Low Poly Environment Starter Kit/Prefabs/HDRP/Trees/Pine 1.prefab
  artifactKey: Guid(6a76598997f84da4fbdb95922f367eff) Importer(815301076,1909f56bfc062723c751e8b465ee728b)
Start importing Assets/Low Poly Environment Starter Kit/Prefabs/HDRP/Trees/Pine 1.prefab using Guid(6a76598997f84da4fbdb95922f367eff) Importer(815301076,1909f56bfc062723c751e8b465ee728b)  -> (artifact id: 'e14d122f388a511922931a3a281c14fb') in 0.025151 seconds 
========================================================================
Received Import Request.
  Time since last request: 0.000020 seconds.
  path: Assets/Low Poly Environment Starter Kit/Prefabs/HDRP/Trees/Pine 5.prefab
  artifactKey: Guid(652d39f7ed74a3d44b1f56af45accade) Importer(815301076,1909f56bfc062723c751e8b465ee728b)
Start importing Assets/Low Poly Environment Starter Kit/Prefabs/HDRP/Trees/Pine 5.prefab using Guid(652d39f7ed74a3d44b1f56af45accade) Importer(815301076,1909f56bfc062723c751e8b465ee728b)  -> (artifact id: '48da59045d13db6d67402f4fd00aab6c') in 0.012444 seconds 
========================================================================
Received Import Request.
  Time since last request: 0.000017 seconds.
  path: Assets/Low Poly Environment Starter Kit/Prefabs/HDRP/Trees/Tree 2.prefab
  artifactKey: Guid(1ad3ff8f2d5a96a4fa50abe3ebf7a015) Importer(815301076,1909f56bfc062723c751e8b465ee728b)
Start importing Assets/Low Poly Environment Starter Kit/Prefabs/HDRP/Trees/Tree 2.prefab using Guid(1ad3ff8f2d5a96a4fa50abe3ebf7a015) Importer(815301076,1909f56bfc062723c751e8b465ee728b)  -> (artifact id: '7f63df036826de66e8a36c377fdef0f9') in 0.012985 seconds 
========================================================================
Received Import Request.
  Time since last request: 0.000017 seconds.
  path: Assets/Low Poly Environment Starter Kit/Prefabs/HDRP/Trees/Tree 5.prefab
  artifactKey: Guid(6df065969d7b3454bbe1ed078e8ed558) Importer(815301076,1909f56bfc062723c751e8b465ee728b)
Start importing Assets/Low Poly Environment Starter Kit/Prefabs/HDRP/Trees/Tree 5.prefab using Guid(6df065969d7b3454bbe1ed078e8ed558) Importer(815301076,1909f56bfc062723c751e8b465ee728b)  -> (artifact id: '565884b9ac2153ae805d8adee02912df') in 0.012169 seconds 
========================================================================
Received Import Request.
  Time since last request: 2.802146 seconds.
  path: Assets/Low Poly Environment Starter Kit/Prefabs/Standard/Rocks
  artifactKey: Guid(945ce9a7ea9e10d4fa451434bd596e4e) Importer(815301076,1909f56bfc062723c751e8b465ee728b)
Start importing Assets/Low Poly Environment Starter Kit/Prefabs/Standard/Rocks using Guid(945ce9a7ea9e10d4fa451434bd596e4e) Importer(815301076,1909f56bfc062723c751e8b465ee728b)  -> (artifact id: '500325848f8b14698948a1fdb6fc9267') in 0.002581 seconds 
========================================================================
Received Import Request.
  Time since last request: 0.030247 seconds.
  path: Assets/Low Poly Environment Starter Kit/Prefabs/Standard/Rocks/Rock 1.prefab
  artifactKey: Guid(b446042cb5f9d5b44b3f2c27fcbdad20) Importer(815301076,1909f56bfc062723c751e8b465ee728b)
Start importing Assets/Low Poly Environment Starter Kit/Prefabs/Standard/Rocks/Rock 1.prefab using Guid(b446042cb5f9d5b44b3f2c27fcbdad20) Importer(815301076,1909f56bfc062723c751e8b465ee728b)  -> (artifact id: 'c72f0af0044ff756eec2d148a6158746') in 0.031722 seconds 
========================================================================
Received Import Request.
  Time since last request: 0.000027 seconds.
  path: Assets/Low Poly Environment Starter Kit/Prefabs/Standard/Rocks/Rock 4.prefab
  artifactKey: Guid(bee0b934e01c77748b4614079d193806) Importer(815301076,1909f56bfc062723c751e8b465ee728b)
Start importing Assets/Low Poly Environment Starter Kit/Prefabs/Standard/Rocks/Rock 4.prefab using Guid(bee0b934e01c77748b4614079d193806) Importer(815301076,1909f56bfc062723c751e8b465ee728b)  -> (artifact id: '8558fb17ef26cc92cb6c82c7f7ff6d91') in 0.013038 seconds 
========================================================================
Received Import Request.
  Time since last request: 0.000018 seconds.
  path: Assets/Low Poly Environment Starter Kit/Prefabs/Standard/Rocks/Rock 9.prefab
  artifactKey: Guid(c9645dcf12b956d42b78864a0b2b4cbc) Importer(815301076,1909f56bfc062723c751e8b465ee728b)
Start importing Assets/Low Poly Environment Starter Kit/Prefabs/Standard/Rocks/Rock 9.prefab using Guid(c9645dcf12b956d42b78864a0b2b4cbc) Importer(815301076,1909f56bfc062723c751e8b465ee728b)  -> (artifact id: '31ead725d16f5efaab134f56626c3fd2') in 0.013953 seconds 
========================================================================
Received Import Request.
  Time since last request: 0.000020 seconds.
  path: Assets/Low Poly Environment Starter Kit/Prefabs/Standard/Rocks/Rock Arc.prefab
  artifactKey: Guid(d0874652e7282494290c9333639e8283) Importer(815301076,1909f56bfc062723c751e8b465ee728b)
Start importing Assets/Low Poly Environment Starter Kit/Prefabs/Standard/Rocks/Rock Arc.prefab using Guid(d0874652e7282494290c9333639e8283) Importer(815301076,1909f56bfc062723c751e8b465ee728b)  -> (artifact id: '0c13efd8c41f50e29db22642c146a1a9') in 0.018655 seconds 
========================================================================
Received Import Request.
  Time since last request: 0.000013 seconds.
  path: Assets/Low Poly Environment Starter Kit/Prefabs/Standard/Rocks/Rock 7.prefab
  artifactKey: Guid(a4c18e0159dc62f47ac6306b8a6b17bf) Importer(815301076,1909f56bfc062723c751e8b465ee728b)
Start importing Assets/Low Poly Environment Starter Kit/Prefabs/Standard/Rocks/Rock 7.prefab using Guid(a4c18e0159dc62f47ac6306b8a6b17bf) Importer(815301076,1909f56bfc062723c751e8b465ee728b)  -> (artifact id: 'f00923393fe1771c6b0278cf44afd39e') in 0.013965 seconds 
========================================================================
Received Import Request.
  Time since last request: 8.226801 seconds.
  path: Assets/Low Poly Environment Starter Kit/Prefabs/Standard/Trees
  artifactKey: Guid(81e79512939983d48a7f0a6f3c0cbcd9) Importer(815301076,1909f56bfc062723c751e8b465ee728b)
Start importing Assets/Low Poly Environment Starter Kit/Prefabs/Standard/Trees using Guid(81e79512939983d48a7f0a6f3c0cbcd9) Importer(815301076,1909f56bfc062723c751e8b465ee728b)  -> (artifact id: '18cb3788b41aa104aaced790e9359898') in 0.001885 seconds 
========================================================================
Received Import Request.
  Time since last request: 0.046221 seconds.
  path: Assets/Low Poly Environment Starter Kit/Prefabs/Standard/Trees/Pine 1.prefab
  artifactKey: Guid(3be3923ddd545164f8376f689eb7d410) Importer(815301076,1909f56bfc062723c751e8b465ee728b)
Start importing Assets/Low Poly Environment Starter Kit/Prefabs/Standard/Trees/Pine 1.prefab using Guid(3be3923ddd545164f8376f689eb7d410) Importer(815301076,1909f56bfc062723c751e8b465ee728b)  -> (artifact id: '1c27ee8641e8171015e3b3b4eca8da90') in 0.029981 seconds 
========================================================================
Received Import Request.
  Time since last request: 0.000020 seconds.
  path: Assets/Low Poly Environment Starter Kit/Prefabs/Standard/Trees/Pine 4.prefab
  artifactKey: Guid(efad0e27c216ffe46a97c381d7e1144b) Importer(815301076,1909f56bfc062723c751e8b465ee728b)
Start importing Assets/Low Poly Environment Starter Kit/Prefabs/Standard/Trees/Pine 4.prefab using Guid(efad0e27c216ffe46a97c381d7e1144b) Importer(815301076,1909f56bfc062723c751e8b465ee728b)  -> (artifact id: '2168565bb172cd1aba80d23c9b991776') in 0.013237 seconds 
========================================================================
Received Import Request.
  Time since last request: 0.000031 seconds.
  path: Assets/Low Poly Environment Starter Kit/Prefabs/Standard/Trees/Tree 4.prefab
  artifactKey: Guid(a2c07a2bddba80b44ac36073469e5477) Importer(815301076,1909f56bfc062723c751e8b465ee728b)
Start importing Assets/Low Poly Environment Starter Kit/Prefabs/Standard/Trees/Tree 4.prefab using Guid(a2c07a2bddba80b44ac36073469e5477) Importer(815301076,1909f56bfc062723c751e8b465ee728b)  -> (artifact id: '68dca044be140fae7d9654dc39aea40c') in 0.013753 seconds 
========================================================================
Received Import Request.
  Time since last request: 0.000027 seconds.
  path: Assets/Low Poly Environment Starter Kit/Prefabs/Standard/Trees/Tree 7.prefab
  artifactKey: Guid(fa4091d09ebefec4bbea4b302d1d31ab) Importer(815301076,1909f56bfc062723c751e8b465ee728b)
Start importing Assets/Low Poly Environment Starter Kit/Prefabs/Standard/Trees/Tree 7.prefab using Guid(fa4091d09ebefec4bbea4b302d1d31ab) Importer(815301076,1909f56bfc062723c751e8b465ee728b)  -> (artifact id: '9ebb120b21864ab2ddaef98bf27a5439') in 0.023631 seconds 
========================================================================
Received Import Request.
  Time since last request: 0.000025 seconds.
  path: Assets/Low Poly Environment Starter Kit/Prefabs/Standard/Trees/Pine 6.prefab
  artifactKey: Guid(608f21762d44d604b8739667e82b7813) Importer(815301076,1909f56bfc062723c751e8b465ee728b)
Start importing Assets/Low Poly Environment Starter Kit/Prefabs/Standard/Trees/Pine 6.prefab using Guid(608f21762d44d604b8739667e82b7813) Importer(815301076,1909f56bfc062723c751e8b465ee728b)  -> (artifact id: 'd848677d76cbccfba50cc71071496c46') in 0.019617 seconds 
========================================================================
Received Import Request.
  Time since last request: 71.615303 seconds.
  path: Assets/Low Poly Environment Starter Kit/Prefabs/HDRP/Trees/Pine 5.prefab
  artifactKey: Guid(652d39f7ed74a3d44b1f56af45accade) Importer(815301076,1909f56bfc062723c751e8b465ee728b)
Start importing Assets/Low Poly Environment Starter Kit/Prefabs/HDRP/Trees/Pine 5.prefab using Guid(652d39f7ed74a3d44b1f56af45accade) Importer(815301076,1909f56bfc062723c751e8b465ee728b)  -> (artifact id: '643acf38ac6e68e3514087cbc01a2c68') in 0.012637 seconds 
========================================================================
Received Import Request.
  Time since last request: 1.749360 seconds.
  path: Assets/Low Poly Environment Starter Kit/Prefabs/HDRP/Trees/Pine 5.prefab
  artifactKey: Guid(652d39f7ed74a3d44b1f56af45accade) Importer(815301076,1909f56bfc062723c751e8b465ee728b)
Start importing Assets/Low Poly Environment Starter Kit/Prefabs/HDRP/Trees/Pine 5.prefab using Guid(652d39f7ed74a3d44b1f56af45accade) Importer(815301076,1909f56bfc062723c751e8b465ee728b)  -> (artifact id: '8a475864859f02f55d642f8efd99f4a5') in 0.012332 seconds 
========================================================================
Received Import Request.
  Time since last request: 1.185863 seconds.
  path: Assets/Low Poly Environment Starter Kit/Prefabs/HDRP/Trees/Pine 5.prefab
  artifactKey: Guid(652d39f7ed74a3d44b1f56af45accade) Importer(815301076,1909f56bfc062723c751e8b465ee728b)
Start importing Assets/Low Poly Environment Starter Kit/Prefabs/HDRP/Trees/Pine 5.prefab using Guid(652d39f7ed74a3d44b1f56af45accade) Importer(815301076,1909f56bfc062723c751e8b465ee728b)  -> (artifact id: 'c88765907ca6d00d17dc58afb72c8ddf') in 0.011200 seconds 
========================================================================
Received Import Request.
  Time since last request: 0.562321 seconds.
  path: Packages/com.unity.visualscripting/Editor/VisualScripting.Core/IconMap/AnimatorMessageListener@32x.png
  artifactKey: Guid(9059e055aa673b3469a5c2896c0b8fb5) Importer(815301076,1909f56bfc062723c751e8b465ee728b)
Start importing Packages/com.unity.visualscripting/Editor/VisualScripting.Core/IconMap/AnimatorMessageListener@32x.png using Guid(9059e055aa673b3469a5c2896c0b8fb5) Importer(815301076,1909f56bfc062723c751e8b465ee728b)  -> (artifact id: 'a929a7a74d8565982895702eb67a345f') in 0.039347 seconds 
========================================================================
Received Import Request.
  Time since last request: 0.000016 seconds.
  path: Packages/com.unity.textmeshpro/Editor Resources/Textures/btn_AlignCapLine.psd
  artifactKey: Guid(0d9a36012a224080966c7b55896aa0f9) Importer(815301076,1909f56bfc062723c751e8b465ee728b)
Start importing Packages/com.unity.textmeshpro/Editor Resources/Textures/btn_AlignCapLine.psd using Guid(0d9a36012a224080966c7b55896aa0f9) Importer(815301076,1909f56bfc062723c751e8b465ee728b)  -> (artifact id: 'cc92f8eb4b65ad9d0d0c6ddb164ca819') in 0.026077 seconds 
========================================================================
Received Import Request.
  Time since last request: 0.000018 seconds.
  path: Packages/com.unity.textmeshpro/Editor Resources/Textures/btn_AlignCenter.psd
  artifactKey: Guid(81ed8c76d2bc4a4c95d092c98af4e58f) Importer(815301076,1909f56bfc062723c751e8b465ee728b)
Start importing Packages/com.unity.textmeshpro/Editor Resources/Textures/btn_AlignCenter.psd using Guid(81ed8c76d2bc4a4c95d092c98af4e58f) Importer(815301076,1909f56bfc062723c751e8b465ee728b)  -> (artifact id: '581f2a6065f9cc860054789267eae295') in 0.016891 seconds 
========================================================================
Received Import Request.
  Time since last request: 0.000017 seconds.
  path: Packages/com.unity.textmeshpro/Editor Resources/Textures/btn_AlignCapLine_Light.psd
  artifactKey: Guid(49679f302ac6408697f6b9314a38985c) Importer(815301076,1909f56bfc062723c751e8b465ee728b)
Start importing Packages/com.unity.textmeshpro/Editor Resources/Textures/btn_AlignCapLine_Light.psd using Guid(49679f302ac6408697f6b9314a38985c) Importer(815301076,1909f56bfc062723c751e8b465ee728b)  -> (artifact id: '31933fc135bb4d4a0baf3a3ffde433d9') in 0.019668 seconds 
========================================================================
Received Import Request.
  Time since last request: 890.613829 seconds.
  path: Assets/Low Poly Environment Starter Kit/Prefabs/HDRP/Other
  artifactKey: Guid(4b7ffc53d3543f64780973ed0f36ad3a) Importer(815301076,1909f56bfc062723c751e8b465ee728b)
Start importing Assets/Low Poly Environment Starter Kit/Prefabs/HDRP/Other using Guid(4b7ffc53d3543f64780973ed0f36ad3a) Importer(815301076,1909f56bfc062723c751e8b465ee728b)  -> (artifact id: '8283fa0b7640d7384ebc970275f5a07f') in 0.008477 seconds 
========================================================================
Received Import Request.
  Time since last request: 0.027451 seconds.
  path: Assets/Low Poly Environment Starter Kit/Prefabs/HDRP/Other/Bush 1.prefab
  artifactKey: Guid(18ae834b5172a8445b8ad87d7362cc8f) Importer(815301076,1909f56bfc062723c751e8b465ee728b)
Start importing Assets/Low Poly Environment Starter Kit/Prefabs/HDRP/Other/Bush 1.prefab using Guid(18ae834b5172a8445b8ad87d7362cc8f) Importer(815301076,1909f56bfc062723c751e8b465ee728b)  -> (artifact id: '35eebc77c9ee0d88bd1af6c19c97c19b') in 0.022956 seconds 
========================================================================
Received Import Request.
  Time since last request: 0.003999 seconds.
  path: Assets/Low Poly Environment Starter Kit/Prefabs/HDRP/Other/Grass 1.prefab
  artifactKey: Guid(2068d4ef7b08af74faff803a5c62092e) Importer(815301076,1909f56bfc062723c751e8b465ee728b)
Start importing Assets/Low Poly Environment Starter Kit/Prefabs/HDRP/Other/Grass 1.prefab using Guid(2068d4ef7b08af74faff803a5c62092e) Importer(815301076,1909f56bfc062723c751e8b465ee728b)  -> (artifact id: 'e7e7c84908ac6b1c7f7fe9504f945d87') in 0.024966 seconds 
========================================================================
Received Import Request.
  Time since last request: 0.000020 seconds.
  path: Assets/Low Poly Environment Starter Kit/Prefabs/HDRP/Other/Grass 4.prefab
  artifactKey: Guid(cdbcecdf7009f4448899c0a3531aee2b) Importer(815301076,1909f56bfc062723c751e8b465ee728b)
Start importing Assets/Low Poly Environment Starter Kit/Prefabs/HDRP/Other/Grass 4.prefab using Guid(cdbcecdf7009f4448899c0a3531aee2b) Importer(815301076,1909f56bfc062723c751e8b465ee728b)  -> (artifact id: 'b1d39169d690ea12262b7387903768f5') in 0.045212 seconds 
========================================================================
Received Import Request.
  Time since last request: 0.000026 seconds.
  path: Assets/Low Poly Environment Starter Kit/Prefabs/HDRP/Other/Bush 3.prefab
  artifactKey: Guid(8eb7d4f1581c3184f97c928980c8e9bf) Importer(815301076,1909f56bfc062723c751e8b465ee728b)
Start importing Assets/Low Poly Environment Starter Kit/Prefabs/HDRP/Other/Bush 3.prefab using Guid(8eb7d4f1581c3184f97c928980c8e9bf) Importer(815301076,1909f56bfc062723c751e8b465ee728b)  -> (artifact id: '56a84690151d3ec59fe40c1f5c868a18') in 0.035182 seconds 
========================================================================
Received Import Request.
  Time since last request: 0.000015 seconds.
  path: Assets/Low Poly Environment Starter Kit/Prefabs/HDRP/Other/Grass 2.prefab
  artifactKey: Guid(363b89744c7d8b642a2acdfb132c2775) Importer(815301076,1909f56bfc062723c751e8b465ee728b)
Start importing Assets/Low Poly Environment Starter Kit/Prefabs/HDRP/Other/Grass 2.prefab using Guid(363b89744c7d8b642a2acdfb132c2775) Importer(815301076,1909f56bfc062723c751e8b465ee728b)  -> (artifact id: 'bb5a6ac3321a7b85df66ea9060a84465') in 0.025867 seconds 
========================================================================
Received Import Request.
  Time since last request: 0.000026 seconds.
  path: Assets/Low Poly Environment Starter Kit/Prefabs/HDRP/Other/Grass 3.prefab
  artifactKey: Guid(9b870a7be6d3cc04cb8eaed738eeb14c) Importer(815301076,1909f56bfc062723c751e8b465ee728b)
Start importing Assets/Low Poly Environment Starter Kit/Prefabs/HDRP/Other/Grass 3.prefab using Guid(9b870a7be6d3cc04cb8eaed738eeb14c) Importer(815301076,1909f56bfc062723c751e8b465ee728b)  -> (artifact id: '3f704d5fc8cb9ed09421168fe60e9a10') in 0.020133 seconds 
========================================================================
Received Import Request.
  Time since last request: 133.773992 seconds.
  path: Assets/Low Poly Environment Starter Kit/Source/Shader
  artifactKey: Guid(4b05bfff8efb45e4ba2c72198c3a90b3) Importer(815301076,1909f56bfc062723c751e8b465ee728b)
Start importing Assets/Low Poly Environment Starter Kit/Source/Shader using Guid(4b05bfff8efb45e4ba2c72198c3a90b3) Importer(815301076,1909f56bfc062723c751e8b465ee728b)  -> (artifact id: '9e96a6eff3da5ca957be0665d8219f8f') in 0.009118 seconds 
========================================================================
Received Import Request.
  Time since last request: 340.739244 seconds.
  path: Assets/Low Poly Environment Starter Kit/Source/Material
  artifactKey: Guid(1b565043d68eeab49ad4b29ced47e6f9) Importer(815301076,1909f56bfc062723c751e8b465ee728b)
Start importing Assets/Low Poly Environment Starter Kit/Source/Material using Guid(1b565043d68eeab49ad4b29ced47e6f9) Importer(815301076,1909f56bfc062723c751e8b465ee728b)  -> (artifact id: '8f61bbbb2561f99d5547608659eb97d5') in 0.002247 seconds 
========================================================================
Received Import Request.
  Time since last request: 0.733187 seconds.
  path: Assets/Low Poly Environment Starter Kit/Source/Material/HDRP
  artifactKey: Guid(ed3b705a20183d748ad5fc0e509ab0a5) Importer(815301076,1909f56bfc062723c751e8b465ee728b)
Start importing Assets/Low Poly Environment Starter Kit/Source/Material/HDRP using Guid(ed3b705a20183d748ad5fc0e509ab0a5) Importer(815301076,1909f56bfc062723c751e8b465ee728b)  -> (artifact id: '2a48f6d6eba145d977a3045a23605180') in 0.007255 seconds 
========================================================================
Received Import Request.
  Time since last request: 0.023821 seconds.
  path: Assets/Low Poly Environment Starter Kit/Source/Material/HDRP/Bark.mat
  artifactKey: Guid(d075538bdce940f4f9e44690b2c28d7a) Importer(815301076,1909f56bfc062723c751e8b465ee728b)
Start importing Assets/Low Poly Environment Starter Kit/Source/Material/HDRP/Bark.mat using Guid(d075538bdce940f4f9e44690b2c28d7a) Importer(815301076,1909f56bfc062723c751e8b465ee728b)  -> (artifact id: '17e0bc958b029001e15cb543b20d29fd') in 0.032166 seconds 
========================================================================
Received Import Request.
  Time since last request: 0.000018 seconds.
  path: Assets/Low Poly Environment Starter Kit/Source/Material/HDRP/Pine Bark.mat
  artifactKey: Guid(a1bff7b5fcb387341a4fa0d4c451c853) Importer(815301076,1909f56bfc062723c751e8b465ee728b)
Start importing Assets/Low Poly Environment Starter Kit/Source/Material/HDRP/Pine Bark.mat using Guid(a1bff7b5fcb387341a4fa0d4c451c853) Importer(815301076,1909f56bfc062723c751e8b465ee728b)  -> (artifact id: '06d188f48c170090476b07e65195080f') in 0.014453 seconds 
========================================================================
Received Import Request.
  Time since last request: 0.000024 seconds.
  path: Assets/Low Poly Environment Starter Kit/Source/Material/HDRP/Grass.mat
  artifactKey: Guid(8c43d44bb1d8a51469c748f817d7aa68) Importer(815301076,1909f56bfc062723c751e8b465ee728b)
Start importing Assets/Low Poly Environment Starter Kit/Source/Material/HDRP/Grass.mat using Guid(8c43d44bb1d8a51469c748f817d7aa68) Importer(815301076,1909f56bfc062723c751e8b465ee728b)  -> (artifact id: 'bddc68fcbca5c91683773571f1d071ab') in 0.012408 seconds 
========================================================================
Received Import Request.
  Time since last request: 0.000015 seconds.
  path: Assets/Low Poly Environment Starter Kit/Source/Material/HDRP/Snow.mat
  artifactKey: Guid(8b513525ad0aeaf4e8cb7735e49a2cf9) Importer(815301076,1909f56bfc062723c751e8b465ee728b)
Start importing Assets/Low Poly Environment Starter Kit/Source/Material/HDRP/Snow.mat using Guid(8b513525ad0aeaf4e8cb7735e49a2cf9) Importer(815301076,1909f56bfc062723c751e8b465ee728b)  -> (artifact id: '3c98447d1f647483ebdfd992659370c0') in 0.012012 seconds 
========================================================================
Received Import Request.
  Time since last request: 0.000024 seconds.
  path: Assets/Low Poly Environment Starter Kit/Source/Material/HDRP/Leaves 3.mat
  artifactKey: Guid(87125f9d77ed7de46b787a54e93086fc) Importer(815301076,1909f56bfc062723c751e8b465ee728b)
Start importing Assets/Low Poly Environment Starter Kit/Source/Material/HDRP/Leaves 3.mat using Guid(87125f9d77ed7de46b787a54e93086fc) Importer(815301076,1909f56bfc062723c751e8b465ee728b)  -> (artifact id: '1aee34bf7cc159f7bc4c6f88096b3157') in 0.013196 seconds 
========================================================================
Received Import Request.
  Time since last request: 0.000018 seconds.
  path: Assets/Low Poly Environment Starter Kit/Source/Material/HDRP/Leaves 2.mat
  artifactKey: Guid(28195f6f4f5ca414dbf3f5b4cbe1ebc3) Importer(815301076,1909f56bfc062723c751e8b465ee728b)
Start importing Assets/Low Poly Environment Starter Kit/Source/Material/HDRP/Leaves 2.mat using Guid(28195f6f4f5ca414dbf3f5b4cbe1ebc3) Importer(815301076,1909f56bfc062723c751e8b465ee728b)  -> (artifact id: 'f539a02428393701daf431a91b46b4da') in 0.012130 seconds 
========================================================================
Received Import Request.
  Time since last request: 0.000021 seconds.
  path: Assets/Low Poly Environment Starter Kit/Source/Material/HDRP/Ground.mat
  artifactKey: Guid(73a4275097adc11468b30c4a96cad693) Importer(815301076,1909f56bfc062723c751e8b465ee728b)
Start importing Assets/Low Poly Environment Starter Kit/Source/Material/HDRP/Ground.mat using Guid(73a4275097adc11468b30c4a96cad693) Importer(815301076,1909f56bfc062723c751e8b465ee728b)  -> (artifact id: 'c7ac54c1605c34608abaeecc1ad50977') in 0.016101 seconds 
========================================================================
Received Import Request.
  Time since last request: 0.000608 seconds.
  path: Assets/Low Poly Environment Starter Kit/Source/Material/HDRP/Tree Bark.mat
  artifactKey: Guid(9cbb8b7d619d1ee40a97659fa5719df7) Importer(815301076,1909f56bfc062723c751e8b465ee728b)
Start importing Assets/Low Poly Environment Starter Kit/Source/Material/HDRP/Tree Bark.mat using Guid(9cbb8b7d619d1ee40a97659fa5719df7) Importer(815301076,1909f56bfc062723c751e8b465ee728b)  -> (artifact id: '67e953d7777d995a421cf6d1edd3a148') in 0.014028 seconds 
========================================================================
Received Import Request.
  Time since last request: 0.000020 seconds.
  path: Assets/Low Poly Environment Starter Kit/Source/Material/HDRP/Water Material.mat
  artifactKey: Guid(eb8eeeb56dbc7d34f9708b9545d6d83a) Importer(815301076,1909f56bfc062723c751e8b465ee728b)
Start importing Assets/Low Poly Environment Starter Kit/Source/Material/HDRP/Water Material.mat using Guid(eb8eeeb56dbc7d34f9708b9545d6d83a) Importer(815301076,1909f56bfc062723c751e8b465ee728b)  -> (artifact id: 'b07db0dff2c589ac4ccd0ff479d1ca9d') in 0.015463 seconds 
Editor requested this worker to shutdown with reason: Scaling down because of idle timeout
AssetImportWorker is now disconnected from the server
Process exiting
Exiting without the bug reporter. Application will terminate with return code 0