Using pre-set license
Built from '2021.3/staging' branch; Version is '2021.3.26f1 (a16dc32e0ff2) revision 10579395'; Using compiler version '192829333'; Build Type 'Release'
OS: 'Windows 10  (10.0.19045) 64bit Core' Language: 'ru' Physical Memory: 32689 MB
BatchMode: 1, IsHumanControllingUs: 0, StartBugReporterOnCrash: 0, Is64bit: 1, IsPro: 1

COMMAND LINE ARGUMENTS:
C:\Program Files\Unity 2021.3.26f1\Editor\Unity.exe
-adb2
-batchMode
-noUpm
-name
AssetImportWorker2
-projectPath
C:/Users/Неместный/Documents/GitHub/Test-Project-for-Garden-Of-Draems
-logFile
Logs/AssetImportWorker2.log
-srvPort
5462
Successfully changed project path to: C:/Users/Неместный/Documents/GitHub/Test-Project-for-Garden-Of-Draems
C:/Users/Неместный/Documents/GitHub/Test-Project-for-Garden-Of-Draems
[UnityMemory] Configuration Parameters - Can be set up in boot.config
    "memorysetup-bucket-allocator-granularity=16"
    "memorysetup-bucket-allocator-bucket-count=8"
    "memorysetup-bucket-allocator-block-size=33554432"
    "memorysetup-bucket-allocator-block-count=8"
    "memorysetup-main-allocator-block-size=16777216"
    "memorysetup-thread-allocator-block-size=16777216"
    "memorysetup-gfx-main-allocator-block-size=16777216"
    "memorysetup-gfx-thread-allocator-block-size=16777216"
    "memorysetup-cache-allocator-block-size=4194304"
    "memorysetup-typetree-allocator-block-size=2097152"
    "memorysetup-profiler-bucket-allocator-granularity=16"
    "memorysetup-profiler-bucket-allocator-bucket-count=8"
    "memorysetup-profiler-bucket-allocator-block-size=33554432"
    "memorysetup-profiler-bucket-allocator-block-count=8"
    "memorysetup-profiler-allocator-block-size=16777216"
    "memorysetup-profiler-editor-allocator-block-size=1048576"
    "memorysetup-temp-allocator-size-main=16777216"
    "memorysetup-job-temp-allocator-block-size=2097152"
    "memorysetup-job-temp-allocator-block-size-background=1048576"
    "memorysetup-job-temp-allocator-reduction-small-platforms=262144"
    "memorysetup-temp-allocator-size-background-worker=32768"
    "memorysetup-temp-allocator-size-job-worker=262144"
    "memorysetup-temp-allocator-size-preload-manager=33554432"
    "memorysetup-temp-allocator-size-nav-mesh-worker=65536"
    "memorysetup-temp-allocator-size-audio-worker=65536"
    "memorysetup-temp-allocator-size-cloud-worker=32768"
    "memorysetup-temp-allocator-size-gi-baking-worker=262144"
    "memorysetup-temp-allocator-size-gfx=262144"
Player connection [10196] Host "[IP] 192.168.0.100 [Port] 0 [Flags] 2 [Guid] 3282575154 [EditorId] 3282575154 [Version] 1048832 [Id] WindowsEditor(7,DESKTOP-MLAPK4M) [Debug] 1 [PackageName] WindowsEditor [ProjectName] Editor" joined multi-casting on [225.0.0.222:54997]...

Player connection [10196] Host "[IP] 192.168.0.100 [Port] 0 [Flags] 2 [Guid] 3282575154 [EditorId] 3282575154 [Version] 1048832 [Id] WindowsEditor(7,DESKTOP-MLAPK4M) [Debug] 1 [PackageName] WindowsEditor [ProjectName] Editor" joined alternative multi-casting on [225.0.0.222:34997]...

Refreshing native plugins compatible for Editor in 66.65 ms, found 3 plugins.
Preloading 0 native plugins for Editor in 0.00 ms.
Initialize engine version: 2021.3.26f1 (a16dc32e0ff2)
[Subsystems] Discovering subsystems at path C:/Program Files/Unity 2021.3.26f1/Editor/Data/Resources/UnitySubsystems
[Subsystems] Discovering subsystems at path C:/Users/Неместный/Documents/GitHub/Test-Project-for-Garden-Of-Draems/Assets
GfxDevice: creating device client; threaded=0; jobified=0
Direct3D:
    Version:  Direct3D 11.0 [level 11.1]
    Renderer: NVIDIA GeForce RTX 2070 SUPER (ID=0x1e84)
    Vendor:   NVIDIA
    VRAM:     8003 MB
    Driver:   31.0.15.3713
Initialize mono
Mono path[0] = 'C:/Program Files/Unity 2021.3.26f1/Editor/Data/Managed'
Mono path[1] = 'C:/Program Files/Unity 2021.3.26f1/Editor/Data/MonoBleedingEdge/lib/mono/unityjit-win32'
Mono config path = 'C:/Program Files/Unity 2021.3.26f1/Editor/Data/MonoBleedingEdge/etc'
Using monoOptions --debugger-agent=transport=dt_socket,embedding=1,server=y,suspend=n,address=127.0.0.1:56904
Begin MonoManager ReloadAssembly
Registering precompiled unity dll's ...
Register platform support module: C:/Program Files/Unity 2021.3.26f1/Editor/Data/PlaybackEngines/WindowsStandaloneSupport/UnityEditor.WindowsStandalone.Extensions.dll
Registered in 0.004248 seconds.
Native extension for WindowsStandalone target not found
Refreshing native plugins compatible for Editor in 62.25 ms, found 3 plugins.
Preloading 0 native plugins for Editor in 0.00 ms.
Mono: successfully reloaded assembly
- Completed reload, in  0.498 seconds
Domain Reload Profiling:
	ReloadAssembly (498ms)
		BeginReloadAssembly (70ms)
			ExecutionOrderSort (0ms)
			DisableScriptedObjects (0ms)
			BackupInstance (0ms)
			ReleaseScriptingObjects (0ms)
			CreateAndSetChildDomain (1ms)
		EndReloadAssembly (347ms)
			LoadAssemblies (68ms)
			RebuildTransferFunctionScriptingTraits (0ms)
			SetupTypeCache (81ms)
			ReleaseScriptCaches (0ms)
			RebuildScriptCaches (25ms)
			SetupLoadedEditorAssemblies (201ms)
				LogAssemblyErrors (0ms)
				InitializePlatformSupportModulesInManaged (6ms)
				SetLoadedEditorAssemblies (0ms)
				RefreshPlugins (62ms)
				BeforeProcessingInitializeOnLoad (1ms)
				ProcessInitializeOnLoadAttributes (96ms)
				ProcessInitializeOnLoadMethodAttributes (36ms)
				AfterProcessingInitializeOnLoad (0ms)
				EditorAssembliesLoaded (0ms)
			ExecutionOrderSort2 (0ms)
			AwakeInstancesAfterBackupRestoration (0ms)
Platform modules already initialized, skipping
Registering precompiled user dll's ...
Registered in 0.004039 seconds.
Begin MonoManager ReloadAssembly
Symbol file LoadedFromMemory doesn't match image C:\Users\Неместный\Documents\GitHub\Test-Project-for-Garden-Of-Draems\Library\PackageCache\com.unity.visualscripting@1.8.0\Editor\VisualScripting.Core\Dependencies\YamlDotNet\Unity.VisualScripting.YamlDotNet.dll
Symbol file LoadedFromMemory doesn't match image C:\Users\Неместный\Documents\GitHub\Test-Project-for-Garden-Of-Draems\Library\PackageCache\com.unity.visualscripting@1.8.0\Editor\VisualScripting.Core\Dependencies\DotNetZip\Unity.VisualScripting.IonicZip.dll
Native extension for WindowsStandalone target not found
Refreshing native plugins compatible for Editor in 0.65 ms, found 3 plugins.
Preloading 0 native plugins for Editor in 0.00 ms.
Mono: successfully reloaded assembly
- Completed reload, in  0.895 seconds
Domain Reload Profiling:
	ReloadAssembly (896ms)
		BeginReloadAssembly (113ms)
			ExecutionOrderSort (0ms)
			DisableScriptedObjects (5ms)
			BackupInstance (0ms)
			ReleaseScriptingObjects (0ms)
			CreateAndSetChildDomain (15ms)
		EndReloadAssembly (682ms)
			LoadAssemblies (88ms)
			RebuildTransferFunctionScriptingTraits (0ms)
			SetupTypeCache (240ms)
			ReleaseScriptCaches (1ms)
			RebuildScriptCaches (57ms)
			SetupLoadedEditorAssemblies (272ms)
				LogAssemblyErrors (0ms)
				InitializePlatformSupportModulesInManaged (5ms)
				SetLoadedEditorAssemblies (0ms)
				RefreshPlugins (1ms)
				BeforeProcessingInitializeOnLoad (67ms)
				ProcessInitializeOnLoadAttributes (177ms)
				ProcessInitializeOnLoadMethodAttributes (16ms)
				AfterProcessingInitializeOnLoad (6ms)
				EditorAssembliesLoaded (0ms)
			ExecutionOrderSort2 (0ms)
			AwakeInstancesAfterBackupRestoration (5ms)
Platform modules already initialized, skipping
========================================================================
Worker process is ready to serve import requests
Launched and connected shader compiler UnityShaderCompiler.exe after 0.03 seconds
Refreshing native plugins compatible for Editor in 0.62 ms, found 3 plugins.
Preloading 0 native plugins for Editor in 0.00 ms.
Unloading 3051 Unused Serialized files (Serialized files now loaded: 0)
Unloading 22 unused Assets / (56.1 KB). Loaded Objects now: 3513.
Memory consumption went from 109.1 MB to 109.1 MB.
Total: 2.457500 ms (FindLiveObjects: 0.240900 ms CreateObjectMapping: 0.090400 ms MarkObjects: 2.065300 ms  DeleteObjects: 0.060200 ms)

AssetImportParameters requested are different than current active one (requested -> active):
  custom:video-decoder-ogg-theora: a1e56fd34408186e4bbccfd4996cb3dc -> 
  custom:container-muxer-webm: aa71ff27fc2769a1b78a27578f13a17b -> 
  custom:container-demuxer-webm: 4f35f7cbe854078d1ac9338744f61a02 -> 
  custom:video-encoder-webm-vp8: eb34c28f22e8b96e1ab97ce403110664 -> 
  custom:audio-encoder-webm-vorbis: bf7c407c2cedff20999df2af8eb42d56 -> 
  custom:framework-win-MediaFoundation: 216162199b28c13a410421893ffa2e32 -> 
  custom:container-demuxer-ogg: 62fdf1f143b41e24485cea50d1cbac27 -> 
  custom:video-decoder-webm-vp8: 9c59270c3fd7afecdb556c50c9e8de78 -> 
  custom:audio-decoder-ogg-vorbis: bf7c407c2cedff20999df2af8eb42d56 -> 
========================================================================
Received Import Request.
  Time since last request: 11500.922680 seconds.
  path: Assets/EmaceArt/LowPolyNatureProject - EA04 Tiny Forest Remastered/Prefabs/Trees
  artifactKey: Guid(3470a54e848567d40873a4e5ae4d28b0) Importer(815301076,1909f56bfc062723c751e8b465ee728b)
Start importing Assets/EmaceArt/LowPolyNatureProject - EA04 Tiny Forest Remastered/Prefabs/Trees using Guid(3470a54e848567d40873a4e5ae4d28b0) Importer(815301076,1909f56bfc062723c751e8b465ee728b)  -> (artifact id: '1a5083f0a3d04e952d7636d86a669ed8') in 0.011849 seconds 
========================================================================
Received Import Request.
  Time since last request: 0.735464 seconds.
  path: Assets/EmaceArt/LowPolyNatureProject - EA04 Tiny Forest Remastered/Prefabs/Trees/Tire
  artifactKey: Guid(92d38372c40d14142996e744d80f13e5) Importer(815301076,1909f56bfc062723c751e8b465ee728b)
Start importing Assets/EmaceArt/LowPolyNatureProject - EA04 Tiny Forest Remastered/Prefabs/Trees/Tire using Guid(92d38372c40d14142996e744d80f13e5) Importer(815301076,1909f56bfc062723c751e8b465ee728b)  -> (artifact id: 'f0e18449ac1610f4094819b22297cdc9') in 0.007983 seconds 
========================================================================
Received Import Request.
  Time since last request: 0.045116 seconds.
  path: Assets/EmaceArt/LowPolyNatureProject - EA04 Tiny Forest Remastered/Prefabs/Trees/Tire/EA04_Trees_Tire_01d_PRE.prefab
  artifactKey: Guid(afd8675dc4465bd42a1f7ee95a3e61a5) Importer(815301076,1909f56bfc062723c751e8b465ee728b)
Start importing Assets/EmaceArt/LowPolyNatureProject - EA04 Tiny Forest Remastered/Prefabs/Trees/Tire/EA04_Trees_Tire_01d_PRE.prefab using Guid(afd8675dc4465bd42a1f7ee95a3e61a5) Importer(815301076,1909f56bfc062723c751e8b465ee728b)  -> (artifact id: '0f51bcface8725fe35fb96c19838b958') in 0.098421 seconds 
========================================================================
Received Import Request.
  Time since last request: 3.004824 seconds.
  path: Assets/EmaceArt/LowPolyNatureProject - EA04 Tiny Forest Remastered/Prefabs/Trees/Stoolids
  artifactKey: Guid(24f95178aa8f20547ac2d44822534383) Importer(815301076,1909f56bfc062723c751e8b465ee728b)
Start importing Assets/EmaceArt/LowPolyNatureProject - EA04 Tiny Forest Remastered/Prefabs/Trees/Stoolids using Guid(24f95178aa8f20547ac2d44822534383) Importer(815301076,1909f56bfc062723c751e8b465ee728b)  -> (artifact id: '98d3d6b1ffce161fa72ae44ca6222096') in 0.007702 seconds 
========================================================================
Received Import Request.
  Time since last request: 0.046204 seconds.
  path: Assets/EmaceArt/LowPolyNatureProject - EA04 Tiny Forest Remastered/Prefabs/Trees/Stoolids/EA04_Trees_Stoolids_01b_PRE.prefab
  artifactKey: Guid(4306e73a228f6074291b6a24a117e522) Importer(815301076,1909f56bfc062723c751e8b465ee728b)
Start importing Assets/EmaceArt/LowPolyNatureProject - EA04 Tiny Forest Remastered/Prefabs/Trees/Stoolids/EA04_Trees_Stoolids_01b_PRE.prefab using Guid(4306e73a228f6074291b6a24a117e522) Importer(815301076,1909f56bfc062723c751e8b465ee728b)  -> (artifact id: '39ae9f99a5c222333064747808f28a3d') in 0.013880 seconds 
========================================================================
Received Import Request.
  Time since last request: 2.432434 seconds.
  path: Assets/EmaceArt/LowPolyNatureProject - EA04 Tiny Forest Remastered/Prefabs/Trees/Cuboids
  artifactKey: Guid(aa5777094e2138d4583413899973c873) Importer(815301076,1909f56bfc062723c751e8b465ee728b)
Start importing Assets/EmaceArt/LowPolyNatureProject - EA04 Tiny Forest Remastered/Prefabs/Trees/Cuboids using Guid(aa5777094e2138d4583413899973c873) Importer(815301076,1909f56bfc062723c751e8b465ee728b)  -> (artifact id: '91325f8a3c25e79f3648b39ca1820a49') in 0.008174 seconds 
========================================================================
Received Import Request.
  Time since last request: 0.659813 seconds.
  path: Assets/EmaceArt/LowPolyNatureProject - EA04 Tiny Forest Remastered/Prefabs/Trees/Cuboids/EA04_Trees_Cuboids_01a_PRE.prefab
  artifactKey: Guid(38c1b1e0e119c8d43a37b2da94410948) Importer(815301076,1909f56bfc062723c751e8b465ee728b)
Start importing Assets/EmaceArt/LowPolyNatureProject - EA04 Tiny Forest Remastered/Prefabs/Trees/Cuboids/EA04_Trees_Cuboids_01a_PRE.prefab using Guid(38c1b1e0e119c8d43a37b2da94410948) Importer(815301076,1909f56bfc062723c751e8b465ee728b)  -> (artifact id: 'caa3c89f36f5ccbc6a39f8efc3c40f2e') in 0.013419 seconds 
========================================================================
Received Import Request.
  Time since last request: 5.598241 seconds.
  path: Assets/EmaceArt/LowPolyNatureProject - EA04 Tiny Forest Remastered/Terrain
  artifactKey: Guid(fd2d625fcf5db5949bfe3900d9fcb115) Importer(815301076,1909f56bfc062723c751e8b465ee728b)
Start importing Assets/EmaceArt/LowPolyNatureProject - EA04 Tiny Forest Remastered/Terrain using Guid(fd2d625fcf5db5949bfe3900d9fcb115) Importer(815301076,1909f56bfc062723c751e8b465ee728b)  -> (artifact id: 'e5e19a03ac3a9c4f9c4df0dd9c8da0c6') in 0.007966 seconds 
========================================================================
Received Import Request.
  Time since last request: 0.029796 seconds.
  path: Assets/EmaceArt/LowPolyNatureProject - EA04 Tiny Forest Remastered/Terrain/New Terrain 2.asset
  artifactKey: Guid(d9eeb067d28058a4e8b69dcb95a6089a) Importer(815301076,1909f56bfc062723c751e8b465ee728b)
Start importing Assets/EmaceArt/LowPolyNatureProject - EA04 Tiny Forest Remastered/Terrain/New Terrain 2.asset using Guid(d9eeb067d28058a4e8b69dcb95a6089a) Importer(815301076,1909f56bfc062723c751e8b465ee728b)  -> (artifact id: 'cff173df14b668614b8a26402bd9125a') in 0.076711 seconds 
========================================================================
Received Import Request.
  Time since last request: 7.266124 seconds.
  path: Assets/EmaceArt/LowPolyNatureProject - EA04 Tiny Forest Remastered/Textures
  artifactKey: Guid(b7b5153bdd2ab0e4f92eb9718e6cf0e2) Importer(815301076,1909f56bfc062723c751e8b465ee728b)
Start importing Assets/EmaceArt/LowPolyNatureProject - EA04 Tiny Forest Remastered/Textures using Guid(b7b5153bdd2ab0e4f92eb9718e6cf0e2) Importer(815301076,1909f56bfc062723c751e8b465ee728b)  -> (artifact id: '9f709ab10fb2746d334b4c6cb4b338bb') in 0.007697 seconds 
========================================================================
Received Import Request.
  Time since last request: 0.019476 seconds.
  path: Assets/EmaceArt/LowPolyNatureProject - EA04 Tiny Forest Remastered/Textures/EA04_LPNP-Artefacts_Colorsheet_v1.png
  artifactKey: Guid(c1186ef993bcf904ba4a559a2e50a5fc) Importer(815301076,1909f56bfc062723c751e8b465ee728b)
Start importing Assets/EmaceArt/LowPolyNatureProject - EA04 Tiny Forest Remastered/Textures/EA04_LPNP-Artefacts_Colorsheet_v1.png using Guid(c1186ef993bcf904ba4a559a2e50a5fc) Importer(815301076,1909f56bfc062723c751e8b465ee728b)  -> (artifact id: 'bea8e7ced36069cb654695912dce4585') in 0.050765 seconds 
========================================================================
Received Import Request.
  Time since last request: 0.000019 seconds.
  path: Assets/EmaceArt/LowPolyNatureProject - EA04 Tiny Forest Remastered/Textures/EA04_LPNP-TinyForest_Colorsheet_v1.png
  artifactKey: Guid(328cb5d617086e54c9731c2c7496a682) Importer(815301076,1909f56bfc062723c751e8b465ee728b)
Start importing Assets/EmaceArt/LowPolyNatureProject - EA04 Tiny Forest Remastered/Textures/EA04_LPNP-TinyForest_Colorsheet_v1.png using Guid(328cb5d617086e54c9731c2c7496a682) Importer(815301076,1909f56bfc062723c751e8b465ee728b)  -> (artifact id: '0c76371841f03803966dff17b52ab193') in 0.017315 seconds 
========================================================================
Received Import Request.
  Time since last request: 5.676724 seconds.
  path: Assets/EmaceArt_LavaPlant
  artifactKey: Guid(e13a4251240d5a94db340e0f0cbc185b) Importer(815301076,1909f56bfc062723c751e8b465ee728b)
Start importing Assets/EmaceArt_LavaPlant using Guid(e13a4251240d5a94db340e0f0cbc185b) Importer(815301076,1909f56bfc062723c751e8b465ee728b)  -> (artifact id: '48d41dcfb552348144f29524950b5bd3') in 0.007001 seconds 
========================================================================
Received Import Request.
  Time since last request: 3.339959 seconds.
  path: Assets/EmaceArt_LavaPlant/Skybox
  artifactKey: Guid(f7832071d4da66b4eabeed240dbc8af0) Importer(815301076,1909f56bfc062723c751e8b465ee728b)
Start importing Assets/EmaceArt_LavaPlant/Skybox using Guid(f7832071d4da66b4eabeed240dbc8af0) Importer(815301076,1909f56bfc062723c751e8b465ee728b)  -> (artifact id: '7bff019d549195d7ac173cae14c44acb') in 0.007162 seconds 
========================================================================
Received Import Request.
  Time since last request: 1.332847 seconds.
  path: Assets/EmaceArt_LavaPlant/Skybox/SkyBox
  artifactKey: Guid(1e85a31d4847f4a7fbc30c2302716dc1) Importer(815301076,1909f56bfc062723c751e8b465ee728b)
Start importing Assets/EmaceArt_LavaPlant/Skybox/SkyBox using Guid(1e85a31d4847f4a7fbc30c2302716dc1) Importer(815301076,1909f56bfc062723c751e8b465ee728b)  -> (artifact id: 'c3737266b9286d7c87092fb2d33d6347') in 0.007583 seconds 
========================================================================
Received Import Request.
  Time since last request: 0.060456 seconds.
  path: Assets/EmaceArt_LavaPlant/Skybox/SkyBox/Sky.mat
  artifactKey: Guid(5072c671f5d9f4003a83241b424bb0f0) Importer(815301076,1909f56bfc062723c751e8b465ee728b)
Start importing Assets/EmaceArt_LavaPlant/Skybox/SkyBox/Sky.mat using Guid(5072c671f5d9f4003a83241b424bb0f0) Importer(815301076,1909f56bfc062723c751e8b465ee728b)  -> (artifact id: '655bfe37564c3116f5428b192d99e4a7') in 0.193598 seconds 
========================================================================
Received Import Request.
  Time since last request: 36.135585 seconds.
  path: Assets/EmaceArt_LavaPlant/Skybox/Textures
  artifactKey: Guid(dbfa97442e84d654e8f056c3adec25aa) Importer(815301076,1909f56bfc062723c751e8b465ee728b)
Start importing Assets/EmaceArt_LavaPlant/Skybox/Textures using Guid(dbfa97442e84d654e8f056c3adec25aa) Importer(815301076,1909f56bfc062723c751e8b465ee728b)  -> (artifact id: '7919dc9e15632ed1eee19a66d8f50755') in 0.002252 seconds 
========================================================================
Received Import Request.
  Time since last request: 0.339558 seconds.
  path: Assets/EmaceArt_LavaPlant/Skybox/Textures/desert_skybox.png
  artifactKey: Guid(257eabfb03b3fb14d868ab9485e993f4) Importer(815301076,1909f56bfc062723c751e8b465ee728b)
Start importing Assets/EmaceArt_LavaPlant/Skybox/Textures/desert_skybox.png using Guid(257eabfb03b3fb14d868ab9485e993f4) Importer(815301076,1909f56bfc062723c751e8b465ee728b)  -> (artifact id: 'fa0a1d27c69449abf46aecf5a9e59ac3') in 0.015644 seconds 
========================================================================
Received Import Request.
  Time since last request: 25.267369 seconds.
  path: Assets/EmaceArt_LavaPlant/Texture
  artifactKey: Guid(39eda1fc4af07ee4cb39bfddde465953) Importer(815301076,1909f56bfc062723c751e8b465ee728b)
Start importing Assets/EmaceArt_LavaPlant/Texture using Guid(39eda1fc4af07ee4cb39bfddde465953) Importer(815301076,1909f56bfc062723c751e8b465ee728b)  -> (artifact id: 'f91e20540fb38e29e4b4829b2638057d') in 0.007770 seconds 
========================================================================
Received Import Request.
  Time since last request: 0.026865 seconds.
  path: Assets/EmaceArt_LavaPlant/Texture/LavaPlant_texture.png
  artifactKey: Guid(e1c879bcd60cd924389e97e229fd1ee8) Importer(815301076,1909f56bfc062723c751e8b465ee728b)
Start importing Assets/EmaceArt_LavaPlant/Texture/LavaPlant_texture.png using Guid(e1c879bcd60cd924389e97e229fd1ee8) Importer(815301076,1909f56bfc062723c751e8b465ee728b)  -> (artifact id: '7f1777e334874b52897481fa2e63d781') in 0.014321 seconds 
========================================================================
Received Import Request.
  Time since last request: 1.931158 seconds.
  path: Assets/EmaceArt_LavaPlant/Scene
  artifactKey: Guid(050ae151c617c434a94a97c7a9cf89b7) Importer(815301076,1909f56bfc062723c751e8b465ee728b)
Start importing Assets/EmaceArt_LavaPlant/Scene using Guid(050ae151c617c434a94a97c7a9cf89b7) Importer(815301076,1909f56bfc062723c751e8b465ee728b)  -> (artifact id: '1586a052933e16276093e07954e83a2e') in 0.010006 seconds 
========================================================================
Received Import Request.
  Time since last request: 0.958888 seconds.
  path: Assets/EmaceArt_LavaPlant/Scene/EmaceArt_LavaScene.unity
  artifactKey: Guid(99c9720ab356a0642a771bea13969a05) Importer(815301076,1909f56bfc062723c751e8b465ee728b)
Start importing Assets/EmaceArt_LavaPlant/Scene/EmaceArt_LavaScene.unity using Guid(99c9720ab356a0642a771bea13969a05) Importer(815301076,1909f56bfc062723c751e8b465ee728b)  -> (artifact id: '08e92ea04be686f3a160b444e0c937c8') in 0.008205 seconds 
========================================================================
Received Import Request.
  Time since last request: 295.328924 seconds.
  path: Assets/EmaceArt_LavaPlant/Prefabs
  artifactKey: Guid(8693f5d50be2ec74d92a371faf372947) Importer(815301076,1909f56bfc062723c751e8b465ee728b)
Start importing Assets/EmaceArt_LavaPlant/Prefabs using Guid(8693f5d50be2ec74d92a371faf372947) Importer(815301076,1909f56bfc062723c751e8b465ee728b)  -> (artifact id: '34d9636d24a56ca964412c081dc77f84') in 0.001947 seconds 
========================================================================
Received Import Request.
  Time since last request: 0.035441 seconds.
  path: Assets/EmaceArt_LavaPlant/Prefabs/EA_Clif_01a_Default.prefab
  artifactKey: Guid(86906d495e3827c43bc6933c657033ce) Importer(815301076,1909f56bfc062723c751e8b465ee728b)
Start importing Assets/EmaceArt_LavaPlant/Prefabs/EA_Clif_01a_Default.prefab using Guid(86906d495e3827c43bc6933c657033ce) Importer(815301076,1909f56bfc062723c751e8b465ee728b)  -> (artifact id: '4b4876d1ec30b12be65789b080eb5912') in 0.019416 seconds 
========================================================================
Received Import Request.
  Time since last request: 0.000024 seconds.
  path: Assets/EmaceArt_LavaPlant/Prefabs/EA_Fruit_01c_Default.prefab
  artifactKey: Guid(abecd295c424d6a4ebfed5ebfb35a157) Importer(815301076,1909f56bfc062723c751e8b465ee728b)
Start importing Assets/EmaceArt_LavaPlant/Prefabs/EA_Fruit_01c_Default.prefab using Guid(abecd295c424d6a4ebfed5ebfb35a157) Importer(815301076,1909f56bfc062723c751e8b465ee728b)  -> (artifact id: '2849e8d697d85a129f1285f5eff0b69f') in 0.029472 seconds 
========================================================================
Received Import Request.
  Time since last request: 0.000032 seconds.
  path: Assets/EmaceArt_LavaPlant/Prefabs/EA_Fruit_01a_Default.prefab
  artifactKey: Guid(bef3b77a398cd4848ae57a0c51bd1b55) Importer(815301076,1909f56bfc062723c751e8b465ee728b)
Start importing Assets/EmaceArt_LavaPlant/Prefabs/EA_Fruit_01a_Default.prefab using Guid(bef3b77a398cd4848ae57a0c51bd1b55) Importer(815301076,1909f56bfc062723c751e8b465ee728b)  -> (artifact id: '8d26bad14f3caa1f61f6ecc323010fc7') in 0.017856 seconds 
========================================================================
Received Import Request.
  Time since last request: 0.000026 seconds.
  path: Assets/EmaceArt_LavaPlant/Prefabs/Rocks_01b_Default.prefab
  artifactKey: Guid(bf5bd3234c9a24b4796031e2f39ee518) Importer(815301076,1909f56bfc062723c751e8b465ee728b)
Start importing Assets/EmaceArt_LavaPlant/Prefabs/Rocks_01b_Default.prefab using Guid(bf5bd3234c9a24b4796031e2f39ee518) Importer(815301076,1909f56bfc062723c751e8b465ee728b)  -> (artifact id: '3f12bbe68fc788ac4d11034a914cea38') in 0.018480 seconds 
========================================================================
Received Import Request.
  Time since last request: 0.000032 seconds.
  path: Assets/EmaceArt_LavaPlant/Prefabs/Rocks_01a_Default.prefab
  artifactKey: Guid(2f4bc0193724cd943921d722c237e387) Importer(815301076,1909f56bfc062723c751e8b465ee728b)
Start importing Assets/EmaceArt_LavaPlant/Prefabs/Rocks_01a_Default.prefab using Guid(2f4bc0193724cd943921d722c237e387) Importer(815301076,1909f56bfc062723c751e8b465ee728b)  -> (artifact id: '0debd969b4cfe515f3d89c7a963e72e2') in 0.019265 seconds 
========================================================================
Received Import Request.
  Time since last request: 0.000024 seconds.
  path: Assets/EmaceArt_LavaPlant/Prefabs/EA_Fruit_PRE.prefab
  artifactKey: Guid(fe13a08c5eedda44c9e76e972f2f57e5) Importer(815301076,1909f56bfc062723c751e8b465ee728b)
Start importing Assets/EmaceArt_LavaPlant/Prefabs/EA_Fruit_PRE.prefab using Guid(fe13a08c5eedda44c9e76e972f2f57e5) Importer(815301076,1909f56bfc062723c751e8b465ee728b)  -> (artifact id: '18063eeccb1d7496de6ba74d5aac28f1') in 0.016712 seconds 
========================================================================
Received Import Request.
  Time since last request: 0.000030 seconds.
  path: Assets/EmaceArt_LavaPlant/Prefabs/EA_Puddle_01a_Default.prefab
  artifactKey: Guid(b74f3d307eaadbc4294cd716ebca0f58) Importer(815301076,1909f56bfc062723c751e8b465ee728b)
Start importing Assets/EmaceArt_LavaPlant/Prefabs/EA_Puddle_01a_Default.prefab using Guid(b74f3d307eaadbc4294cd716ebca0f58) Importer(815301076,1909f56bfc062723c751e8b465ee728b)  -> (artifact id: '014e6ee0e3e5f08cac6dea63aca20c08') in 0.017784 seconds 
========================================================================
Received Import Request.
  Time since last request: 0.000022 seconds.
  path: Assets/EmaceArt_LavaPlant/Prefabs/EA_Terrain_Default.prefab
  artifactKey: Guid(c74193c8e85acc44f9c91ce8b24524c5) Importer(815301076,1909f56bfc062723c751e8b465ee728b)
Start importing Assets/EmaceArt_LavaPlant/Prefabs/EA_Terrain_Default.prefab using Guid(c74193c8e85acc44f9c91ce8b24524c5) Importer(815301076,1909f56bfc062723c751e8b465ee728b)  -> (artifact id: '7f3bfce584a688a92b80a76ab4a1c8f2') in 0.015531 seconds 
========================================================================
Received Import Request.
  Time since last request: 0.000025 seconds.
  path: Assets/EmaceArt_LavaPlant/Prefabs/EA_Plant_01d_Default.prefab
  artifactKey: Guid(c79a2f29d708c6d4dad6515d25151177) Importer(815301076,1909f56bfc062723c751e8b465ee728b)
Start importing Assets/EmaceArt_LavaPlant/Prefabs/EA_Plant_01d_Default.prefab using Guid(c79a2f29d708c6d4dad6515d25151177) Importer(815301076,1909f56bfc062723c751e8b465ee728b)  -> (artifact id: '88452d3e3f085eab5a3b119ec36785b0') in 0.021011 seconds 
========================================================================
Received Import Request.
  Time since last request: 0.000041 seconds.
  path: Assets/EmaceArt_LavaPlant/Prefabs/Rocks_01d_Default.prefab
  artifactKey: Guid(652b880097732f148a0e38738f640670) Importer(815301076,1909f56bfc062723c751e8b465ee728b)
Start importing Assets/EmaceArt_LavaPlant/Prefabs/Rocks_01d_Default.prefab using Guid(652b880097732f148a0e38738f640670) Importer(815301076,1909f56bfc062723c751e8b465ee728b)  -> (artifact id: 'ccb7a411fdb115f400c7b1b2e76f42a4') in 0.018390 seconds 
========================================================================
Received Import Request.
  Time since last request: 0.000020 seconds.
  path: Assets/EmaceArt_LavaPlant/Prefabs/EA_Fruit_01d_Default.prefab
  artifactKey: Guid(bdb4fffd60e30a64ca9dd07cb1a74d06) Importer(815301076,1909f56bfc062723c751e8b465ee728b)
Start importing Assets/EmaceArt_LavaPlant/Prefabs/EA_Fruit_01d_Default.prefab using Guid(bdb4fffd60e30a64ca9dd07cb1a74d06) Importer(815301076,1909f56bfc062723c751e8b465ee728b)  -> (artifact id: '3f4e0fb4fad4549a67c493ecc401d762') in 0.019025 seconds 
========================================================================
Received Import Request.
  Time since last request: 6.936959 seconds.
  path: Assets/Low Poly Environment Starter Kit
  artifactKey: Guid(85b0c2cd4d778e7499f1f79b96610f57) Importer(815301076,1909f56bfc062723c751e8b465ee728b)
Start importing Assets/Low Poly Environment Starter Kit using Guid(85b0c2cd4d778e7499f1f79b96610f57) Importer(815301076,1909f56bfc062723c751e8b465ee728b)  -> (artifact id: 'c9e9071012a130be3cdf7a1652dc7d00') in 0.008059 seconds 
========================================================================
Received Import Request.
  Time since last request: 1.649763 seconds.
  path: Assets/Low Poly Environment Starter Kit/Documentation.pdf
  artifactKey: Guid(a510258327dcbeb4c84162ebd208a82c) Importer(815301076,1909f56bfc062723c751e8b465ee728b)
Start importing Assets/Low Poly Environment Starter Kit/Documentation.pdf using Guid(a510258327dcbeb4c84162ebd208a82c) Importer(815301076,1909f56bfc062723c751e8b465ee728b)  -> (artifact id: '5b2d0c29468e4eb246b5324d0c173501') in 0.173614 seconds 
========================================================================
Received Import Request.
  Time since last request: 9.893571 seconds.
  path: Assets/Low Poly Environment Starter Kit/Source
  artifactKey: Guid(789887aa72b18b348b07a7ec4daf528d) Importer(815301076,1909f56bfc062723c751e8b465ee728b)
Start importing Assets/Low Poly Environment Starter Kit/Source using Guid(789887aa72b18b348b07a7ec4daf528d) Importer(815301076,1909f56bfc062723c751e8b465ee728b)  -> (artifact id: 'db6b82732fbb964c51367942e8f08e0a') in 0.007657 seconds 
========================================================================
Received Import Request.
  Time since last request: 1.143026 seconds.
  path: Assets/Low Poly Environment Starter Kit/Demo_Scene_URP
  artifactKey: Guid(9ded249053538ae4a9b74793e58729c6) Importer(815301076,1909f56bfc062723c751e8b465ee728b)
Start importing Assets/Low Poly Environment Starter Kit/Demo_Scene_URP using Guid(9ded249053538ae4a9b74793e58729c6) Importer(815301076,1909f56bfc062723c751e8b465ee728b)  -> (artifact id: '376147aeb16d7a534602bec83d49d1b7') in 0.007177 seconds 
========================================================================
Received Import Request.
  Time since last request: 0.047637 seconds.
  path: Assets/Low Poly Environment Starter Kit/Demo_Scene_URP/Box Volume Profile.asset
  artifactKey: Guid(4d57c4e8d88ba984ba5fc6014486db72) Importer(815301076,1909f56bfc062723c751e8b465ee728b)
Start importing Assets/Low Poly Environment Starter Kit/Demo_Scene_URP/Box Volume Profile.asset using Guid(4d57c4e8d88ba984ba5fc6014486db72) Importer(815301076,1909f56bfc062723c751e8b465ee728b)  -> (artifact id: 'b37fc2cd07cd189b1261fb041b7f9869') in 0.006595 seconds 
========================================================================
Received Import Request.
  Time since last request: 1.647301 seconds.
  path: Assets/Low Poly Environment Starter Kit/Demo_Scene_URP/Demo_Scene.unity
  artifactKey: Guid(81ee5c850529eca4b8f11700573892ed) Importer(815301076,1909f56bfc062723c751e8b465ee728b)
Start importing Assets/Low Poly Environment Starter Kit/Demo_Scene_URP/Demo_Scene.unity using Guid(81ee5c850529eca4b8f11700573892ed) Importer(815301076,1909f56bfc062723c751e8b465ee728b)  -> (artifact id: 'f2216806fe15cebb6b2f64a4f3bb512d') in 0.007760 seconds 
========================================================================
Received Import Request.
  Time since last request: 44.178517 seconds.
  path: Assets/Low Poly Environment Starter Kit/Prefabs
  artifactKey: Guid(b4d4679356162784c892d878a01f42a6) Importer(815301076,1909f56bfc062723c751e8b465ee728b)
Start importing Assets/Low Poly Environment Starter Kit/Prefabs using Guid(b4d4679356162784c892d878a01f42a6) Importer(815301076,1909f56bfc062723c751e8b465ee728b)  -> (artifact id: 'f5d267907633e7afd1f7748c587da0e4') in 0.007032 seconds 
========================================================================
Received Import Request.
  Time since last request: 0.909822 seconds.
  path: Assets/Low Poly Environment Starter Kit/Prefabs/URP
  artifactKey: Guid(42f2984dff8024046b250ac5f74a45de) Importer(815301076,1909f56bfc062723c751e8b465ee728b)
Start importing Assets/Low Poly Environment Starter Kit/Prefabs/URP using Guid(42f2984dff8024046b250ac5f74a45de) Importer(815301076,1909f56bfc062723c751e8b465ee728b)  -> (artifact id: 'a1d80c866b2cdccf2cb6e6b98da6b33d') in 0.008466 seconds 
========================================================================
Received Import Request.
  Time since last request: 2.329605 seconds.
  path: Assets/Low Poly Environment Starter Kit/Prefabs/URP/Terrains
  artifactKey: Guid(2357f786fc75e6044a5fe655a089898d) Importer(815301076,1909f56bfc062723c751e8b465ee728b)
Start importing Assets/Low Poly Environment Starter Kit/Prefabs/URP/Terrains using Guid(2357f786fc75e6044a5fe655a089898d) Importer(815301076,1909f56bfc062723c751e8b465ee728b)  -> (artifact id: '2040d1f5b8a6e4ff63925dce81f71b00') in 0.007844 seconds 
========================================================================
Received Import Request.
  Time since last request: 0.037033 seconds.
  path: Assets/Low Poly Environment Starter Kit/Prefabs/URP/Terrains/Canyon.prefab
  artifactKey: Guid(95ff6f57e8fb08e4c9c38b8580fe83c1) Importer(815301076,1909f56bfc062723c751e8b465ee728b)
Start importing Assets/Low Poly Environment Starter Kit/Prefabs/URP/Terrains/Canyon.prefab using Guid(95ff6f57e8fb08e4c9c38b8580fe83c1) Importer(815301076,1909f56bfc062723c751e8b465ee728b)  -> (artifact id: '2314fed59f0a50ff3fd4654fadc39afd') in 0.032581 seconds 
========================================================================
Received Import Request.
  Time since last request: 0.000018 seconds.
  path: Assets/Low Poly Environment Starter Kit/Prefabs/URP/Terrains/Mountain 1.prefab
  artifactKey: Guid(3dd7d59de8a84b94d842f97035616245) Importer(815301076,1909f56bfc062723c751e8b465ee728b)
Start importing Assets/Low Poly Environment Starter Kit/Prefabs/URP/Terrains/Mountain 1.prefab using Guid(3dd7d59de8a84b94d842f97035616245) Importer(815301076,1909f56bfc062723c751e8b465ee728b)  -> (artifact id: 'b9fbaa6b9675dca15084928b7568d3fc') in 0.018112 seconds 
========================================================================
Received Import Request.
  Time since last request: 0.000022 seconds.
  path: Assets/Low Poly Environment Starter Kit/Prefabs/URP/Terrains/Lake.prefab
  artifactKey: Guid(74b914677bbfa914daea0970c81540a5) Importer(815301076,1909f56bfc062723c751e8b465ee728b)
Start importing Assets/Low Poly Environment Starter Kit/Prefabs/URP/Terrains/Lake.prefab using Guid(74b914677bbfa914daea0970c81540a5) Importer(815301076,1909f56bfc062723c751e8b465ee728b)  -> (artifact id: '691fc227278f59abfc12c1c05f34ef43') in 0.064417 seconds 
========================================================================
Received Import Request.
  Time since last request: 0.000022 seconds.
  path: Assets/Low Poly Environment Starter Kit/Prefabs/URP/Terrains/Mountain 2.prefab
  artifactKey: Guid(8528a0df0a1c66c4cbba840cdf73c3c8) Importer(815301076,1909f56bfc062723c751e8b465ee728b)
Start importing Assets/Low Poly Environment Starter Kit/Prefabs/URP/Terrains/Mountain 2.prefab using Guid(8528a0df0a1c66c4cbba840cdf73c3c8) Importer(815301076,1909f56bfc062723c751e8b465ee728b)  -> (artifact id: 'd904fb587d4afca175edcb7b6748170d') in 0.012847 seconds 
========================================================================
Received Import Request.
  Time since last request: 0.000023 seconds.
  path: Assets/Low Poly Environment Starter Kit/Prefabs/URP/Terrains/Mountain 3.prefab
  artifactKey: Guid(b8e9d2cf1888d9143a2ea575bae4cc8f) Importer(815301076,1909f56bfc062723c751e8b465ee728b)
Start importing Assets/Low Poly Environment Starter Kit/Prefabs/URP/Terrains/Mountain 3.prefab using Guid(b8e9d2cf1888d9143a2ea575bae4cc8f) Importer(815301076,1909f56bfc062723c751e8b465ee728b)  -> (artifact id: 'ed9143c5fa6d96962bc1f377b5afae78') in 0.012994 seconds 
========================================================================
Received Import Request.
  Time since last request: 2.398279 seconds.
  path: Assets/Low Poly Environment Starter Kit/Prefabs/URP/Trees
  artifactKey: Guid(b8ee01177c5e43943853f961304624f0) Importer(815301076,1909f56bfc062723c751e8b465ee728b)
Start importing Assets/Low Poly Environment Starter Kit/Prefabs/URP/Trees using Guid(b8ee01177c5e43943853f961304624f0) Importer(815301076,1909f56bfc062723c751e8b465ee728b)  -> (artifact id: '744ca20208d3e29b55ecd0a32ae5c7d0') in 0.002322 seconds 
========================================================================
Received Import Request.
  Time since last request: 0.059931 seconds.
  path: Assets/Low Poly Environment Starter Kit/Prefabs/URP/Trees/Pine 1.prefab
  artifactKey: Guid(cae27e3850d0c804290a044c9e70d6f0) Importer(815301076,1909f56bfc062723c751e8b465ee728b)
Start importing Assets/Low Poly Environment Starter Kit/Prefabs/URP/Trees/Pine 1.prefab using Guid(cae27e3850d0c804290a044c9e70d6f0) Importer(815301076,1909f56bfc062723c751e8b465ee728b)  -> (artifact id: '722b2d4ce4928c17f2239dd30a88a166') in 0.018456 seconds 
========================================================================
Received Import Request.
  Time since last request: 0.000022 seconds.
  path: Assets/Low Poly Environment Starter Kit/Prefabs/URP/Trees/Tree 1.prefab
  artifactKey: Guid(349b27658057d8b4abd803139815d0d7) Importer(815301076,1909f56bfc062723c751e8b465ee728b)
Start importing Assets/Low Poly Environment Starter Kit/Prefabs/URP/Trees/Tree 1.prefab using Guid(349b27658057d8b4abd803139815d0d7) Importer(815301076,1909f56bfc062723c751e8b465ee728b)  -> (artifact id: 'e0fae47d85102b343c658be166a1e907') in 0.019250 seconds 
========================================================================
Received Import Request.
  Time since last request: 0.000027 seconds.
  path: Assets/Low Poly Environment Starter Kit/Prefabs/URP/Trees/Tree 3.prefab
  artifactKey: Guid(9fe8f4ee2f072ef48b225626a9556d6b) Importer(815301076,1909f56bfc062723c751e8b465ee728b)
Start importing Assets/Low Poly Environment Starter Kit/Prefabs/URP/Trees/Tree 3.prefab using Guid(9fe8f4ee2f072ef48b225626a9556d6b) Importer(815301076,1909f56bfc062723c751e8b465ee728b)  -> (artifact id: 'da63b4aa5e519fcfff017ad08b578efb') in 0.018958 seconds 
========================================================================
Received Import Request.
  Time since last request: 0.000021 seconds.
  path: Assets/Low Poly Environment Starter Kit/Prefabs/URP/Trees/Pine 4.prefab
  artifactKey: Guid(9c62758f974dbcb409d18cf6eea7e71a) Importer(815301076,1909f56bfc062723c751e8b465ee728b)
Start importing Assets/Low Poly Environment Starter Kit/Prefabs/URP/Trees/Pine 4.prefab using Guid(9c62758f974dbcb409d18cf6eea7e71a) Importer(815301076,1909f56bfc062723c751e8b465ee728b)  -> (artifact id: '44af58fc5ed96400a88e5f72229dcc50') in 0.018451 seconds 
========================================================================
Received Import Request.
  Time since last request: 0.000017 seconds.
  path: Assets/Low Poly Environment Starter Kit/Prefabs/URP/Trees/Tree 5.prefab
  artifactKey: Guid(d6bd4e2c96dcf5648926c8d3b4840170) Importer(815301076,1909f56bfc062723c751e8b465ee728b)
Start importing Assets/Low Poly Environment Starter Kit/Prefabs/URP/Trees/Tree 5.prefab using Guid(d6bd4e2c96dcf5648926c8d3b4840170) Importer(815301076,1909f56bfc062723c751e8b465ee728b)  -> (artifact id: '0d308c0bdb67eff05ef40ee8fcc142c2') in 0.020683 seconds 
========================================================================
Received Import Request.
  Time since last request: 0.000018 seconds.
  path: Assets/Low Poly Environment Starter Kit/Prefabs/URP/Trees/Pine 5.prefab
  artifactKey: Guid(0219044f309a5d94281b70ce19167893) Importer(815301076,1909f56bfc062723c751e8b465ee728b)
Start importing Assets/Low Poly Environment Starter Kit/Prefabs/URP/Trees/Pine 5.prefab using Guid(0219044f309a5d94281b70ce19167893) Importer(815301076,1909f56bfc062723c751e8b465ee728b)  -> (artifact id: '00a8343ef13ef187cbb5e18221cf69ae') in 0.019839 seconds 
========================================================================
Received Import Request.
  Time since last request: 0.000024 seconds.
  path: Assets/Low Poly Environment Starter Kit/Prefabs/URP/Trees/Tree 6.prefab
  artifactKey: Guid(b0481f62b0d3d084db3f82bab4650c50) Importer(815301076,1909f56bfc062723c751e8b465ee728b)
Start importing Assets/Low Poly Environment Starter Kit/Prefabs/URP/Trees/Tree 6.prefab using Guid(b0481f62b0d3d084db3f82bab4650c50) Importer(815301076,1909f56bfc062723c751e8b465ee728b)  -> (artifact id: '806737815b664bc5c4b5ab40cbc71b81') in 0.023691 seconds 
========================================================================
Received Import Request.
  Time since last request: 2.172092 seconds.
  path: Assets/Low Poly Environment Starter Kit/Prefabs/URP/Rocks/Rock 2.prefab
  artifactKey: Guid(f1171190d8969d445b0d36f4130e0ec4) Importer(815301076,1909f56bfc062723c751e8b465ee728b)
Start importing Assets/Low Poly Environment Starter Kit/Prefabs/URP/Rocks/Rock 2.prefab using Guid(f1171190d8969d445b0d36f4130e0ec4) Importer(815301076,1909f56bfc062723c751e8b465ee728b)  -> (artifact id: '44729552078520492ecab7e53fca60a3') in 0.021165 seconds 
========================================================================
Received Import Request.
  Time since last request: 0.000013 seconds.
  path: Assets/Low Poly Environment Starter Kit/Prefabs/URP/Rocks/Rock 5.prefab
  artifactKey: Guid(b0af5191633fdd346a14b66abe9748f2) Importer(815301076,1909f56bfc062723c751e8b465ee728b)
Start importing Assets/Low Poly Environment Starter Kit/Prefabs/URP/Rocks/Rock 5.prefab using Guid(b0af5191633fdd346a14b66abe9748f2) Importer(815301076,1909f56bfc062723c751e8b465ee728b)  -> (artifact id: '5244af5a0e7a3e486b7045efa73b5f64') in 0.018034 seconds 
========================================================================
Received Import Request.
  Time since last request: 0.000023 seconds.
  path: Assets/Low Poly Environment Starter Kit/Prefabs/URP/Rocks/Rock 9.prefab
  artifactKey: Guid(f53964fc15f727846999dc6a91abb2be) Importer(815301076,1909f56bfc062723c751e8b465ee728b)
Start importing Assets/Low Poly Environment Starter Kit/Prefabs/URP/Rocks/Rock 9.prefab using Guid(f53964fc15f727846999dc6a91abb2be) Importer(815301076,1909f56bfc062723c751e8b465ee728b)  -> (artifact id: 'd0e6b224f206cfd6dafdd666454697a0') in 0.017183 seconds 
========================================================================
Received Import Request.
  Time since last request: 0.000024 seconds.
  path: Assets/Low Poly Environment Starter Kit/Prefabs/URP/Rocks/Rock Pile 1.prefab
  artifactKey: Guid(9fd89c45bf7e1304088137c6ba34dbb0) Importer(815301076,1909f56bfc062723c751e8b465ee728b)
Start importing Assets/Low Poly Environment Starter Kit/Prefabs/URP/Rocks/Rock Pile 1.prefab using Guid(9fd89c45bf7e1304088137c6ba34dbb0) Importer(815301076,1909f56bfc062723c751e8b465ee728b)  -> (artifact id: '03f25e955543cd2950918c2f84573c4f') in 0.022316 seconds 
========================================================================
Received Import Request.
  Time since last request: 0.000018 seconds.
  path: Assets/Low Poly Environment Starter Kit/Prefabs/URP/Rocks/Rock 11.prefab
  artifactKey: Guid(718e3e11005424c4ba3424fe9faaa329) Importer(815301076,1909f56bfc062723c751e8b465ee728b)
Start importing Assets/Low Poly Environment Starter Kit/Prefabs/URP/Rocks/Rock 11.prefab using Guid(718e3e11005424c4ba3424fe9faaa329) Importer(815301076,1909f56bfc062723c751e8b465ee728b)  -> (artifact id: '631deddf9a2fa7ac2ca609396ac5dc66') in 0.016814 seconds 
========================================================================
Received Import Request.
  Time since last request: 0.000019 seconds.
  path: Assets/Low Poly Environment Starter Kit/Prefabs/URP/Rocks/Rock 12.prefab
  artifactKey: Guid(ed41a6a40091ae14f96a08fbbbda0411) Importer(815301076,1909f56bfc062723c751e8b465ee728b)
Start importing Assets/Low Poly Environment Starter Kit/Prefabs/URP/Rocks/Rock 12.prefab using Guid(ed41a6a40091ae14f96a08fbbbda0411) Importer(815301076,1909f56bfc062723c751e8b465ee728b)  -> (artifact id: '1aaf4d06874462e6666882e45b8d063c') in 0.019541 seconds 
========================================================================
Received Import Request.
  Time since last request: 0.000019 seconds.
  path: Assets/Low Poly Environment Starter Kit/Prefabs/URP/Rocks/Rock 7.prefab
  artifactKey: Guid(d05325e6996e872419019732762eb178) Importer(815301076,1909f56bfc062723c751e8b465ee728b)
Start importing Assets/Low Poly Environment Starter Kit/Prefabs/URP/Rocks/Rock 7.prefab using Guid(d05325e6996e872419019732762eb178) Importer(815301076,1909f56bfc062723c751e8b465ee728b)  -> (artifact id: 'ac47a605348700aa3ccea6b579b4f247') in 0.016320 seconds 
========================================================================
Received Import Request.
  Time since last request: 2.689536 seconds.
  path: Assets/Low Poly Environment Starter Kit/Prefabs/HDRP/Terrains/Field.prefab
  artifactKey: Guid(0071e96de91e23240803086a62892fce) Importer(815301076,1909f56bfc062723c751e8b465ee728b)
Start importing Assets/Low Poly Environment Starter Kit/Prefabs/HDRP/Terrains/Field.prefab using Guid(0071e96de91e23240803086a62892fce) Importer(815301076,1909f56bfc062723c751e8b465ee728b)  -> (artifact id: '4720b4caa46f96c892c4f534290fe36f') in 0.040278 seconds 
========================================================================
Received Import Request.
  Time since last request: 0.000025 seconds.
  path: Assets/Low Poly Environment Starter Kit/Prefabs/HDRP/Terrains/Lake.prefab
  artifactKey: Guid(c3d1568b5301c864da44c88b4550c420) Importer(815301076,1909f56bfc062723c751e8b465ee728b)
Start importing Assets/Low Poly Environment Starter Kit/Prefabs/HDRP/Terrains/Lake.prefab using Guid(c3d1568b5301c864da44c88b4550c420) Importer(815301076,1909f56bfc062723c751e8b465ee728b)  -> (artifact id: '9cdb0ba5b94cca5ee7ec8b8f316ae7e9') in 0.030940 seconds 
========================================================================
Received Import Request.
  Time since last request: 24.222930 seconds.
  path: Assets/Low Poly Environment Starter Kit/Prefabs/HDRP/Rocks/Rock 2.prefab
  artifactKey: Guid(8679deda0f8f2fe49a00281046f668bb) Importer(815301076,1909f56bfc062723c751e8b465ee728b)
Start importing Assets/Low Poly Environment Starter Kit/Prefabs/HDRP/Rocks/Rock 2.prefab using Guid(8679deda0f8f2fe49a00281046f668bb) Importer(815301076,1909f56bfc062723c751e8b465ee728b)  -> (artifact id: 'cb7fc3cca419d6548c8da1da5a20ffea') in 0.012324 seconds 
========================================================================
Received Import Request.
  Time since last request: 0.000017 seconds.
  path: Assets/Low Poly Environment Starter Kit/Prefabs/HDRP/Rocks/Rock 5.prefab
  artifactKey: Guid(69b4467e5f101614bb3bdeba2d78e579) Importer(815301076,1909f56bfc062723c751e8b465ee728b)
Start importing Assets/Low Poly Environment Starter Kit/Prefabs/HDRP/Rocks/Rock 5.prefab using Guid(69b4467e5f101614bb3bdeba2d78e579) Importer(815301076,1909f56bfc062723c751e8b465ee728b)  -> (artifact id: 'e79d5fe032c2be82c684b8bd9dce1b05') in 0.007656 seconds 
========================================================================
Received Import Request.
  Time since last request: 0.002170 seconds.
  path: Assets/Low Poly Environment Starter Kit/Prefabs/HDRP/Rocks/Rock 8.prefab
  artifactKey: Guid(fb578c961e8c1494fa68664f73879319) Importer(815301076,1909f56bfc062723c751e8b465ee728b)
Start importing Assets/Low Poly Environment Starter Kit/Prefabs/HDRP/Rocks/Rock 8.prefab using Guid(fb578c961e8c1494fa68664f73879319) Importer(815301076,1909f56bfc062723c751e8b465ee728b)  -> (artifact id: '222a80e258c49e55e24bbaeb18b5528e') in 0.011526 seconds 
========================================================================
Received Import Request.
  Time since last request: 0.000019 seconds.
  path: Assets/Low Poly Environment Starter Kit/Prefabs/HDRP/Rocks/Rock 11.prefab
  artifactKey: Guid(c21822524dde38649a3229b4ac62996e) Importer(815301076,1909f56bfc062723c751e8b465ee728b)
Start importing Assets/Low Poly Environment Starter Kit/Prefabs/HDRP/Rocks/Rock 11.prefab using Guid(c21822524dde38649a3229b4ac62996e) Importer(815301076,1909f56bfc062723c751e8b465ee728b)  -> (artifact id: 'f0a0d6703be6160395d011f50957c327') in 0.009997 seconds 
========================================================================
Received Import Request.
  Time since last request: 0.001021 seconds.
  path: Assets/Low Poly Environment Starter Kit/Prefabs/HDRP/Rocks/Rock Pile 1.prefab
  artifactKey: Guid(4bac1fb2510336345b46d088ec78919f) Importer(815301076,1909f56bfc062723c751e8b465ee728b)
Start importing Assets/Low Poly Environment Starter Kit/Prefabs/HDRP/Rocks/Rock Pile 1.prefab using Guid(4bac1fb2510336345b46d088ec78919f) Importer(815301076,1909f56bfc062723c751e8b465ee728b)  -> (artifact id: 'd7ca91bad3b4a455f68f389d3496bf1f') in 0.016732 seconds 
========================================================================
Received Import Request.
  Time since last request: 4.994651 seconds.
  path: Assets/Low Poly Environment Starter Kit/Prefabs/HDRP/Trees/Pine 2.prefab
  artifactKey: Guid(7afd978917ba8d544aed52a49e3e202a) Importer(815301076,1909f56bfc062723c751e8b465ee728b)
Start importing Assets/Low Poly Environment Starter Kit/Prefabs/HDRP/Trees/Pine 2.prefab using Guid(7afd978917ba8d544aed52a49e3e202a) Importer(815301076,1909f56bfc062723c751e8b465ee728b)  -> (artifact id: 'e4a4435d9b34e097d3976a6903d2d91f') in 0.015700 seconds 
========================================================================
Received Import Request.
  Time since last request: 0.000027 seconds.
  path: Assets/Low Poly Environment Starter Kit/Prefabs/HDRP/Trees/Pine 4.prefab
  artifactKey: Guid(2778434730a50a040aa114d10be2f262) Importer(815301076,1909f56bfc062723c751e8b465ee728b)
Start importing Assets/Low Poly Environment Starter Kit/Prefabs/HDRP/Trees/Pine 4.prefab using Guid(2778434730a50a040aa114d10be2f262) Importer(815301076,1909f56bfc062723c751e8b465ee728b)  -> (artifact id: '9f3d2ed3333ed654274283bff2442386') in 0.011117 seconds 
========================================================================
Received Import Request.
  Time since last request: 0.000019 seconds.
  path: Assets/Low Poly Environment Starter Kit/Prefabs/HDRP/Trees/Tree 1.prefab
  artifactKey: Guid(2c532b5805b32c14697d04ce6df209f2) Importer(815301076,1909f56bfc062723c751e8b465ee728b)
Start importing Assets/Low Poly Environment Starter Kit/Prefabs/HDRP/Trees/Tree 1.prefab using Guid(2c532b5805b32c14697d04ce6df209f2) Importer(815301076,1909f56bfc062723c751e8b465ee728b)  -> (artifact id: '13cf572a623de8c49c8387a3bd62f9a2') in 0.009623 seconds 
========================================================================
Received Import Request.
  Time since last request: 0.000025 seconds.
  path: Assets/Low Poly Environment Starter Kit/Prefabs/HDRP/Trees/Tree 4.prefab
  artifactKey: Guid(fa6350277197a7640bdecf19d1092b5b) Importer(815301076,1909f56bfc062723c751e8b465ee728b)
Start importing Assets/Low Poly Environment Starter Kit/Prefabs/HDRP/Trees/Tree 4.prefab using Guid(fa6350277197a7640bdecf19d1092b5b) Importer(815301076,1909f56bfc062723c751e8b465ee728b)  -> (artifact id: '7513fce4992398adc49adce408866dc7') in 0.008920 seconds 
========================================================================
Received Import Request.
  Time since last request: 0.000017 seconds.
  path: Assets/Low Poly Environment Starter Kit/Prefabs/HDRP/Trees/Tree 7.prefab
  artifactKey: Guid(3c60d69028afa424095d52a8b697c97e) Importer(815301076,1909f56bfc062723c751e8b465ee728b)
Start importing Assets/Low Poly Environment Starter Kit/Prefabs/HDRP/Trees/Tree 7.prefab using Guid(3c60d69028afa424095d52a8b697c97e) Importer(815301076,1909f56bfc062723c751e8b465ee728b)  -> (artifact id: 'b891116e5bb5b0d249ec0d13be6a15c1') in 0.011461 seconds 
========================================================================
Received Import Request.
  Time since last request: 2.837633 seconds.
  path: Assets/Low Poly Environment Starter Kit/Prefabs/Standard/Rocks/Rock 2.prefab
  artifactKey: Guid(57ed58afc8891834b9b6c7ad9b867e4b) Importer(815301076,1909f56bfc062723c751e8b465ee728b)
Start importing Assets/Low Poly Environment Starter Kit/Prefabs/Standard/Rocks/Rock 2.prefab using Guid(57ed58afc8891834b9b6c7ad9b867e4b) Importer(815301076,1909f56bfc062723c751e8b465ee728b)  -> (artifact id: 'e50d8fb275c80d388335bb00ab1028d2') in 0.015270 seconds 
========================================================================
Received Import Request.
  Time since last request: 0.000021 seconds.
  path: Assets/Low Poly Environment Starter Kit/Prefabs/Standard/Rocks/Rock 5.prefab
  artifactKey: Guid(0809901cc7328194c9e48b6df1696026) Importer(815301076,1909f56bfc062723c751e8b465ee728b)
Start importing Assets/Low Poly Environment Starter Kit/Prefabs/Standard/Rocks/Rock 5.prefab using Guid(0809901cc7328194c9e48b6df1696026) Importer(815301076,1909f56bfc062723c751e8b465ee728b)  -> (artifact id: '084ec68d863658707844bce5961259f3') in 0.013065 seconds 
========================================================================
Received Import Request.
  Time since last request: 0.000016 seconds.
  path: Assets/Low Poly Environment Starter Kit/Prefabs/Standard/Rocks/Rock 8.prefab
  artifactKey: Guid(916478557447f5b43aaf1267f490ff88) Importer(815301076,1909f56bfc062723c751e8b465ee728b)
Start importing Assets/Low Poly Environment Starter Kit/Prefabs/Standard/Rocks/Rock 8.prefab using Guid(916478557447f5b43aaf1267f490ff88) Importer(815301076,1909f56bfc062723c751e8b465ee728b)  -> (artifact id: 'b6e6cd5c05214a092c1b51097d1c4dbf') in 0.012164 seconds 
========================================================================
Received Import Request.
  Time since last request: 0.000017 seconds.
  path: Assets/Low Poly Environment Starter Kit/Prefabs/Standard/Rocks/Rock 10.prefab
  artifactKey: Guid(920c086aa0351304aad78c77cfbc1461) Importer(815301076,1909f56bfc062723c751e8b465ee728b)
Start importing Assets/Low Poly Environment Starter Kit/Prefabs/Standard/Rocks/Rock 10.prefab using Guid(920c086aa0351304aad78c77cfbc1461) Importer(815301076,1909f56bfc062723c751e8b465ee728b)  -> (artifact id: 'f76e37a4c82c580f162f229b8b1ad398') in 0.012912 seconds 
========================================================================
Received Import Request.
  Time since last request: 0.000020 seconds.
  path: Assets/Low Poly Environment Starter Kit/Prefabs/Standard/Rocks/Rock Pile 1.prefab
  artifactKey: Guid(c03f07a84af9a4a40b8b9f9aa25a070a) Importer(815301076,1909f56bfc062723c751e8b465ee728b)
Start importing Assets/Low Poly Environment Starter Kit/Prefabs/Standard/Rocks/Rock Pile 1.prefab using Guid(c03f07a84af9a4a40b8b9f9aa25a070a) Importer(815301076,1909f56bfc062723c751e8b465ee728b)  -> (artifact id: 'eed9e887feb1e9544cbacbd992694637') in 0.014244 seconds 
========================================================================
Received Import Request.
  Time since last request: 0.000024 seconds.
  path: Assets/Low Poly Environment Starter Kit/Prefabs/Standard/Rocks/Rock Pile 2.prefab
  artifactKey: Guid(d2f665b7036709b4ea1c58074942c454) Importer(815301076,1909f56bfc062723c751e8b465ee728b)
Start importing Assets/Low Poly Environment Starter Kit/Prefabs/Standard/Rocks/Rock Pile 2.prefab using Guid(d2f665b7036709b4ea1c58074942c454) Importer(815301076,1909f56bfc062723c751e8b465ee728b)  -> (artifact id: '7071d41054728c8f74a59cc48785352d') in 0.015288 seconds 
========================================================================
Received Import Request.
  Time since last request: 8.282341 seconds.
  path: Assets/Low Poly Environment Starter Kit/Prefabs/Standard/Trees/Pine 2.prefab
  artifactKey: Guid(8f9ba795b7b2cc447a11bc8f5d525f38) Importer(815301076,1909f56bfc062723c751e8b465ee728b)
Start importing Assets/Low Poly Environment Starter Kit/Prefabs/Standard/Trees/Pine 2.prefab using Guid(8f9ba795b7b2cc447a11bc8f5d525f38) Importer(815301076,1909f56bfc062723c751e8b465ee728b)  -> (artifact id: 'bae949329b0cb7b40ce1de0ddcc89a2d') in 0.025178 seconds 
========================================================================
Received Import Request.
  Time since last request: 0.000018 seconds.
  path: Assets/Low Poly Environment Starter Kit/Prefabs/Standard/Trees/Tree 1.prefab
  artifactKey: Guid(abd7bfb0d3fd5a348a745a6585dc01a9) Importer(815301076,1909f56bfc062723c751e8b465ee728b)
Start importing Assets/Low Poly Environment Starter Kit/Prefabs/Standard/Trees/Tree 1.prefab using Guid(abd7bfb0d3fd5a348a745a6585dc01a9) Importer(815301076,1909f56bfc062723c751e8b465ee728b)  -> (artifact id: '1d5e50f779ed835cbeb896f194195808') in 0.024583 seconds 
========================================================================
Received Import Request.
  Time since last request: 0.000028 seconds.
  path: Assets/Low Poly Environment Starter Kit/Prefabs/Standard/Trees/Tree 6.prefab
  artifactKey: Guid(592e4b3b537c0544394e72880ee78009) Importer(815301076,1909f56bfc062723c751e8b465ee728b)
Start importing Assets/Low Poly Environment Starter Kit/Prefabs/Standard/Trees/Tree 6.prefab using Guid(592e4b3b537c0544394e72880ee78009) Importer(815301076,1909f56bfc062723c751e8b465ee728b)  -> (artifact id: '0854857cfe63db46ece99c7b7108ec05') in 0.013802 seconds 
========================================================================
Received Import Request.
  Time since last request: 0.000021 seconds.
  path: Assets/Low Poly Environment Starter Kit/Prefabs/Standard/Trees/Tree 3.prefab
  artifactKey: Guid(5d7fbebcbe27e29468ebe80336195016) Importer(815301076,1909f56bfc062723c751e8b465ee728b)
Start importing Assets/Low Poly Environment Starter Kit/Prefabs/Standard/Trees/Tree 3.prefab using Guid(5d7fbebcbe27e29468ebe80336195016) Importer(815301076,1909f56bfc062723c751e8b465ee728b)  -> (artifact id: '3f18ea264b1ddafcfe17809ae5b15bfd') in 0.017181 seconds 
Editor requested this worker to shutdown with reason: Scaling down because of idle timeout
AssetImportWorker is now disconnected from the server
Process exiting
Exiting without the bug reporter. Application will terminate with return code 0