Using pre-set license
Built from '2021.3/staging' branch; Version is '2021.3.26f1 (a16dc32e0ff2) revision 10579395'; Using compiler version '192829333'; Build Type 'Release'
OS: 'Windows 10  (10.0.19045) 64bit Core' Language: 'ru' Physical Memory: 32689 MB
BatchMode: 1, IsHumanControllingUs: 0, StartBugReporterOnCrash: 0, Is64bit: 1, IsPro: 1

COMMAND LINE ARGUMENTS:
C:\Program Files\Unity 2021.3.26f1\Editor\Unity.exe
-adb2
-batchMode
-noUpm
-name
AssetImportWorker0
-projectPath
C:/Users/Неместный/Documents/GitHub/Test-Project-for-Garden-Of-Draems
-logFile
Logs/AssetImportWorker0.log
-srvPort
5462
Successfully changed project path to: C:/Users/Неместный/Documents/GitHub/Test-Project-for-Garden-Of-Draems
C:/Users/Неместный/Documents/GitHub/Test-Project-for-Garden-Of-Draems
[UnityMemory] Configuration Parameters - Can be set up in boot.config
    "memorysetup-bucket-allocator-granularity=16"
    "memorysetup-bucket-allocator-bucket-count=8"
    "memorysetup-bucket-allocator-block-size=33554432"
    "memorysetup-bucket-allocator-block-count=8"
    "memorysetup-main-allocator-block-size=16777216"
    "memorysetup-thread-allocator-block-size=16777216"
    "memorysetup-gfx-main-allocator-block-size=16777216"
    "memorysetup-gfx-thread-allocator-block-size=16777216"
    "memorysetup-cache-allocator-block-size=4194304"
    "memorysetup-typetree-allocator-block-size=2097152"
    "memorysetup-profiler-bucket-allocator-granularity=16"
    "memorysetup-profiler-bucket-allocator-bucket-count=8"
    "memorysetup-profiler-bucket-allocator-block-size=33554432"
    "memorysetup-profiler-bucket-allocator-block-count=8"
    "memorysetup-profiler-allocator-block-size=16777216"
    "memorysetup-profiler-editor-allocator-block-size=1048576"
    "memorysetup-temp-allocator-size-main=16777216"
    "memorysetup-job-temp-allocator-block-size=2097152"
    "memorysetup-job-temp-allocator-block-size-background=1048576"
    "memorysetup-job-temp-allocator-reduction-small-platforms=262144"
    "memorysetup-temp-allocator-size-background-worker=32768"
    "memorysetup-temp-allocator-size-job-worker=262144"
    "memorysetup-temp-allocator-size-preload-manager=33554432"
    "memorysetup-temp-allocator-size-nav-mesh-worker=65536"
    "memorysetup-temp-allocator-size-audio-worker=65536"
    "memorysetup-temp-allocator-size-cloud-worker=32768"
    "memorysetup-temp-allocator-size-gi-baking-worker=262144"
    "memorysetup-temp-allocator-size-gfx=262144"
Player connection [16276] Host "[IP] 192.168.0.100 [Port] 0 [Flags] 2 [Guid] 271495703 [EditorId] 271495703 [Version] 1048832 [Id] WindowsEditor(7,DESKTOP-MLAPK4M) [Debug] 1 [PackageName] WindowsEditor [ProjectName] Editor" joined multi-casting on [225.0.0.222:54997]...

Player connection [16276] Host "[IP] 192.168.0.100 [Port] 0 [Flags] 2 [Guid] 271495703 [EditorId] 271495703 [Version] 1048832 [Id] WindowsEditor(7,DESKTOP-MLAPK4M) [Debug] 1 [PackageName] WindowsEditor [ProjectName] Editor" joined alternative multi-casting on [225.0.0.222:34997]...

Refreshing native plugins compatible for Editor in 62.47 ms, found 3 plugins.
Preloading 0 native plugins for Editor in 0.00 ms.
Initialize engine version: 2021.3.26f1 (a16dc32e0ff2)
[Subsystems] Discovering subsystems at path C:/Program Files/Unity 2021.3.26f1/Editor/Data/Resources/UnitySubsystems
[Subsystems] Discovering subsystems at path C:/Users/Неместный/Documents/GitHub/Test-Project-for-Garden-Of-Draems/Assets
GfxDevice: creating device client; threaded=0; jobified=0
Direct3D:
    Version:  Direct3D 11.0 [level 11.1]
    Renderer: NVIDIA GeForce RTX 2070 SUPER (ID=0x1e84)
    Vendor:   NVIDIA
    VRAM:     8003 MB
    Driver:   31.0.15.3713
Initialize mono
Mono path[0] = 'C:/Program Files/Unity 2021.3.26f1/Editor/Data/Managed'
Mono path[1] = 'C:/Program Files/Unity 2021.3.26f1/Editor/Data/MonoBleedingEdge/lib/mono/unityjit-win32'
Mono config path = 'C:/Program Files/Unity 2021.3.26f1/Editor/Data/MonoBleedingEdge/etc'
Using monoOptions --debugger-agent=transport=dt_socket,embedding=1,server=y,suspend=n,address=127.0.0.1:56136
Begin MonoManager ReloadAssembly
Registering precompiled unity dll's ...
Register platform support module: C:/Program Files/Unity 2021.3.26f1/Editor/Data/PlaybackEngines/WindowsStandaloneSupport/UnityEditor.WindowsStandalone.Extensions.dll
Registered in 0.004561 seconds.
Native extension for WindowsStandalone target not found
Refreshing native plugins compatible for Editor in 73.57 ms, found 3 plugins.
Preloading 0 native plugins for Editor in 0.00 ms.
Mono: successfully reloaded assembly
- Completed reload, in  0.550 seconds
Domain Reload Profiling:
	ReloadAssembly (551ms)
		BeginReloadAssembly (73ms)
			ExecutionOrderSort (0ms)
			DisableScriptedObjects (0ms)
			BackupInstance (0ms)
			ReleaseScriptingObjects (0ms)
			CreateAndSetChildDomain (1ms)
		EndReloadAssembly (390ms)
			LoadAssemblies (72ms)
			RebuildTransferFunctionScriptingTraits (0ms)
			SetupTypeCache (97ms)
			ReleaseScriptCaches (0ms)
			RebuildScriptCaches (24ms)
			SetupLoadedEditorAssemblies (225ms)
				LogAssemblyErrors (0ms)
				InitializePlatformSupportModulesInManaged (7ms)
				SetLoadedEditorAssemblies (0ms)
				RefreshPlugins (74ms)
				BeforeProcessingInitializeOnLoad (1ms)
				ProcessInitializeOnLoadAttributes (104ms)
				ProcessInitializeOnLoadMethodAttributes (39ms)
				AfterProcessingInitializeOnLoad (0ms)
				EditorAssembliesLoaded (0ms)
			ExecutionOrderSort2 (0ms)
			AwakeInstancesAfterBackupRestoration (0ms)
Platform modules already initialized, skipping
Registering precompiled user dll's ...
Registered in 0.006159 seconds.
Begin MonoManager ReloadAssembly
Symbol file LoadedFromMemory doesn't match image C:\Users\Неместный\Documents\GitHub\Test-Project-for-Garden-Of-Draems\Library\PackageCache\com.unity.visualscripting@1.8.0\Editor\VisualScripting.Core\Dependencies\YamlDotNet\Unity.VisualScripting.YamlDotNet.dll
Symbol file LoadedFromMemory doesn't match image C:\Users\Неместный\Documents\GitHub\Test-Project-for-Garden-Of-Draems\Library\PackageCache\com.unity.visualscripting@1.8.0\Editor\VisualScripting.Core\Dependencies\DotNetZip\Unity.VisualScripting.IonicZip.dll
Native extension for WindowsStandalone target not found
Refreshing native plugins compatible for Editor in 0.64 ms, found 3 plugins.
Preloading 0 native plugins for Editor in 0.00 ms.
Mono: successfully reloaded assembly
- Completed reload, in  0.869 seconds
Domain Reload Profiling:
	ReloadAssembly (870ms)
		BeginReloadAssembly (103ms)
			ExecutionOrderSort (0ms)
			DisableScriptedObjects (5ms)
			BackupInstance (0ms)
			ReleaseScriptingObjects (0ms)
			CreateAndSetChildDomain (15ms)
		EndReloadAssembly (673ms)
			LoadAssemblies (80ms)
			RebuildTransferFunctionScriptingTraits (0ms)
			SetupTypeCache (235ms)
			ReleaseScriptCaches (1ms)
			RebuildScriptCaches (39ms)
			SetupLoadedEditorAssemblies (302ms)
				LogAssemblyErrors (0ms)
				InitializePlatformSupportModulesInManaged (4ms)
				SetLoadedEditorAssemblies (0ms)
				RefreshPlugins (1ms)
				BeforeProcessingInitializeOnLoad (69ms)
				ProcessInitializeOnLoadAttributes (197ms)
				ProcessInitializeOnLoadMethodAttributes (23ms)
				AfterProcessingInitializeOnLoad (8ms)
				EditorAssembliesLoaded (0ms)
			ExecutionOrderSort2 (0ms)
			AwakeInstancesAfterBackupRestoration (5ms)
Platform modules already initialized, skipping
========================================================================
Worker process is ready to serve import requests
Launched and connected shader compiler UnityShaderCompiler.exe after 0.04 seconds
Refreshing native plugins compatible for Editor in 0.74 ms, found 3 plugins.
Preloading 0 native plugins for Editor in 0.00 ms.
Unloading 3051 Unused Serialized files (Serialized files now loaded: 0)
Unloading 22 unused Assets / (56.1 KB). Loaded Objects now: 3513.
Memory consumption went from 109.1 MB to 109.1 MB.
Total: 3.270100 ms (FindLiveObjects: 0.365800 ms CreateObjectMapping: 0.098100 ms MarkObjects: 2.733400 ms  DeleteObjects: 0.071700 ms)

AssetImportParameters requested are different than current active one (requested -> active):
  custom:video-decoder-ogg-theora: a1e56fd34408186e4bbccfd4996cb3dc -> 
  custom:container-muxer-webm: aa71ff27fc2769a1b78a27578f13a17b -> 
  custom:container-demuxer-webm: 4f35f7cbe854078d1ac9338744f61a02 -> 
  custom:video-encoder-webm-vp8: eb34c28f22e8b96e1ab97ce403110664 -> 
  custom:audio-encoder-webm-vorbis: bf7c407c2cedff20999df2af8eb42d56 -> 
  custom:framework-win-MediaFoundation: 216162199b28c13a410421893ffa2e32 -> 
  custom:container-demuxer-ogg: 62fdf1f143b41e24485cea50d1cbac27 -> 
  custom:video-decoder-webm-vp8: 9c59270c3fd7afecdb556c50c9e8de78 -> 
  custom:audio-decoder-ogg-vorbis: bf7c407c2cedff20999df2af8eb42d56 -> 
========================================================================
Received Import Request.
  Time since last request: 11490.335282 seconds.
  path: Assets/EmaceArt
  artifactKey: Guid(923e1bba1ef234c4ba5f3c431bd61b31) Importer(815301076,1909f56bfc062723c751e8b465ee728b)
Start importing Assets/EmaceArt using Guid(923e1bba1ef234c4ba5f3c431bd61b31) Importer(815301076,1909f56bfc062723c751e8b465ee728b)  -> (artifact id: '89c6c4dd0a6c6d805a4ad1ccec4c20e8') in 0.011937 seconds 
========================================================================
Received Import Request.
  Time since last request: 0.353538 seconds.
  path: Assets/EmaceArt/LowPolyNatureProject - EA04 Tiny Forest Remastered/ADV
  artifactKey: Guid(80da9584d40f79749b1d4f030f442aba) Importer(815301076,1909f56bfc062723c751e8b465ee728b)
Start importing Assets/EmaceArt/LowPolyNatureProject - EA04 Tiny Forest Remastered/ADV using Guid(80da9584d40f79749b1d4f030f442aba) Importer(815301076,1909f56bfc062723c751e8b465ee728b)  -> (artifact id: '86a7ff0ab664c1f05c4d4ecb86d27ac1') in 0.008472 seconds 
========================================================================
Received Import Request.
  Time since last request: 4.320937 seconds.
  path: Assets/EmaceArt/LowPolyNatureProject - EA04 Tiny Forest Remastered/Material
  artifactKey: Guid(e84fad9f118ad4349b86a9e725319073) Importer(815301076,1909f56bfc062723c751e8b465ee728b)
Start importing Assets/EmaceArt/LowPolyNatureProject - EA04 Tiny Forest Remastered/Material using Guid(e84fad9f118ad4349b86a9e725319073) Importer(815301076,1909f56bfc062723c751e8b465ee728b)  -> (artifact id: 'c02d8030ae62f5d9da8f03dc8404efbc') in 0.007791 seconds 
========================================================================
Received Import Request.
  Time since last request: 0.038646 seconds.
  path: Assets/EmaceArt/LowPolyNatureProject - EA04 Tiny Forest Remastered/Material/EA04_LPNP-TinyForest_Colorsheet_v1.mat
  artifactKey: Guid(b6a037f85a603854c9f52e5cfd1d6f81) Importer(815301076,1909f56bfc062723c751e8b465ee728b)
Start importing Assets/EmaceArt/LowPolyNatureProject - EA04 Tiny Forest Remastered/Material/EA04_LPNP-TinyForest_Colorsheet_v1.mat using Guid(b6a037f85a603854c9f52e5cfd1d6f81) Importer(815301076,1909f56bfc062723c751e8b465ee728b)  -> (artifact id: '6f98d930329c09875ff64fc8d77c22ea') in 0.135304 seconds 
========================================================================
Received Import Request.
  Time since last request: 1.742635 seconds.
  path: Assets/EmaceArt/LowPolyNatureProject - EA04 Tiny Forest Remastered/Meshes
  artifactKey: Guid(63372e80089e8694493c9061794c0fdb) Importer(815301076,1909f56bfc062723c751e8b465ee728b)
Start importing Assets/EmaceArt/LowPolyNatureProject - EA04 Tiny Forest Remastered/Meshes using Guid(63372e80089e8694493c9061794c0fdb) Importer(815301076,1909f56bfc062723c751e8b465ee728b)  -> (artifact id: 'a642cf53f08cce5bb59b4a5a264d1868') in 0.007291 seconds 
========================================================================
Received Import Request.
  Time since last request: 0.044008 seconds.
  path: Assets/EmaceArt/LowPolyNatureProject - EA04 Tiny Forest Remastered/Meshes/EA04_Grass_Stick_01a.fbx
  artifactKey: Guid(169b507305ea88a46892f3d3b80c004a) Importer(815301076,1909f56bfc062723c751e8b465ee728b)
Start importing Assets/EmaceArt/LowPolyNatureProject - EA04 Tiny Forest Remastered/Meshes/EA04_Grass_Stick_01a.fbx using Guid(169b507305ea88a46892f3d3b80c004a) Importer(815301076,1909f56bfc062723c751e8b465ee728b)  -> (artifact id: '0b641b6751ba1774e15b67935241b3aa') in 0.057538 seconds 
========================================================================
Received Import Request.
  Time since last request: 0.000025 seconds.
  path: Assets/EmaceArt/LowPolyNatureProject - EA04 Tiny Forest Remastered/Meshes/EA04_Trees_Cuboids_01a.fbx
  artifactKey: Guid(de57fe4cd55999a4db8eec68223ed5cb) Importer(815301076,1909f56bfc062723c751e8b465ee728b)
Start importing Assets/EmaceArt/LowPolyNatureProject - EA04 Tiny Forest Remastered/Meshes/EA04_Trees_Cuboids_01a.fbx using Guid(de57fe4cd55999a4db8eec68223ed5cb) Importer(815301076,1909f56bfc062723c751e8b465ee728b)  -> (artifact id: 'e70af7a3fd331b2192e8a3a845aea53c') in 0.042552 seconds 
========================================================================
Received Import Request.
  Time since last request: 0.000023 seconds.
  path: Assets/EmaceArt/LowPolyNatureProject - EA04 Tiny Forest Remastered/Meshes/EA04_Trees_Stoolids_01b.fbx
  artifactKey: Guid(27b41da1c62530644ba1480e74bc4274) Importer(815301076,1909f56bfc062723c751e8b465ee728b)
Start importing Assets/EmaceArt/LowPolyNatureProject - EA04 Tiny Forest Remastered/Meshes/EA04_Trees_Stoolids_01b.fbx using Guid(27b41da1c62530644ba1480e74bc4274) Importer(815301076,1909f56bfc062723c751e8b465ee728b)  -> (artifact id: '3d8000f7aba7a3dfd9dfdf56e24329b9') in 0.049608 seconds 
========================================================================
Received Import Request.
  Time since last request: 2.395539 seconds.
  path: Assets/EmaceArt/LowPolyNatureProject - EA04 Tiny Forest Remastered/Prefabs
  artifactKey: Guid(a236a7eb39c2b9f488b27d45109173ce) Importer(815301076,1909f56bfc062723c751e8b465ee728b)
Start importing Assets/EmaceArt/LowPolyNatureProject - EA04 Tiny Forest Remastered/Prefabs using Guid(a236a7eb39c2b9f488b27d45109173ce) Importer(815301076,1909f56bfc062723c751e8b465ee728b)  -> (artifact id: '411098ebf86f20ea713606ab195fbadb') in 0.009232 seconds 
========================================================================
Received Import Request.
  Time since last request: 21.455281 seconds.
  path: Assets/EmaceArt/LowPolyNatureProject - EA04 Tiny Forest Remastered/Textures/EA04_LPNP-Artefacts_Colorsheet_v1.psd
  artifactKey: Guid(3db3dff2810b8484c8e00ab8ccc49495) Importer(815301076,1909f56bfc062723c751e8b465ee728b)
Start importing Assets/EmaceArt/LowPolyNatureProject - EA04 Tiny Forest Remastered/Textures/EA04_LPNP-Artefacts_Colorsheet_v1.psd using Guid(3db3dff2810b8484c8e00ab8ccc49495) Importer(815301076,1909f56bfc062723c751e8b465ee728b)  -> (artifact id: '4ed224bc77e13d194efd8b580af78fbe') in 0.030271 seconds 
========================================================================
Received Import Request.
  Time since last request: 0.000018 seconds.
  path: Assets/EmaceArt/LowPolyNatureProject - EA04 Tiny Forest Remastered/Textures/EA04_LPNP-Artefacts_Colorsheet_v3.png
  artifactKey: Guid(d1894539f8d469144abed414f36225df) Importer(815301076,1909f56bfc062723c751e8b465ee728b)
Start importing Assets/EmaceArt/LowPolyNatureProject - EA04 Tiny Forest Remastered/Textures/EA04_LPNP-Artefacts_Colorsheet_v3.png using Guid(d1894539f8d469144abed414f36225df) Importer(815301076,1909f56bfc062723c751e8b465ee728b)  -> (artifact id: '874d4d91eccbf71bac9af397942c5cda') in 0.043025 seconds 
========================================================================
Received Import Request.
  Time since last request: 10.438400 seconds.
  path: Assets/EmaceArt_LavaPlant/Skybox/SkyBox/Sky_0_Front+Z.png
  artifactKey: Guid(70797ab05989b4fb295f60eaf537cd3a) Importer(815301076,1909f56bfc062723c751e8b465ee728b)
Start importing Assets/EmaceArt_LavaPlant/Skybox/SkyBox/Sky_0_Front+Z.png using Guid(70797ab05989b4fb295f60eaf537cd3a) Importer(815301076,1909f56bfc062723c751e8b465ee728b)  -> (artifact id: '701e8965e75a2b20dde66cf58366da45') in 0.024541 seconds 
========================================================================
Received Import Request.
  Time since last request: 0.000021 seconds.
  path: Assets/EmaceArt_LavaPlant/Skybox/SkyBox/Sky_3_Right-X.png
  artifactKey: Guid(ad1066355bbf24261a04760a57add9b0) Importer(815301076,1909f56bfc062723c751e8b465ee728b)
Start importing Assets/EmaceArt_LavaPlant/Skybox/SkyBox/Sky_3_Right-X.png using Guid(ad1066355bbf24261a04760a57add9b0) Importer(815301076,1909f56bfc062723c751e8b465ee728b)  -> (artifact id: '6de3a29f3aaf036a4980c1e05cf96da1') in 0.025166 seconds 
========================================================================
Received Import Request.
  Time since last request: 0.000016 seconds.
  path: Assets/EmaceArt_LavaPlant/Skybox/SkyBox/Sky_Back-Z.png
  artifactKey: Guid(ccbc3f25708ed491e86a569f0a679e73) Importer(815301076,1909f56bfc062723c751e8b465ee728b)
Start importing Assets/EmaceArt_LavaPlant/Skybox/SkyBox/Sky_Back-Z.png using Guid(ccbc3f25708ed491e86a569f0a679e73) Importer(815301076,1909f56bfc062723c751e8b465ee728b)  -> (artifact id: '32bf0a3776a37082d6ab4a8936834adc') in 0.016300 seconds 
Editor requested this worker to shutdown with reason: Scaling down because of idle timeout
AssetImportWorker is now disconnected from the server
Process exiting
Exiting without the bug reporter. Application will terminate with return code 0