Using pre-set license
Built from '2021.3/staging' branch; Version is '2021.3.26f1 (a16dc32e0ff2) revision 10579395'; Using compiler version '192829333'; Build Type 'Release'
OS: 'Windows 10  (10.0.19045) 64bit Core' Language: 'ru' Physical Memory: 32689 MB
BatchMode: 1, IsHumanControllingUs: 0, StartBugReporterOnCrash: 0, Is64bit: 1, IsPro: 1

COMMAND LINE ARGUMENTS:
C:\Program Files\Unity 2021.3.26f1\Editor\Unity.exe
-adb2
-batchMode
-noUpm
-name
AssetImportWorker10
-projectPath
C:/Users/Неместный/Documents/GitHub/Test-Project-for-Garden-Of-Draems
-logFile
Logs/AssetImportWorker10.log
-srvPort
5462
Successfully changed project path to: C:/Users/Неместный/Documents/GitHub/Test-Project-for-Garden-Of-Draems
C:/Users/Неместный/Documents/GitHub/Test-Project-for-Garden-Of-Draems
[UnityMemory] Configuration Parameters - Can be set up in boot.config
    "memorysetup-bucket-allocator-granularity=16"
    "memorysetup-bucket-allocator-bucket-count=8"
    "memorysetup-bucket-allocator-block-size=33554432"
    "memorysetup-bucket-allocator-block-count=8"
    "memorysetup-main-allocator-block-size=16777216"
    "memorysetup-thread-allocator-block-size=16777216"
    "memorysetup-gfx-main-allocator-block-size=16777216"
    "memorysetup-gfx-thread-allocator-block-size=16777216"
    "memorysetup-cache-allocator-block-size=4194304"
    "memorysetup-typetree-allocator-block-size=2097152"
    "memorysetup-profiler-bucket-allocator-granularity=16"
    "memorysetup-profiler-bucket-allocator-bucket-count=8"
    "memorysetup-profiler-bucket-allocator-block-size=33554432"
    "memorysetup-profiler-bucket-allocator-block-count=8"
    "memorysetup-profiler-allocator-block-size=16777216"
    "memorysetup-profiler-editor-allocator-block-size=1048576"
    "memorysetup-temp-allocator-size-main=16777216"
    "memorysetup-job-temp-allocator-block-size=2097152"
    "memorysetup-job-temp-allocator-block-size-background=1048576"
    "memorysetup-job-temp-allocator-reduction-small-platforms=262144"
    "memorysetup-temp-allocator-size-background-worker=32768"
    "memorysetup-temp-allocator-size-job-worker=262144"
    "memorysetup-temp-allocator-size-preload-manager=33554432"
    "memorysetup-temp-allocator-size-nav-mesh-worker=65536"
    "memorysetup-temp-allocator-size-audio-worker=65536"
    "memorysetup-temp-allocator-size-cloud-worker=32768"
    "memorysetup-temp-allocator-size-gi-baking-worker=262144"
    "memorysetup-temp-allocator-size-gfx=262144"
Player connection [17560] Host "[IP] 192.168.0.100 [Port] 0 [Flags] 2 [Guid] 1990030713 [EditorId] 1990030713 [Version] 1048832 [Id] WindowsEditor(7,DESKTOP-MLAPK4M) [Debug] 1 [PackageName] WindowsEditor [ProjectName] Editor" joined multi-casting on [225.0.0.222:54997]...

Player connection [17560] Host "[IP] 192.168.0.100 [Port] 0 [Flags] 2 [Guid] 1990030713 [EditorId] 1990030713 [Version] 1048832 [Id] WindowsEditor(7,DESKTOP-MLAPK4M) [Debug] 1 [PackageName] WindowsEditor [ProjectName] Editor" joined alternative multi-casting on [225.0.0.222:34997]...

Refreshing native plugins compatible for Editor in 60.89 ms, found 3 plugins.
Preloading 0 native plugins for Editor in 0.00 ms.
Initialize engine version: 2021.3.26f1 (a16dc32e0ff2)
[Subsystems] Discovering subsystems at path C:/Program Files/Unity 2021.3.26f1/Editor/Data/Resources/UnitySubsystems
[Subsystems] Discovering subsystems at path C:/Users/Неместный/Documents/GitHub/Test-Project-for-Garden-Of-Draems/Assets
GfxDevice: creating device client; threaded=0; jobified=0
Direct3D:
    Version:  Direct3D 11.0 [level 11.1]
    Renderer: NVIDIA GeForce RTX 2070 SUPER (ID=0x1e84)
    Vendor:   NVIDIA
    VRAM:     8003 MB
    Driver:   31.0.15.3713
Initialize mono
Mono path[0] = 'C:/Program Files/Unity 2021.3.26f1/Editor/Data/Managed'
Mono path[1] = 'C:/Program Files/Unity 2021.3.26f1/Editor/Data/MonoBleedingEdge/lib/mono/unityjit-win32'
Mono config path = 'C:/Program Files/Unity 2021.3.26f1/Editor/Data/MonoBleedingEdge/etc'
Using monoOptions --debugger-agent=transport=dt_socket,embedding=1,server=y,suspend=n,address=127.0.0.1:56944
Begin MonoManager ReloadAssembly
Registering precompiled unity dll's ...
Register platform support module: C:/Program Files/Unity 2021.3.26f1/Editor/Data/PlaybackEngines/WindowsStandaloneSupport/UnityEditor.WindowsStandalone.Extensions.dll
Registered in 0.004090 seconds.
Native extension for WindowsStandalone target not found
Refreshing native plugins compatible for Editor in 70.11 ms, found 3 plugins.
Preloading 0 native plugins for Editor in 0.00 ms.
Mono: successfully reloaded assembly
- Completed reload, in  0.524 seconds
Domain Reload Profiling:
	ReloadAssembly (525ms)
		BeginReloadAssembly (71ms)
			ExecutionOrderSort (0ms)
			DisableScriptedObjects (0ms)
			BackupInstance (0ms)
			ReleaseScriptingObjects (0ms)
			CreateAndSetChildDomain (1ms)
		EndReloadAssembly (365ms)
			LoadAssemblies (69ms)
			RebuildTransferFunctionScriptingTraits (0ms)
			SetupTypeCache (84ms)
			ReleaseScriptCaches (0ms)
			RebuildScriptCaches (22ms)
			SetupLoadedEditorAssemblies (219ms)
				LogAssemblyErrors (0ms)
				InitializePlatformSupportModulesInManaged (9ms)
				SetLoadedEditorAssemblies (0ms)
				RefreshPlugins (70ms)
				BeforeProcessingInitializeOnLoad (1ms)
				ProcessInitializeOnLoadAttributes (100ms)
				ProcessInitializeOnLoadMethodAttributes (38ms)
				AfterProcessingInitializeOnLoad (0ms)
				EditorAssembliesLoaded (0ms)
			ExecutionOrderSort2 (0ms)
			AwakeInstancesAfterBackupRestoration (0ms)
Platform modules already initialized, skipping
Registering precompiled user dll's ...
Registered in 0.004196 seconds.
Begin MonoManager ReloadAssembly
Symbol file LoadedFromMemory doesn't match image C:\Users\Неместный\Documents\GitHub\Test-Project-for-Garden-Of-Draems\Library\PackageCache\com.unity.visualscripting@1.8.0\Editor\VisualScripting.Core\Dependencies\YamlDotNet\Unity.VisualScripting.YamlDotNet.dll
Symbol file LoadedFromMemory doesn't match image C:\Users\Неместный\Documents\GitHub\Test-Project-for-Garden-Of-Draems\Library\PackageCache\com.unity.visualscripting@1.8.0\Editor\VisualScripting.Core\Dependencies\DotNetZip\Unity.VisualScripting.IonicZip.dll
Native extension for WindowsStandalone target not found
Refreshing native plugins compatible for Editor in 0.60 ms, found 3 plugins.
Preloading 0 native plugins for Editor in 0.00 ms.
Mono: successfully reloaded assembly
- Completed reload, in  0.823 seconds
Domain Reload Profiling:
	ReloadAssembly (823ms)
		BeginReloadAssembly (102ms)
			ExecutionOrderSort (0ms)
			DisableScriptedObjects (5ms)
			BackupInstance (0ms)
			ReleaseScriptingObjects (0ms)
			CreateAndSetChildDomain (17ms)
		EndReloadAssembly (628ms)
			LoadAssemblies (74ms)
			RebuildTransferFunctionScriptingTraits (0ms)
			SetupTypeCache (211ms)
			ReleaseScriptCaches (1ms)
			RebuildScriptCaches (43ms)
			SetupLoadedEditorAssemblies (280ms)
				LogAssemblyErrors (0ms)
				InitializePlatformSupportModulesInManaged (4ms)
				SetLoadedEditorAssemblies (0ms)
				RefreshPlugins (1ms)
				BeforeProcessingInitializeOnLoad (63ms)
				ProcessInitializeOnLoadAttributes (190ms)
				ProcessInitializeOnLoadMethodAttributes (15ms)
				AfterProcessingInitializeOnLoad (6ms)
				EditorAssembliesLoaded (0ms)
			ExecutionOrderSort2 (0ms)
			AwakeInstancesAfterBackupRestoration (4ms)
Platform modules already initialized, skipping
========================================================================
Worker process is ready to serve import requests
Launched and connected shader compiler UnityShaderCompiler.exe after 0.05 seconds
Refreshing native plugins compatible for Editor in 0.81 ms, found 3 plugins.
Preloading 0 native plugins for Editor in 0.00 ms.
Unloading 3051 Unused Serialized files (Serialized files now loaded: 0)
Unloading 22 unused Assets / (56.1 KB). Loaded Objects now: 3519.
Memory consumption went from 114.1 MB to 114.0 MB.
Total: 2.753800 ms (FindLiveObjects: 0.271600 ms CreateObjectMapping: 0.070600 ms MarkObjects: 2.347800 ms  DeleteObjects: 0.062900 ms)

AssetImportParameters requested are different than current active one (requested -> active):
  custom:video-decoder-ogg-theora: a1e56fd34408186e4bbccfd4996cb3dc -> 
  custom:container-muxer-webm: aa71ff27fc2769a1b78a27578f13a17b -> 
  custom:container-demuxer-webm: 4f35f7cbe854078d1ac9338744f61a02 -> 
  custom:video-encoder-webm-vp8: eb34c28f22e8b96e1ab97ce403110664 -> 
  custom:audio-encoder-webm-vorbis: bf7c407c2cedff20999df2af8eb42d56 -> 
  custom:framework-win-MediaFoundation: 216162199b28c13a410421893ffa2e32 -> 
  custom:container-demuxer-ogg: 62fdf1f143b41e24485cea50d1cbac27 -> 
  custom:video-decoder-webm-vp8: 9c59270c3fd7afecdb556c50c9e8de78 -> 
  custom:audio-decoder-ogg-vorbis: bf7c407c2cedff20999df2af8eb42d56 -> 
========================================================================
Received Import Request.
  Time since last request: 14667.465841 seconds.
  path: Assets/WoodsLifestyle/Prefabs/Buildings/WaterTower_02.prefab
  artifactKey: Guid(e40605717bf1e7047ac99751212cd9b6) Importer(815301076,1909f56bfc062723c751e8b465ee728b)
Start importing Assets/WoodsLifestyle/Prefabs/Buildings/WaterTower_02.prefab using Guid(e40605717bf1e7047ac99751212cd9b6) Importer(815301076,1909f56bfc062723c751e8b465ee728b)  -> (artifact id: '650ede73c16be6eba2b0360ccc96e24e') in 0.124563 seconds 
========================================================================
Received Import Request.
  Time since last request: 12.456714 seconds.
  path: Assets/Pure Poly/Free Low Poly Nature Pack/Prefabs/PP_Birch_Tree_06.prefab
  artifactKey: Guid(a2bd798ea40c7e341aa61ad124d95342) Importer(815301076,1909f56bfc062723c751e8b465ee728b)
Start importing Assets/Pure Poly/Free Low Poly Nature Pack/Prefabs/PP_Birch_Tree_06.prefab using Guid(a2bd798ea40c7e341aa61ad124d95342) Importer(815301076,1909f56bfc062723c751e8b465ee728b)  -> (artifact id: '635b4aeb981e0f9e7a500bd9b34dd358') in 0.029765 seconds 
========================================================================
Received Import Request.
  Time since last request: 0.000022 seconds.
  path: Assets/Pure Poly/Free Low Poly Nature Pack/Prefabs/PP_Forest_Mountain_Moss_01.prefab
  artifactKey: Guid(512b72c73a22e904d87662ebca8eb1e1) Importer(815301076,1909f56bfc062723c751e8b465ee728b)
Start importing Assets/Pure Poly/Free Low Poly Nature Pack/Prefabs/PP_Forest_Mountain_Moss_01.prefab using Guid(512b72c73a22e904d87662ebca8eb1e1) Importer(815301076,1909f56bfc062723c751e8b465ee728b)  -> (artifact id: 'b8acc0e08e5a8bb0456ac85d64cefafe') in 0.020818 seconds 
========================================================================
Received Import Request.
  Time since last request: 0.000018 seconds.
  path: Assets/Pure Poly/Free Low Poly Nature Pack/Prefabs/PP_Meadow_08.prefab
  artifactKey: Guid(7baba197ce36c92439b423eabaad3737) Importer(815301076,1909f56bfc062723c751e8b465ee728b)
Start importing Assets/Pure Poly/Free Low Poly Nature Pack/Prefabs/PP_Meadow_08.prefab using Guid(7baba197ce36c92439b423eabaad3737) Importer(815301076,1909f56bfc062723c751e8b465ee728b)  -> (artifact id: '061ca288600efd1e0f573813cdd54973') in 0.021192 seconds 
========================================================================
Received Import Request.
  Time since last request: 0.000015 seconds.
  path: Assets/Pure Poly/Free Low Poly Nature Pack/Prefabs/PP_Rock_Moss_Grown_09.prefab
  artifactKey: Guid(24457fdf8e66c3c49b7599931e0fdcb2) Importer(815301076,1909f56bfc062723c751e8b465ee728b)
Start importing Assets/Pure Poly/Free Low Poly Nature Pack/Prefabs/PP_Rock_Moss_Grown_09.prefab using Guid(24457fdf8e66c3c49b7599931e0fdcb2) Importer(815301076,1909f56bfc062723c751e8b465ee728b)  -> (artifact id: '147c71434118784e8bb3b070455c74a1') in 0.020710 seconds 
========================================================================
Received Import Request.
  Time since last request: 0.000015 seconds.
  path: Assets/Pure Poly/Free Low Poly Nature Pack/Prefabs/PP_Tree_02.prefab
  artifactKey: Guid(e133dac167ef59c40b7678ba58107c6a) Importer(815301076,1909f56bfc062723c751e8b465ee728b)
Start importing Assets/Pure Poly/Free Low Poly Nature Pack/Prefabs/PP_Tree_02.prefab using Guid(e133dac167ef59c40b7678ba58107c6a) Importer(815301076,1909f56bfc062723c751e8b465ee728b)  -> (artifact id: 'c6c1e7071ade35dc164a3f8d1f8fd207') in 0.025534 seconds 
========================================================================
Received Import Request.
  Time since last request: 0.000017 seconds.
  path: Assets/Pure Poly/Free Low Poly Nature Pack/Prefabs/PP_Mushroom_Fantasy_Orange_10.prefab
  artifactKey: Guid(eae42a57b046b1a42a79ae6319bccca3) Importer(815301076,1909f56bfc062723c751e8b465ee728b)
Start importing Assets/Pure Poly/Free Low Poly Nature Pack/Prefabs/PP_Mushroom_Fantasy_Orange_10.prefab using Guid(eae42a57b046b1a42a79ae6319bccca3) Importer(815301076,1909f56bfc062723c751e8b465ee728b)  -> (artifact id: '3f685ce473d417ced659bb30075991a6') in 0.049752 seconds 
========================================================================
Received Import Request.
  Time since last request: 0.000017 seconds.
  path: Assets/Pure Poly/Free Low Poly Nature Pack/Prefabs/PP_Hyacinth_04.prefab
  artifactKey: Guid(194e9111af0c33840a49d573f2b26952) Importer(815301076,1909f56bfc062723c751e8b465ee728b)
Start importing Assets/Pure Poly/Free Low Poly Nature Pack/Prefabs/PP_Hyacinth_04.prefab using Guid(194e9111af0c33840a49d573f2b26952) Importer(815301076,1909f56bfc062723c751e8b465ee728b)  -> (artifact id: '1f784b6d89d414ec62d0b5f38331f6b1') in 0.021136 seconds 
========================================================================
Received Import Request.
  Time since last request: 0.000027 seconds.
  path: Assets/Pure Poly/Free Low Poly Nature Pack/Prefabs/PP_Meadow_Path_05.prefab
  artifactKey: Guid(d5b8de414112a004a82d0437b5f7a780) Importer(815301076,1909f56bfc062723c751e8b465ee728b)
Start importing Assets/Pure Poly/Free Low Poly Nature Pack/Prefabs/PP_Meadow_Path_05.prefab using Guid(d5b8de414112a004a82d0437b5f7a780) Importer(815301076,1909f56bfc062723c751e8b465ee728b)  -> (artifact id: '43ca812cb3701b77a09f3905c1d5da4a') in 0.019330 seconds 
