Using pre-set license
Built from '2021.3/staging' branch; Version is '2021.3.26f1 (a16dc32e0ff2) revision 10579395'; Using compiler version '192829333'; Build Type 'Release'
OS: 'Windows 10  (10.0.19045) 64bit Core' Language: 'ru' Physical Memory: 32689 MB
BatchMode: 1, IsHumanControllingUs: 0, StartBugReporterOnCrash: 0, Is64bit: 1, IsPro: 1

COMMAND LINE ARGUMENTS:
C:\Program Files\Unity 2021.3.26f1\Editor\Unity.exe
-adb2
-batchMode
-noUpm
-name
AssetImportWorker8
-projectPath
C:/Users/Неместный/Documents/GitHub/Test-Project-for-Garden-Of-Draems
-logFile
Logs/AssetImportWorker8.log
-srvPort
5462
Successfully changed project path to: C:/Users/Неместный/Documents/GitHub/Test-Project-for-Garden-Of-Draems
C:/Users/Неместный/Documents/GitHub/Test-Project-for-Garden-Of-Draems
[UnityMemory] Configuration Parameters - Can be set up in boot.config
    "memorysetup-bucket-allocator-granularity=16"
    "memorysetup-bucket-allocator-bucket-count=8"
    "memorysetup-bucket-allocator-block-size=33554432"
    "memorysetup-bucket-allocator-block-count=8"
    "memorysetup-main-allocator-block-size=16777216"
    "memorysetup-thread-allocator-block-size=16777216"
    "memorysetup-gfx-main-allocator-block-size=16777216"
    "memorysetup-gfx-thread-allocator-block-size=16777216"
    "memorysetup-cache-allocator-block-size=4194304"
    "memorysetup-typetree-allocator-block-size=2097152"
    "memorysetup-profiler-bucket-allocator-granularity=16"
    "memorysetup-profiler-bucket-allocator-bucket-count=8"
    "memorysetup-profiler-bucket-allocator-block-size=33554432"
    "memorysetup-profiler-bucket-allocator-block-count=8"
    "memorysetup-profiler-allocator-block-size=16777216"
    "memorysetup-profiler-editor-allocator-block-size=1048576"
    "memorysetup-temp-allocator-size-main=16777216"
    "memorysetup-job-temp-allocator-block-size=2097152"
    "memorysetup-job-temp-allocator-block-size-background=1048576"
    "memorysetup-job-temp-allocator-reduction-small-platforms=262144"
    "memorysetup-temp-allocator-size-background-worker=32768"
    "memorysetup-temp-allocator-size-job-worker=262144"
    "memorysetup-temp-allocator-size-preload-manager=33554432"
    "memorysetup-temp-allocator-size-nav-mesh-worker=65536"
    "memorysetup-temp-allocator-size-audio-worker=65536"
    "memorysetup-temp-allocator-size-cloud-worker=32768"
    "memorysetup-temp-allocator-size-gi-baking-worker=262144"
    "memorysetup-temp-allocator-size-gfx=262144"
Player connection [14608] Host "[IP] 192.168.0.100 [Port] 0 [Flags] 2 [Guid] 386334762 [EditorId] 386334762 [Version] 1048832 [Id] WindowsEditor(7,DESKTOP-MLAPK4M) [Debug] 1 [PackageName] WindowsEditor [ProjectName] Editor" joined multi-casting on [225.0.0.222:54997]...

Player connection [14608] Host "[IP] 192.168.0.100 [Port] 0 [Flags] 2 [Guid] 386334762 [EditorId] 386334762 [Version] 1048832 [Id] WindowsEditor(7,DESKTOP-MLAPK4M) [Debug] 1 [PackageName] WindowsEditor [ProjectName] Editor" joined alternative multi-casting on [225.0.0.222:34997]...

Refreshing native plugins compatible for Editor in 72.52 ms, found 3 plugins.
Preloading 0 native plugins for Editor in 0.00 ms.
Initialize engine version: 2021.3.26f1 (a16dc32e0ff2)
[Subsystems] Discovering subsystems at path C:/Program Files/Unity 2021.3.26f1/Editor/Data/Resources/UnitySubsystems
[Subsystems] Discovering subsystems at path C:/Users/Неместный/Documents/GitHub/Test-Project-for-Garden-Of-Draems/Assets
GfxDevice: creating device client; threaded=0; jobified=0
Direct3D:
    Version:  Direct3D 11.0 [level 11.1]
    Renderer: NVIDIA GeForce RTX 2070 SUPER (ID=0x1e84)
    Vendor:   NVIDIA
    VRAM:     8003 MB
    Driver:   31.0.15.3713
Initialize mono
Mono path[0] = 'C:/Program Files/Unity 2021.3.26f1/Editor/Data/Managed'
Mono path[1] = 'C:/Program Files/Unity 2021.3.26f1/Editor/Data/MonoBleedingEdge/lib/mono/unityjit-win32'
Mono config path = 'C:/Program Files/Unity 2021.3.26f1/Editor/Data/MonoBleedingEdge/etc'
Using monoOptions --debugger-agent=transport=dt_socket,embedding=1,server=y,suspend=n,address=127.0.0.1:56152
Begin MonoManager ReloadAssembly
Registering precompiled unity dll's ...
Register platform support module: C:/Program Files/Unity 2021.3.26f1/Editor/Data/PlaybackEngines/WindowsStandaloneSupport/UnityEditor.WindowsStandalone.Extensions.dll
Registered in 0.004075 seconds.
Native extension for WindowsStandalone target not found
Refreshing native plugins compatible for Editor in 65.40 ms, found 3 plugins.
Preloading 0 native plugins for Editor in 0.00 ms.
Mono: successfully reloaded assembly
- Completed reload, in  0.517 seconds
Domain Reload Profiling:
	ReloadAssembly (518ms)
		BeginReloadAssembly (75ms)
			ExecutionOrderSort (0ms)
			DisableScriptedObjects (0ms)
			BackupInstance (0ms)
			ReleaseScriptingObjects (0ms)
			CreateAndSetChildDomain (1ms)
		EndReloadAssembly (362ms)
			LoadAssemblies (73ms)
			RebuildTransferFunctionScriptingTraits (0ms)
			SetupTypeCache (82ms)
			ReleaseScriptCaches (0ms)
			RebuildScriptCaches (23ms)
			SetupLoadedEditorAssemblies (218ms)
				LogAssemblyErrors (0ms)
				InitializePlatformSupportModulesInManaged (6ms)
				SetLoadedEditorAssemblies (0ms)
				RefreshPlugins (65ms)
				BeforeProcessingInitializeOnLoad (1ms)
				ProcessInitializeOnLoadAttributes (106ms)
				ProcessInitializeOnLoadMethodAttributes (38ms)
				AfterProcessingInitializeOnLoad (0ms)
				EditorAssembliesLoaded (0ms)
			ExecutionOrderSort2 (0ms)
			AwakeInstancesAfterBackupRestoration (0ms)
Platform modules already initialized, skipping
Registering precompiled user dll's ...
Registered in 0.004140 seconds.
Begin MonoManager ReloadAssembly
Symbol file LoadedFromMemory doesn't match image C:\Users\Неместный\Documents\GitHub\Test-Project-for-Garden-Of-Draems\Library\PackageCache\com.unity.visualscripting@1.8.0\Editor\VisualScripting.Core\Dependencies\YamlDotNet\Unity.VisualScripting.YamlDotNet.dll
Symbol file LoadedFromMemory doesn't match image C:\Users\Неместный\Documents\GitHub\Test-Project-for-Garden-Of-Draems\Library\PackageCache\com.unity.visualscripting@1.8.0\Editor\VisualScripting.Core\Dependencies\DotNetZip\Unity.VisualScripting.IonicZip.dll
Native extension for WindowsStandalone target not found
Refreshing native plugins compatible for Editor in 0.63 ms, found 3 plugins.
Preloading 0 native plugins for Editor in 0.00 ms.
Mono: successfully reloaded assembly
- Completed reload, in  0.825 seconds
Domain Reload Profiling:
	ReloadAssembly (826ms)
		BeginReloadAssembly (114ms)
			ExecutionOrderSort (0ms)
			DisableScriptedObjects (6ms)
			BackupInstance (0ms)
			ReleaseScriptingObjects (0ms)
			CreateAndSetChildDomain (17ms)
		EndReloadAssembly (614ms)
			LoadAssemblies (78ms)
			RebuildTransferFunctionScriptingTraits (0ms)
			SetupTypeCache (212ms)
			ReleaseScriptCaches (1ms)
			RebuildScriptCaches (38ms)
			SetupLoadedEditorAssemblies (272ms)
				LogAssemblyErrors (0ms)
				InitializePlatformSupportModulesInManaged (4ms)
				SetLoadedEditorAssemblies (0ms)
				RefreshPlugins (1ms)
				BeforeProcessingInitializeOnLoad (63ms)
				ProcessInitializeOnLoadAttributes (181ms)
				ProcessInitializeOnLoadMethodAttributes (16ms)
				AfterProcessingInitializeOnLoad (6ms)
				EditorAssembliesLoaded (0ms)
			ExecutionOrderSort2 (0ms)
			AwakeInstancesAfterBackupRestoration (5ms)
Platform modules already initialized, skipping
========================================================================
Worker process is ready to serve import requests
Launched and connected shader compiler UnityShaderCompiler.exe after 0.04 seconds
Refreshing native plugins compatible for Editor in 0.87 ms, found 3 plugins.
Preloading 0 native plugins for Editor in 0.00 ms.
Unloading 3051 Unused Serialized files (Serialized files now loaded: 0)
Unloading 22 unused Assets / (56.1 KB). Loaded Objects now: 3516.
Memory consumption went from 109.6 MB to 109.5 MB.
Total: 2.656200 ms (FindLiveObjects: 0.274900 ms CreateObjectMapping: 0.078300 ms MarkObjects: 2.240100 ms  DeleteObjects: 0.062000 ms)

AssetImportParameters requested are different than current active one (requested -> active):
  custom:video-decoder-ogg-theora: a1e56fd34408186e4bbccfd4996cb3dc -> 
  custom:container-muxer-webm: aa71ff27fc2769a1b78a27578f13a17b -> 
  custom:container-demuxer-webm: 4f35f7cbe854078d1ac9338744f61a02 -> 
  custom:video-encoder-webm-vp8: eb34c28f22e8b96e1ab97ce403110664 -> 
  custom:audio-encoder-webm-vorbis: bf7c407c2cedff20999df2af8eb42d56 -> 
  custom:framework-win-MediaFoundation: 216162199b28c13a410421893ffa2e32 -> 
  custom:container-demuxer-ogg: 62fdf1f143b41e24485cea50d1cbac27 -> 
  custom:video-decoder-webm-vp8: 9c59270c3fd7afecdb556c50c9e8de78 -> 
  custom:audio-decoder-ogg-vorbis: bf7c407c2cedff20999df2af8eb42d56 -> 
========================================================================
Received Import Request.
  Time since last request: 14186.648111 seconds.
  path: Assets/Low Poly Environment Starter Kit/Source/Material/HDRP/Bark 1.mat
  artifactKey: Guid(782c7f4dff74b9749b4ac259ce52e727) Importer(815301076,1909f56bfc062723c751e8b465ee728b)
Start importing Assets/Low Poly Environment Starter Kit/Source/Material/HDRP/Bark 1.mat using Guid(782c7f4dff74b9749b4ac259ce52e727) Importer(815301076,1909f56bfc062723c751e8b465ee728b)  -> (artifact id: 'a0800b9d77228d4d5c1ad2918a93573e') in 0.212612 seconds 
========================================================================
Received Import Request.
  Time since last request: 0.000039 seconds.
  path: Assets/Low Poly Environment Starter Kit/Source/Material/HDRP/Ground.mat
  artifactKey: Guid(73a4275097adc11468b30c4a96cad693) Importer(815301076,1909f56bfc062723c751e8b465ee728b)
Start importing Assets/Low Poly Environment Starter Kit/Source/Material/HDRP/Ground.mat using Guid(73a4275097adc11468b30c4a96cad693) Importer(815301076,1909f56bfc062723c751e8b465ee728b)  -> (artifact id: '70e536bbc52ef60bcf1fd36e8c5e24ec') in 0.016834 seconds 
========================================================================
Received Import Request.
  Time since last request: 0.000039 seconds.
  path: Assets/Low Poly Environment Starter Kit/Source/Material/HDRP/Tree Bark.mat
  artifactKey: Guid(9cbb8b7d619d1ee40a97659fa5719df7) Importer(815301076,1909f56bfc062723c751e8b465ee728b)
Start importing Assets/Low Poly Environment Starter Kit/Source/Material/HDRP/Tree Bark.mat using Guid(9cbb8b7d619d1ee40a97659fa5719df7) Importer(815301076,1909f56bfc062723c751e8b465ee728b)  -> (artifact id: '213ff0af2740ee91b2bc08dc32fc719b') in 0.015542 seconds 
========================================================================
Received Import Request.
  Time since last request: 0.000021 seconds.
  path: Assets/Low Poly Environment Starter Kit/Source/Material/HDRP/Grass 1.mat
  artifactKey: Guid(758b962f63605c24dbd9c3f285acc5f5) Importer(815301076,1909f56bfc062723c751e8b465ee728b)
Start importing Assets/Low Poly Environment Starter Kit/Source/Material/HDRP/Grass 1.mat using Guid(758b962f63605c24dbd9c3f285acc5f5) Importer(815301076,1909f56bfc062723c751e8b465ee728b)  -> (artifact id: '4a56c62f2de74e3ab4b2e661ac4c9a8e') in 0.015875 seconds 
========================================================================
Received Import Request.
  Time since last request: 0.000030 seconds.
  path: Assets/Low Poly Environment Starter Kit/Source/Material/HDRP/Leaves 1.mat
  artifactKey: Guid(712754466440d214ca372ef82547559b) Importer(815301076,1909f56bfc062723c751e8b465ee728b)
Start importing Assets/Low Poly Environment Starter Kit/Source/Material/HDRP/Leaves 1.mat using Guid(712754466440d214ca372ef82547559b) Importer(815301076,1909f56bfc062723c751e8b465ee728b)  -> (artifact id: '22cc733c91b61d7f82b2298826b56c5a') in 0.013323 seconds 
========================================================================
Received Import Request.
  Time since last request: 0.000025 seconds.
  path: Assets/Low Poly Environment Starter Kit/Source/Material/HDRP/Water Material.mat
  artifactKey: Guid(eb8eeeb56dbc7d34f9708b9545d6d83a) Importer(815301076,1909f56bfc062723c751e8b465ee728b)
Start importing Assets/Low Poly Environment Starter Kit/Source/Material/HDRP/Water Material.mat using Guid(eb8eeeb56dbc7d34f9708b9545d6d83a) Importer(815301076,1909f56bfc062723c751e8b465ee728b)  -> (artifact id: '517ee72c35ab4fc9a4483bf751b7321e') in 0.013775 seconds 
========================================================================
Received Import Request.
  Time since last request: 8.228125 seconds.
  path: Assets/Low Poly Environment Starter Kit/Source/Material/URP
  artifactKey: Guid(dcd0a7aa529848d4e9ad9c5597ae2872) Importer(815301076,1909f56bfc062723c751e8b465ee728b)
Start importing Assets/Low Poly Environment Starter Kit/Source/Material/URP using Guid(dcd0a7aa529848d4e9ad9c5597ae2872) Importer(815301076,1909f56bfc062723c751e8b465ee728b)  -> (artifact id: '352c4a0478621fa6b29a8d981e7e9717') in 0.001992 seconds 
========================================================================
Received Import Request.
  Time since last request: 0.078584 seconds.
  path: Assets/Low Poly Environment Starter Kit/Source/Material/URP/Bark.mat
  artifactKey: Guid(df6ee7873f6a70148849853cdf894ac0) Importer(815301076,1909f56bfc062723c751e8b465ee728b)
Start importing Assets/Low Poly Environment Starter Kit/Source/Material/URP/Bark.mat using Guid(df6ee7873f6a70148849853cdf894ac0) Importer(815301076,1909f56bfc062723c751e8b465ee728b)  -> (artifact id: 'c73f011053e78af495688a371712c6e5') in 0.007622 seconds 
========================================================================
Received Import Request.
  Time since last request: 0.000013 seconds.
  path: Assets/Low Poly Environment Starter Kit/Source/Material/URP/Water Material.mat
  artifactKey: Guid(06cc72b556f222641a3b01967b597084) Importer(815301076,1909f56bfc062723c751e8b465ee728b)
Start importing Assets/Low Poly Environment Starter Kit/Source/Material/URP/Water Material.mat using Guid(06cc72b556f222641a3b01967b597084) Importer(815301076,1909f56bfc062723c751e8b465ee728b)  -> (artifact id: 'ebd99a1bf3ecb8ac9f1d4b2514b919e4') in 0.008587 seconds 
========================================================================
Received Import Request.
  Time since last request: 0.000022 seconds.
  path: Assets/Low Poly Environment Starter Kit/Source/Material/URP/Sunlight.mat
  artifactKey: Guid(0b59fd3e667fdd94ba8c8cd06fcc1af9) Importer(815301076,1909f56bfc062723c751e8b465ee728b)
Start importing Assets/Low Poly Environment Starter Kit/Source/Material/URP/Sunlight.mat using Guid(0b59fd3e667fdd94ba8c8cd06fcc1af9) Importer(815301076,1909f56bfc062723c751e8b465ee728b)  -> (artifact id: '003b4603f1dd3d3cf697b32dd83cec86') in 0.026525 seconds 
========================================================================
Received Import Request.
  Time since last request: 0.000030 seconds.
  path: Assets/Low Poly Environment Starter Kit/Source/Material/URP/Leaves 2.mat
  artifactKey: Guid(d47e95b0a681a8046b9ae47334846b53) Importer(815301076,1909f56bfc062723c751e8b465ee728b)
Start importing Assets/Low Poly Environment Starter Kit/Source/Material/URP/Leaves 2.mat using Guid(d47e95b0a681a8046b9ae47334846b53) Importer(815301076,1909f56bfc062723c751e8b465ee728b)  -> (artifact id: '8104f1053baad1a2bacd21511d789e5d') in 0.020403 seconds 
========================================================================
Received Import Request.
  Time since last request: 0.000028 seconds.
  path: Assets/Low Poly Environment Starter Kit/Source/Material/URP/Stone.mat
  artifactKey: Guid(a1460b71b1d97194a88d6f8be1dffc42) Importer(815301076,1909f56bfc062723c751e8b465ee728b)
Start importing Assets/Low Poly Environment Starter Kit/Source/Material/URP/Stone.mat using Guid(a1460b71b1d97194a88d6f8be1dffc42) Importer(815301076,1909f56bfc062723c751e8b465ee728b)  -> (artifact id: 'eb1105ab454e7d37671f2c8b7d4b30a0') in 0.032506 seconds 
========================================================================
Received Import Request.
  Time since last request: 25.022999 seconds.
  path: Assets/Low Poly Environment Starter Kit/Source/Textues
  artifactKey: Guid(5e4d0c2263672ba44bbf23cb96585461) Importer(815301076,1909f56bfc062723c751e8b465ee728b)
Start importing Assets/Low Poly Environment Starter Kit/Source/Textues using Guid(5e4d0c2263672ba44bbf23cb96585461) Importer(815301076,1909f56bfc062723c751e8b465ee728b)  -> (artifact id: '1f70fddb32bc5aa7cccb35a4cb02d14b') in 0.007772 seconds 
========================================================================
Received Import Request.
  Time since last request: 0.061352 seconds.
  path: Assets/Low Poly Environment Starter Kit/Source/Textues/Grass.png
  artifactKey: Guid(03dbbd3d349fb0248bbc7c1401671c49) Importer(815301076,1909f56bfc062723c751e8b465ee728b)
Start importing Assets/Low Poly Environment Starter Kit/Source/Textues/Grass.png using Guid(03dbbd3d349fb0248bbc7c1401671c49) Importer(815301076,1909f56bfc062723c751e8b465ee728b)  -> (artifact id: '4663bd808a5b13f0be3a7737b77749c2') in 0.020711 seconds 
========================================================================
Received Import Request.
  Time since last request: 0.000018 seconds.
  path: Assets/Low Poly Environment Starter Kit/Source/Textues/Water 2.png
  artifactKey: Guid(a842d66eb806c53429dccb5d10649539) Importer(815301076,1909f56bfc062723c751e8b465ee728b)
Start importing Assets/Low Poly Environment Starter Kit/Source/Textues/Water 2.png using Guid(a842d66eb806c53429dccb5d10649539) Importer(815301076,1909f56bfc062723c751e8b465ee728b)  -> (artifact id: 'a475e062272730691d8b77cd1a346626') in 0.014906 seconds 
========================================================================
Received Import Request.
  Time since last request: 23.669313 seconds.
  path: Assets/Low Poly Environment Starter Kit/Source/Shader/HDRP
  artifactKey: Guid(dc0ab0d564093eb499d6006010411117) Importer(815301076,1909f56bfc062723c751e8b465ee728b)
Start importing Assets/Low Poly Environment Starter Kit/Source/Shader/HDRP using Guid(dc0ab0d564093eb499d6006010411117) Importer(815301076,1909f56bfc062723c751e8b465ee728b)  -> (artifact id: '05b59b57aaa53345de19aa27aa0a2013') in 0.001870 seconds 
========================================================================
Received Import Request.
  Time since last request: 1.239086 seconds.
  path: Assets/Low Poly Environment Starter Kit/Source/Shader/HDRP/Water_HDRP.shadergraph
  artifactKey: Guid(cc89ef4cc3285974a8de7aeb4a34aabf) Importer(815301076,1909f56bfc062723c751e8b465ee728b)
Start importing Assets/Low Poly Environment Starter Kit/Source/Shader/HDRP/Water_HDRP.shadergraph using Guid(cc89ef4cc3285974a8de7aeb4a34aabf) Importer(815301076,1909f56bfc062723c751e8b465ee728b)  -> (artifact id: '033ec200bd5a54880a0fbcafae0b0f73') in 0.009340 seconds 
========================================================================
Received Import Request.
  Time since last request: 0.398962 seconds.
  path: Assets/Low Poly Environment Starter Kit/Source/Shader/HDRP/Color_HDRP.shadergraph
  artifactKey: Guid(bb213a083ac58c44f9d0c0a4d532e27f) Importer(815301076,1909f56bfc062723c751e8b465ee728b)
Start importing Assets/Low Poly Environment Starter Kit/Source/Shader/HDRP/Color_HDRP.shadergraph using Guid(bb213a083ac58c44f9d0c0a4d532e27f) Importer(815301076,1909f56bfc062723c751e8b465ee728b)  -> (artifact id: '2f9ed700ea131b91bdb207f96848ca95') in 0.007915 seconds 
========================================================================
Received Import Request.
  Time since last request: 1.426053 seconds.
  path: Assets/Low Poly Environment Starter Kit/Source/Shader/URP
  artifactKey: Guid(9a53da2faa3fe56479eafd14bda46cf9) Importer(815301076,1909f56bfc062723c751e8b465ee728b)
Start importing Assets/Low Poly Environment Starter Kit/Source/Shader/URP using Guid(9a53da2faa3fe56479eafd14bda46cf9) Importer(815301076,1909f56bfc062723c751e8b465ee728b)  -> (artifact id: '3b2c014f890eae55a3d82795ef692e15') in 0.001919 seconds 
========================================================================
Received Import Request.
  Time since last request: 0.921213 seconds.
  path: Assets/Low Poly Environment Starter Kit/Source/Shader/URP/Color_Sun.shadergraph
  artifactKey: Guid(cb1af4bda446647429052bec049a6023) Importer(815301076,1909f56bfc062723c751e8b465ee728b)
Start importing Assets/Low Poly Environment Starter Kit/Source/Shader/URP/Color_Sun.shadergraph using Guid(cb1af4bda446647429052bec049a6023) Importer(815301076,1909f56bfc062723c751e8b465ee728b)  -> (artifact id: 'a275444332d17c22205c36f1b2db9c03') in 0.007396 seconds 
========================================================================
Received Import Request.
  Time since last request: 276.019611 seconds.
  path: Assets/Low Poly Environment Starter Kit/Prefabs/Standard/Other
  artifactKey: Guid(8d7c7c99be7faaf45ad10e9f81e3d90e) Importer(815301076,1909f56bfc062723c751e8b465ee728b)
Start importing Assets/Low Poly Environment Starter Kit/Prefabs/Standard/Other using Guid(8d7c7c99be7faaf45ad10e9f81e3d90e) Importer(815301076,1909f56bfc062723c751e8b465ee728b)  -> (artifact id: 'd2485da33af8927f660f55e77bf115f6') in 0.007979 seconds 
========================================================================
Received Import Request.
  Time since last request: 0.034861 seconds.
  path: Assets/Low Poly Environment Starter Kit/Prefabs/Standard/Other/Bush 1.prefab
  artifactKey: Guid(af8e7fff1d09a4c4bbc10efbbef7a446) Importer(815301076,1909f56bfc062723c751e8b465ee728b)
Start importing Assets/Low Poly Environment Starter Kit/Prefabs/Standard/Other/Bush 1.prefab using Guid(af8e7fff1d09a4c4bbc10efbbef7a446) Importer(815301076,1909f56bfc062723c751e8b465ee728b)  -> (artifact id: '857334e6d5d0b8badc1fe2dd43fd10fe') in 0.025623 seconds 
========================================================================
Received Import Request.
  Time since last request: 0.000024 seconds.
  path: Assets/Low Poly Environment Starter Kit/Prefabs/Standard/Other/Grass 2.prefab
  artifactKey: Guid(c37df0d209b5c9b4a9020af45615fbc2) Importer(815301076,1909f56bfc062723c751e8b465ee728b)
Start importing Assets/Low Poly Environment Starter Kit/Prefabs/Standard/Other/Grass 2.prefab using Guid(c37df0d209b5c9b4a9020af45615fbc2) Importer(815301076,1909f56bfc062723c751e8b465ee728b)  -> (artifact id: '08abce9e318837ee310d11d0d6ff82fc') in 0.015496 seconds 
========================================================================
Received Import Request.
  Time since last request: 0.000025 seconds.
  path: Assets/Low Poly Environment Starter Kit/Prefabs/Standard/Other/Water.prefab
  artifactKey: Guid(60f5b5985e1f295418a14e3e3ee9934a) Importer(815301076,1909f56bfc062723c751e8b465ee728b)
Start importing Assets/Low Poly Environment Starter Kit/Prefabs/Standard/Other/Water.prefab using Guid(60f5b5985e1f295418a14e3e3ee9934a) Importer(815301076,1909f56bfc062723c751e8b465ee728b)  -> (artifact id: '88359ed523e8b0344415f0c8b3a44fcb') in 0.023720 seconds 
========================================================================
Received Import Request.
  Time since last request: 0.000026 seconds.
  path: Assets/Low Poly Environment Starter Kit/Prefabs/Standard/Other/Grass 4.prefab
  artifactKey: Guid(ddf0bcc44bc76c14b9b14523db2beb88) Importer(815301076,1909f56bfc062723c751e8b465ee728b)
Start importing Assets/Low Poly Environment Starter Kit/Prefabs/Standard/Other/Grass 4.prefab using Guid(ddf0bcc44bc76c14b9b14523db2beb88) Importer(815301076,1909f56bfc062723c751e8b465ee728b)  -> (artifact id: 'b08599dac782f083bd4a8cf9f3f71a93') in 0.015522 seconds 
========================================================================
Received Import Request.
  Time since last request: 3.682268 seconds.
  path: Assets/Low Poly Environment Starter Kit/Prefabs/Standard/Terrains
  artifactKey: Guid(261b1f62fa62d8e419edc5753ef305b5) Importer(815301076,1909f56bfc062723c751e8b465ee728b)
Start importing Assets/Low Poly Environment Starter Kit/Prefabs/Standard/Terrains using Guid(261b1f62fa62d8e419edc5753ef305b5) Importer(815301076,1909f56bfc062723c751e8b465ee728b)  -> (artifact id: 'a0a977255b887131eb295d1a4cfe87a7') in 0.010765 seconds 
========================================================================
Received Import Request.
  Time since last request: 0.031922 seconds.
  path: Assets/Low Poly Environment Starter Kit/Prefabs/Standard/Terrains/Canyon.prefab
  artifactKey: Guid(985c3c522ee33b741aab32c7e218ad76) Importer(815301076,1909f56bfc062723c751e8b465ee728b)
Start importing Assets/Low Poly Environment Starter Kit/Prefabs/Standard/Terrains/Canyon.prefab using Guid(985c3c522ee33b741aab32c7e218ad76) Importer(815301076,1909f56bfc062723c751e8b465ee728b)  -> (artifact id: 'fa88745ab9f430cf9f9e44b865ddefbc') in 0.017456 seconds 
========================================================================
Received Import Request.
  Time since last request: 0.000022 seconds.
  path: Assets/Low Poly Environment Starter Kit/Prefabs/Standard/Terrains/Lake.prefab
  artifactKey: Guid(52b913ae760450748b3689351167e95d) Importer(815301076,1909f56bfc062723c751e8b465ee728b)
Start importing Assets/Low Poly Environment Starter Kit/Prefabs/Standard/Terrains/Lake.prefab using Guid(52b913ae760450748b3689351167e95d) Importer(815301076,1909f56bfc062723c751e8b465ee728b)  -> (artifact id: '5b377528d7ef2504659b53330416a87d') in 0.054486 seconds 
========================================================================
Received Import Request.
  Time since last request: 0.000019 seconds.
  path: Assets/Low Poly Environment Starter Kit/Prefabs/Standard/Terrains/Mountain 1.prefab
  artifactKey: Guid(87b1a4ec87dd8eb4fb00818956f8c7bf) Importer(815301076,1909f56bfc062723c751e8b465ee728b)
Start importing Assets/Low Poly Environment Starter Kit/Prefabs/Standard/Terrains/Mountain 1.prefab using Guid(87b1a4ec87dd8eb4fb00818956f8c7bf) Importer(815301076,1909f56bfc062723c751e8b465ee728b)  -> (artifact id: 'd2ff85eddfd284609fc479a1e9d47096') in 0.017057 seconds 
========================================================================
Received Import Request.
  Time since last request: 0.000020 seconds.
  path: Assets/Low Poly Environment Starter Kit/Prefabs/Standard/Terrains/Mountain 2.prefab
  artifactKey: Guid(a008918f2d4272845bdbbae611dabfbc) Importer(815301076,1909f56bfc062723c751e8b465ee728b)
Start importing Assets/Low Poly Environment Starter Kit/Prefabs/Standard/Terrains/Mountain 2.prefab using Guid(a008918f2d4272845bdbbae611dabfbc) Importer(815301076,1909f56bfc062723c751e8b465ee728b)  -> (artifact id: '80c53b4addea19aa64b52a04cd0f6da8') in 0.027963 seconds 
Editor requested this worker to shutdown with reason: Scaling down because of idle timeout
AssetImportWorker is now disconnected from the server
Process exiting
Exiting without the bug reporter. Application will terminate with return code 0