Using pre-set license
Built from '2021.3/staging' branch; Version is '2021.3.26f1 (a16dc32e0ff2) revision 10579395'; Using compiler version '192829333'; Build Type 'Release'
OS: 'Windows 10  (10.0.19045) 64bit Core' Language: 'ru' Physical Memory: 32689 MB
BatchMode: 1, IsHumanControllingUs: 0, StartBugReporterOnCrash: 0, Is64bit: 1, IsPro: 1

COMMAND LINE ARGUMENTS:
C:\Program Files\Unity 2021.3.26f1\Editor\Unity.exe
-adb2
-batchMode
-noUpm
-name
AssetImportWorker3
-projectPath
C:/Users/Неместный/Documents/GitHub/Test-Project-for-Garden-Of-Draems
-logFile
Logs/AssetImportWorker3.log
-srvPort
5462
Successfully changed project path to: C:/Users/Неместный/Documents/GitHub/Test-Project-for-Garden-Of-Draems
C:/Users/Неместный/Documents/GitHub/Test-Project-for-Garden-Of-Draems
[UnityMemory] Configuration Parameters - Can be set up in boot.config
    "memorysetup-bucket-allocator-granularity=16"
    "memorysetup-bucket-allocator-bucket-count=8"
    "memorysetup-bucket-allocator-block-size=33554432"
    "memorysetup-bucket-allocator-block-count=8"
    "memorysetup-main-allocator-block-size=16777216"
    "memorysetup-thread-allocator-block-size=16777216"
    "memorysetup-gfx-main-allocator-block-size=16777216"
    "memorysetup-gfx-thread-allocator-block-size=16777216"
    "memorysetup-cache-allocator-block-size=4194304"
    "memorysetup-typetree-allocator-block-size=2097152"
    "memorysetup-profiler-bucket-allocator-granularity=16"
    "memorysetup-profiler-bucket-allocator-bucket-count=8"
    "memorysetup-profiler-bucket-allocator-block-size=33554432"
    "memorysetup-profiler-bucket-allocator-block-count=8"
    "memorysetup-profiler-allocator-block-size=16777216"
    "memorysetup-profiler-editor-allocator-block-size=1048576"
    "memorysetup-temp-allocator-size-main=16777216"
    "memorysetup-job-temp-allocator-block-size=2097152"
    "memorysetup-job-temp-allocator-block-size-background=1048576"
    "memorysetup-job-temp-allocator-reduction-small-platforms=262144"
    "memorysetup-temp-allocator-size-background-worker=32768"
    "memorysetup-temp-allocator-size-job-worker=262144"
    "memorysetup-temp-allocator-size-preload-manager=33554432"
    "memorysetup-temp-allocator-size-nav-mesh-worker=65536"
    "memorysetup-temp-allocator-size-audio-worker=65536"
    "memorysetup-temp-allocator-size-cloud-worker=32768"
    "memorysetup-temp-allocator-size-gi-baking-worker=262144"
    "memorysetup-temp-allocator-size-gfx=262144"
Player connection [11168] Host "[IP] 192.168.0.100 [Port] 0 [Flags] 2 [Guid] 3027480735 [EditorId] 3027480735 [Version] 1048832 [Id] WindowsEditor(7,DESKTOP-MLAPK4M) [Debug] 1 [PackageName] WindowsEditor [ProjectName] Editor" joined multi-casting on [225.0.0.222:54997]...

Player connection [11168] Host "[IP] 192.168.0.100 [Port] 0 [Flags] 2 [Guid] 3027480735 [EditorId] 3027480735 [Version] 1048832 [Id] WindowsEditor(7,DESKTOP-MLAPK4M) [Debug] 1 [PackageName] WindowsEditor [ProjectName] Editor" joined alternative multi-casting on [225.0.0.222:34997]...

Refreshing native plugins compatible for Editor in 78.67 ms, found 3 plugins.
Preloading 0 native plugins for Editor in 0.00 ms.
Initialize engine version: 2021.3.26f1 (a16dc32e0ff2)
[Subsystems] Discovering subsystems at path C:/Program Files/Unity 2021.3.26f1/Editor/Data/Resources/UnitySubsystems
[Subsystems] Discovering subsystems at path C:/Users/Неместный/Documents/GitHub/Test-Project-for-Garden-Of-Draems/Assets
GfxDevice: creating device client; threaded=0; jobified=0
Direct3D:
    Version:  Direct3D 11.0 [level 11.1]
    Renderer: NVIDIA GeForce RTX 2070 SUPER (ID=0x1e84)
    Vendor:   NVIDIA
    VRAM:     8003 MB
    Driver:   31.0.15.3713
Initialize mono
Mono path[0] = 'C:/Program Files/Unity 2021.3.26f1/Editor/Data/Managed'
Mono path[1] = 'C:/Program Files/Unity 2021.3.26f1/Editor/Data/MonoBleedingEdge/lib/mono/unityjit-win32'
Mono config path = 'C:/Program Files/Unity 2021.3.26f1/Editor/Data/MonoBleedingEdge/etc'
Using monoOptions --debugger-agent=transport=dt_socket,embedding=1,server=y,suspend=n,address=127.0.0.1:56080
Begin MonoManager ReloadAssembly
Registering precompiled unity dll's ...
Register platform support module: C:/Program Files/Unity 2021.3.26f1/Editor/Data/PlaybackEngines/WindowsStandaloneSupport/UnityEditor.WindowsStandalone.Extensions.dll
Registered in 0.004072 seconds.
Native extension for WindowsStandalone target not found
Refreshing native plugins compatible for Editor in 72.68 ms, found 3 plugins.
Preloading 0 native plugins for Editor in 0.00 ms.
Mono: successfully reloaded assembly
- Completed reload, in  0.508 seconds
Domain Reload Profiling:
	ReloadAssembly (508ms)
		BeginReloadAssembly (68ms)
			ExecutionOrderSort (0ms)
			DisableScriptedObjects (0ms)
			BackupInstance (0ms)
			ReleaseScriptingObjects (0ms)
			CreateAndSetChildDomain (1ms)
		EndReloadAssembly (359ms)
			LoadAssemblies (66ms)
			RebuildTransferFunctionScriptingTraits (0ms)
			SetupTypeCache (82ms)
			ReleaseScriptCaches (0ms)
			RebuildScriptCaches (26ms)
			SetupLoadedEditorAssemblies (210ms)
				LogAssemblyErrors (0ms)
				InitializePlatformSupportModulesInManaged (6ms)
				SetLoadedEditorAssemblies (0ms)
				RefreshPlugins (73ms)
				BeforeProcessingInitializeOnLoad (1ms)
				ProcessInitializeOnLoadAttributes (94ms)
				ProcessInitializeOnLoadMethodAttributes (35ms)
				AfterProcessingInitializeOnLoad (0ms)
				EditorAssembliesLoaded (0ms)
			ExecutionOrderSort2 (0ms)
			AwakeInstancesAfterBackupRestoration (0ms)
Platform modules already initialized, skipping
Registering precompiled user dll's ...
Registered in 0.004087 seconds.
Begin MonoManager ReloadAssembly
Symbol file LoadedFromMemory doesn't match image C:\Users\Неместный\Documents\GitHub\Test-Project-for-Garden-Of-Draems\Library\PackageCache\com.unity.visualscripting@1.8.0\Editor\VisualScripting.Core\Dependencies\YamlDotNet\Unity.VisualScripting.YamlDotNet.dll
Symbol file LoadedFromMemory doesn't match image C:\Users\Неместный\Documents\GitHub\Test-Project-for-Garden-Of-Draems\Library\PackageCache\com.unity.visualscripting@1.8.0\Editor\VisualScripting.Core\Dependencies\DotNetZip\Unity.VisualScripting.IonicZip.dll
Native extension for WindowsStandalone target not found
Refreshing native plugins compatible for Editor in 0.65 ms, found 3 plugins.
Preloading 0 native plugins for Editor in 0.00 ms.
Mono: successfully reloaded assembly
- Completed reload, in  0.818 seconds
Domain Reload Profiling:
	ReloadAssembly (819ms)
		BeginReloadAssembly (108ms)
			ExecutionOrderSort (0ms)
			DisableScriptedObjects (5ms)
			BackupInstance (0ms)
			ReleaseScriptingObjects (0ms)
			CreateAndSetChildDomain (15ms)
		EndReloadAssembly (618ms)
			LoadAssemblies (82ms)
			RebuildTransferFunctionScriptingTraits (0ms)
			SetupTypeCache (206ms)
			ReleaseScriptCaches (1ms)
			RebuildScriptCaches (40ms)
			SetupLoadedEditorAssemblies (278ms)
				LogAssemblyErrors (0ms)
				InitializePlatformSupportModulesInManaged (4ms)
				SetLoadedEditorAssemblies (0ms)
				RefreshPlugins (1ms)
				BeforeProcessingInitializeOnLoad (68ms)
				ProcessInitializeOnLoadAttributes (182ms)
				ProcessInitializeOnLoadMethodAttributes (16ms)
				AfterProcessingInitializeOnLoad (7ms)
				EditorAssembliesLoaded (0ms)
			ExecutionOrderSort2 (0ms)
			AwakeInstancesAfterBackupRestoration (5ms)
Platform modules already initialized, skipping
========================================================================
Worker process is ready to serve import requests
Launched and connected shader compiler UnityShaderCompiler.exe after 0.04 seconds
Refreshing native plugins compatible for Editor in 0.86 ms, found 3 plugins.
Preloading 0 native plugins for Editor in 0.00 ms.
Unloading 3051 Unused Serialized files (Serialized files now loaded: 0)
Unloading 22 unused Assets / (56.1 KB). Loaded Objects now: 3516.
Memory consumption went from 109.5 MB to 109.4 MB.
Total: 3.778900 ms (FindLiveObjects: 0.447200 ms CreateObjectMapping: 0.110200 ms MarkObjects: 3.132800 ms  DeleteObjects: 0.087500 ms)

AssetImportParameters requested are different than current active one (requested -> active):
  custom:video-decoder-ogg-theora: a1e56fd34408186e4bbccfd4996cb3dc -> 
  custom:container-muxer-webm: aa71ff27fc2769a1b78a27578f13a17b -> 
  custom:container-demuxer-webm: 4f35f7cbe854078d1ac9338744f61a02 -> 
  custom:video-encoder-webm-vp8: eb34c28f22e8b96e1ab97ce403110664 -> 
  custom:audio-encoder-webm-vorbis: bf7c407c2cedff20999df2af8eb42d56 -> 
  custom:framework-win-MediaFoundation: 216162199b28c13a410421893ffa2e32 -> 
  custom:container-demuxer-ogg: 62fdf1f143b41e24485cea50d1cbac27 -> 
  custom:video-decoder-webm-vp8: 9c59270c3fd7afecdb556c50c9e8de78 -> 
  custom:audio-decoder-ogg-vorbis: bf7c407c2cedff20999df2af8eb42d56 -> 
========================================================================
Received Import Request.
  Time since last request: 11961.205224 seconds.
  path: Assets/Low Poly Environment Starter Kit/Prefabs/URP/Terrains/Field.prefab
  artifactKey: Guid(2910a5ffd7e6fa64bbb7b4a2e255603e) Importer(815301076,1909f56bfc062723c751e8b465ee728b)
Start importing Assets/Low Poly Environment Starter Kit/Prefabs/URP/Terrains/Field.prefab using Guid(2910a5ffd7e6fa64bbb7b4a2e255603e) Importer(815301076,1909f56bfc062723c751e8b465ee728b)  -> (artifact id: '627e0b83aee2919690f348642f08fe43') in 0.144919 seconds 
========================================================================
Received Import Request.
  Time since last request: 0.000035 seconds.
  path: Assets/Low Poly Environment Starter Kit/Prefabs/URP/Terrains/Forest.prefab
  artifactKey: Guid(b706fdbe0512b9e45a7e749d45f56c91) Importer(815301076,1909f56bfc062723c751e8b465ee728b)
Start importing Assets/Low Poly Environment Starter Kit/Prefabs/URP/Terrains/Forest.prefab using Guid(b706fdbe0512b9e45a7e749d45f56c91) Importer(815301076,1909f56bfc062723c751e8b465ee728b)  -> (artifact id: 'f27466a239389e975e3e8fa51bd31935') in 0.021785 seconds 
========================================================================
Received Import Request.
  Time since last request: 2.447658 seconds.
  path: Assets/Low Poly Environment Starter Kit/Prefabs/URP/Trees/Pine 2.prefab
  artifactKey: Guid(920dbba2cc1612c45922dde68c3ef673) Importer(815301076,1909f56bfc062723c751e8b465ee728b)
Start importing Assets/Low Poly Environment Starter Kit/Prefabs/URP/Trees/Pine 2.prefab using Guid(920dbba2cc1612c45922dde68c3ef673) Importer(815301076,1909f56bfc062723c751e8b465ee728b)  -> (artifact id: '95a6d4eaffad95144c06fb5e391f59d1') in 0.018079 seconds 
========================================================================
Received Import Request.
  Time since last request: 0.000017 seconds.
  path: Assets/Low Poly Environment Starter Kit/Prefabs/URP/Trees/Tree 2.prefab
  artifactKey: Guid(855ad926227c2c646847b5a3be7482cf) Importer(815301076,1909f56bfc062723c751e8b465ee728b)
Start importing Assets/Low Poly Environment Starter Kit/Prefabs/URP/Trees/Tree 2.prefab using Guid(855ad926227c2c646847b5a3be7482cf) Importer(815301076,1909f56bfc062723c751e8b465ee728b)  -> (artifact id: '98cbb94bb8ee62b0ba6c22ab7fb0aaba') in 0.017858 seconds 
========================================================================
Received Import Request.
  Time since last request: 0.000018 seconds.
  path: Assets/Low Poly Environment Starter Kit/Prefabs/URP/Trees/Tree 7.prefab
  artifactKey: Guid(317cef7c4ec02cb4685127dd7da56834) Importer(815301076,1909f56bfc062723c751e8b465ee728b)
Start importing Assets/Low Poly Environment Starter Kit/Prefabs/URP/Trees/Tree 7.prefab using Guid(317cef7c4ec02cb4685127dd7da56834) Importer(815301076,1909f56bfc062723c751e8b465ee728b)  -> (artifact id: '0a984a459f02838dfe1cf2687899d2ac') in 0.019968 seconds 
========================================================================
Received Import Request.
  Time since last request: 0.000020 seconds.
  path: Assets/Low Poly Environment Starter Kit/Prefabs/URP/Trees/Pine 3.prefab
  artifactKey: Guid(a934d038c1a20354a856529f1f7ec805) Importer(815301076,1909f56bfc062723c751e8b465ee728b)
Start importing Assets/Low Poly Environment Starter Kit/Prefabs/URP/Trees/Pine 3.prefab using Guid(a934d038c1a20354a856529f1f7ec805) Importer(815301076,1909f56bfc062723c751e8b465ee728b)  -> (artifact id: '10515bd29326137654feea05b88026a7') in 0.017778 seconds 
========================================================================
Received Import Request.
  Time since last request: 0.000027 seconds.
  path: Assets/Low Poly Environment Starter Kit/Prefabs/URP/Trees/Tree 4.prefab
  artifactKey: Guid(a46bac8e41ea01e418395a141f68a4cb) Importer(815301076,1909f56bfc062723c751e8b465ee728b)
Start importing Assets/Low Poly Environment Starter Kit/Prefabs/URP/Trees/Tree 4.prefab using Guid(a46bac8e41ea01e418395a141f68a4cb) Importer(815301076,1909f56bfc062723c751e8b465ee728b)  -> (artifact id: '4717aa3d3e072e954e85b42aafc1039f') in 0.020626 seconds 
========================================================================
Received Import Request.
  Time since last request: 0.000027 seconds.
  path: Assets/Low Poly Environment Starter Kit/Prefabs/URP/Trees/Tree 8.prefab
  artifactKey: Guid(e37205432e512c841ae7a9bddaefe239) Importer(815301076,1909f56bfc062723c751e8b465ee728b)
Start importing Assets/Low Poly Environment Starter Kit/Prefabs/URP/Trees/Tree 8.prefab using Guid(e37205432e512c841ae7a9bddaefe239) Importer(815301076,1909f56bfc062723c751e8b465ee728b)  -> (artifact id: 'fdada92b89c4872eb4803a0dccdc295a') in 0.027478 seconds 
========================================================================
Received Import Request.
  Time since last request: 0.000027 seconds.
  path: Assets/Low Poly Environment Starter Kit/Prefabs/URP/Trees/Pine 6.prefab
  artifactKey: Guid(c86c24016cb6fbc499527b258d406f6d) Importer(815301076,1909f56bfc062723c751e8b465ee728b)
Start importing Assets/Low Poly Environment Starter Kit/Prefabs/URP/Trees/Pine 6.prefab using Guid(c86c24016cb6fbc499527b258d406f6d) Importer(815301076,1909f56bfc062723c751e8b465ee728b)  -> (artifact id: 'ff4ffb51c01aae51778470434ea34881') in 0.017120 seconds 
========================================================================
Received Import Request.
  Time since last request: 2.176028 seconds.
  path: Assets/Low Poly Environment Starter Kit/Prefabs/URP/Rocks/Rock 3.prefab
  artifactKey: Guid(4e9dc74c4334b9a458f53f995ccb9772) Importer(815301076,1909f56bfc062723c751e8b465ee728b)
Start importing Assets/Low Poly Environment Starter Kit/Prefabs/URP/Rocks/Rock 3.prefab using Guid(4e9dc74c4334b9a458f53f995ccb9772) Importer(815301076,1909f56bfc062723c751e8b465ee728b)  -> (artifact id: '49a91f93d32b34894931a5984c902a79') in 0.021477 seconds 
========================================================================
Received Import Request.
  Time since last request: 0.000018 seconds.
  path: Assets/Low Poly Environment Starter Kit/Prefabs/URP/Rocks/Rock 4.prefab
  artifactKey: Guid(c033eb3bc0a9def44baaffe74145799b) Importer(815301076,1909f56bfc062723c751e8b465ee728b)
Start importing Assets/Low Poly Environment Starter Kit/Prefabs/URP/Rocks/Rock 4.prefab using Guid(c033eb3bc0a9def44baaffe74145799b) Importer(815301076,1909f56bfc062723c751e8b465ee728b)  -> (artifact id: '18c13d1dcc449e73037c479443b4c584') in 0.016413 seconds 
========================================================================
Received Import Request.
  Time since last request: 0.000021 seconds.
  path: Assets/Low Poly Environment Starter Kit/Prefabs/URP/Rocks/Rock 8.prefab
  artifactKey: Guid(9bc01b0a028112c40832d6c99d6c4b85) Importer(815301076,1909f56bfc062723c751e8b465ee728b)
Start importing Assets/Low Poly Environment Starter Kit/Prefabs/URP/Rocks/Rock 8.prefab using Guid(9bc01b0a028112c40832d6c99d6c4b85) Importer(815301076,1909f56bfc062723c751e8b465ee728b)  -> (artifact id: 'df1992dcc311858fe5d26419f8c3f849') in 0.016841 seconds 
========================================================================
Received Import Request.
  Time since last request: 0.000025 seconds.
  path: Assets/Low Poly Environment Starter Kit/Prefabs/URP/Rocks/Rock Pile 2.prefab
  artifactKey: Guid(f7315e96585d195459d4d5634481e773) Importer(815301076,1909f56bfc062723c751e8b465ee728b)
Start importing Assets/Low Poly Environment Starter Kit/Prefabs/URP/Rocks/Rock Pile 2.prefab using Guid(f7315e96585d195459d4d5634481e773) Importer(815301076,1909f56bfc062723c751e8b465ee728b)  -> (artifact id: '1a71c4612972a7ce9acee5e51aa42fe1') in 0.018014 seconds 
========================================================================
Received Import Request.
  Time since last request: 0.000020 seconds.
  path: Assets/Low Poly Environment Starter Kit/Prefabs/URP/Rocks/Rock 10.prefab
  artifactKey: Guid(2e0ae76798a79ef4990fbd097827b42e) Importer(815301076,1909f56bfc062723c751e8b465ee728b)
Start importing Assets/Low Poly Environment Starter Kit/Prefabs/URP/Rocks/Rock 10.prefab using Guid(2e0ae76798a79ef4990fbd097827b42e) Importer(815301076,1909f56bfc062723c751e8b465ee728b)  -> (artifact id: '4aa4221fd3a6129ca55db99705b3e01e') in 0.019152 seconds 
========================================================================
Received Import Request.
  Time since last request: 0.000019 seconds.
  path: Assets/Low Poly Environment Starter Kit/Prefabs/URP/Rocks/Rock 6.prefab
  artifactKey: Guid(873df5bb50a2df04c9c3d7abfe84c10a) Importer(815301076,1909f56bfc062723c751e8b465ee728b)
Start importing Assets/Low Poly Environment Starter Kit/Prefabs/URP/Rocks/Rock 6.prefab using Guid(873df5bb50a2df04c9c3d7abfe84c10a) Importer(815301076,1909f56bfc062723c751e8b465ee728b)  -> (artifact id: '8c18ee4954655ee48057645623de2bae') in 0.018292 seconds 
========================================================================
Received Import Request.
  Time since last request: 0.000019 seconds.
  path: Assets/Low Poly Environment Starter Kit/Prefabs/URP/Rocks/Rock Pile 3.prefab
  artifactKey: Guid(d890e6bbaa2beb548b26a869f51f693f) Importer(815301076,1909f56bfc062723c751e8b465ee728b)
Start importing Assets/Low Poly Environment Starter Kit/Prefabs/URP/Rocks/Rock Pile 3.prefab using Guid(d890e6bbaa2beb548b26a869f51f693f) Importer(815301076,1909f56bfc062723c751e8b465ee728b)  -> (artifact id: '47bf105a4abe382f8f35d83e51de4aa8') in 0.017160 seconds 
========================================================================
Received Import Request.
  Time since last request: 2.693685 seconds.
  path: Assets/Low Poly Environment Starter Kit/Prefabs/HDRP/Terrains/Forest.prefab
  artifactKey: Guid(fd2c1ba1082a8e04a889f13c7ed0d4ea) Importer(815301076,1909f56bfc062723c751e8b465ee728b)
Start importing Assets/Low Poly Environment Starter Kit/Prefabs/HDRP/Terrains/Forest.prefab using Guid(fd2c1ba1082a8e04a889f13c7ed0d4ea) Importer(815301076,1909f56bfc062723c751e8b465ee728b)  -> (artifact id: '9e892ae10f910c22ec14e941c8da9b14') in 0.032338 seconds 
========================================================================
Received Import Request.
  Time since last request: 0.000020 seconds.
  path: Assets/Low Poly Environment Starter Kit/Prefabs/HDRP/Terrains/Mountain 3.prefab
  artifactKey: Guid(c4b312cc1794e9446a754737f9dc6e34) Importer(815301076,1909f56bfc062723c751e8b465ee728b)
Start importing Assets/Low Poly Environment Starter Kit/Prefabs/HDRP/Terrains/Mountain 3.prefab using Guid(c4b312cc1794e9446a754737f9dc6e34) Importer(815301076,1909f56bfc062723c751e8b465ee728b)  -> (artifact id: 'c6136d70bdbe82b574d7211d126452a4') in 0.010883 seconds 
========================================================================
Received Import Request.
  Time since last request: 24.251772 seconds.
  path: Assets/Low Poly Environment Starter Kit/Prefabs/HDRP/Rocks/Rock 3.prefab
  artifactKey: Guid(2ce58a54f67f26643a75225c439d9bb8) Importer(815301076,1909f56bfc062723c751e8b465ee728b)
Start importing Assets/Low Poly Environment Starter Kit/Prefabs/HDRP/Rocks/Rock 3.prefab using Guid(2ce58a54f67f26643a75225c439d9bb8) Importer(815301076,1909f56bfc062723c751e8b465ee728b)  -> (artifact id: '024682f01b2835e99a1b51cb06ad0281') in 0.009987 seconds 
========================================================================
Received Import Request.
  Time since last request: 0.000669 seconds.
  path: Assets/Low Poly Environment Starter Kit/Prefabs/HDRP/Rocks/Rock 6.prefab
  artifactKey: Guid(c9c3c4ff93424334ba8734103df52cbb) Importer(815301076,1909f56bfc062723c751e8b465ee728b)
Start importing Assets/Low Poly Environment Starter Kit/Prefabs/HDRP/Rocks/Rock 6.prefab using Guid(c9c3c4ff93424334ba8734103df52cbb) Importer(815301076,1909f56bfc062723c751e8b465ee728b)  -> (artifact id: '771ed8bd8caa506b1a36d30736611a85') in 0.011376 seconds 
========================================================================
Received Import Request.
  Time since last request: 0.001090 seconds.
  path: Assets/Low Poly Environment Starter Kit/Prefabs/HDRP/Rocks/Rock 9.prefab
  artifactKey: Guid(2d19a106360d15c4981f0b6ca9b83db3) Importer(815301076,1909f56bfc062723c751e8b465ee728b)
Start importing Assets/Low Poly Environment Starter Kit/Prefabs/HDRP/Rocks/Rock 9.prefab using Guid(2d19a106360d15c4981f0b6ca9b83db3) Importer(815301076,1909f56bfc062723c751e8b465ee728b)  -> (artifact id: '62919626879680fe74fca7dfc7e6f5b9') in 0.010666 seconds 
========================================================================
Received Import Request.
  Time since last request: 0.000419 seconds.
  path: Assets/Low Poly Environment Starter Kit/Prefabs/HDRP/Rocks/Rock 12.prefab
  artifactKey: Guid(54254cdce3a8e4143b2de7c5c2beca5b) Importer(815301076,1909f56bfc062723c751e8b465ee728b)
Start importing Assets/Low Poly Environment Starter Kit/Prefabs/HDRP/Rocks/Rock 12.prefab using Guid(54254cdce3a8e4143b2de7c5c2beca5b) Importer(815301076,1909f56bfc062723c751e8b465ee728b)  -> (artifact id: '345968adb3087e070d590f53e4585534') in 0.009087 seconds 
========================================================================
Received Import Request.
  Time since last request: 0.001220 seconds.
  path: Assets/Low Poly Environment Starter Kit/Prefabs/HDRP/Rocks/Rock Pile 2.prefab
  artifactKey: Guid(07b179de58b5a9e4ab38dbf1ddf81795) Importer(815301076,1909f56bfc062723c751e8b465ee728b)
Start importing Assets/Low Poly Environment Starter Kit/Prefabs/HDRP/Rocks/Rock Pile 2.prefab using Guid(07b179de58b5a9e4ab38dbf1ddf81795) Importer(815301076,1909f56bfc062723c751e8b465ee728b)  -> (artifact id: '0c9ef5a064f880a740c2eb8326dc6c81') in 0.011272 seconds 
========================================================================
Received Import Request.
  Time since last request: 4.999572 seconds.
  path: Assets/Low Poly Environment Starter Kit/Prefabs/HDRP/Trees/Pine 3.prefab
  artifactKey: Guid(4374d14af8f426242a48e292525a6748) Importer(815301076,1909f56bfc062723c751e8b465ee728b)
Start importing Assets/Low Poly Environment Starter Kit/Prefabs/HDRP/Trees/Pine 3.prefab using Guid(4374d14af8f426242a48e292525a6748) Importer(815301076,1909f56bfc062723c751e8b465ee728b)  -> (artifact id: 'afa451fe67a7b4e13bf3285ef3a0f9cf') in 0.017379 seconds 
========================================================================
Received Import Request.
  Time since last request: 0.000015 seconds.
  path: Assets/Low Poly Environment Starter Kit/Prefabs/HDRP/Trees/Pine 6.prefab
  artifactKey: Guid(87aa243420e434744b8521f3b4ad8c92) Importer(815301076,1909f56bfc062723c751e8b465ee728b)
Start importing Assets/Low Poly Environment Starter Kit/Prefabs/HDRP/Trees/Pine 6.prefab using Guid(87aa243420e434744b8521f3b4ad8c92) Importer(815301076,1909f56bfc062723c751e8b465ee728b)  -> (artifact id: '113ddac99ce4245db6fceb128865c209') in 0.014726 seconds 
========================================================================
Received Import Request.
  Time since last request: 0.000023 seconds.
  path: Assets/Low Poly Environment Starter Kit/Prefabs/HDRP/Trees/Tree 3.prefab
  artifactKey: Guid(3af8bb4d8eede22439c4105e35626949) Importer(815301076,1909f56bfc062723c751e8b465ee728b)
Start importing Assets/Low Poly Environment Starter Kit/Prefabs/HDRP/Trees/Tree 3.prefab using Guid(3af8bb4d8eede22439c4105e35626949) Importer(815301076,1909f56bfc062723c751e8b465ee728b)  -> (artifact id: 'c3afc64fd5ba4aee7725bc5f06360bfc') in 0.010569 seconds 
========================================================================
Received Import Request.
  Time since last request: 0.000018 seconds.
  path: Assets/Low Poly Environment Starter Kit/Prefabs/HDRP/Trees/Tree 6.prefab
  artifactKey: Guid(f75a180ff2e17224386ba193925bab3c) Importer(815301076,1909f56bfc062723c751e8b465ee728b)
Start importing Assets/Low Poly Environment Starter Kit/Prefabs/HDRP/Trees/Tree 6.prefab using Guid(f75a180ff2e17224386ba193925bab3c) Importer(815301076,1909f56bfc062723c751e8b465ee728b)  -> (artifact id: 'f5279cc5edbc5c2f80f2d467a54b215d') in 0.009057 seconds 
========================================================================
Received Import Request.
  Time since last request: 0.000018 seconds.
  path: Assets/Low Poly Environment Starter Kit/Prefabs/HDRP/Trees/Tree 8.prefab
  artifactKey: Guid(aa695bc549ad5a94eb0ce5483cf215c3) Importer(815301076,1909f56bfc062723c751e8b465ee728b)
Start importing Assets/Low Poly Environment Starter Kit/Prefabs/HDRP/Trees/Tree 8.prefab using Guid(aa695bc549ad5a94eb0ce5483cf215c3) Importer(815301076,1909f56bfc062723c751e8b465ee728b)  -> (artifact id: 'c47b2c16c33d2767f4bcd75721115eda') in 0.017834 seconds 
========================================================================
Received Import Request.
  Time since last request: 2.827885 seconds.
  path: Assets/Low Poly Environment Starter Kit/Prefabs/Standard/Rocks/Rock 3.prefab
  artifactKey: Guid(91282258dc9de664abe80049a519ddea) Importer(815301076,1909f56bfc062723c751e8b465ee728b)
Start importing Assets/Low Poly Environment Starter Kit/Prefabs/Standard/Rocks/Rock 3.prefab using Guid(91282258dc9de664abe80049a519ddea) Importer(815301076,1909f56bfc062723c751e8b465ee728b)  -> (artifact id: '6d20b0a76debccbb1c0707f0938b037e') in 0.027384 seconds 
========================================================================
Received Import Request.
  Time since last request: 0.000030 seconds.
  path: Assets/Low Poly Environment Starter Kit/Prefabs/Standard/Rocks/Rock 6.prefab
  artifactKey: Guid(9331f761eb6bcb841a98943a79fcbbee) Importer(815301076,1909f56bfc062723c751e8b465ee728b)
Start importing Assets/Low Poly Environment Starter Kit/Prefabs/Standard/Rocks/Rock 6.prefab using Guid(9331f761eb6bcb841a98943a79fcbbee) Importer(815301076,1909f56bfc062723c751e8b465ee728b)  -> (artifact id: '8dec2e93083e59589af8df9f202a2364') in 0.012193 seconds 
========================================================================
Received Import Request.
  Time since last request: 0.000024 seconds.
  path: Assets/Low Poly Environment Starter Kit/Prefabs/Standard/Rocks/Rock 11.prefab
  artifactKey: Guid(95243de08a950c64d9638230601e7e15) Importer(815301076,1909f56bfc062723c751e8b465ee728b)
Start importing Assets/Low Poly Environment Starter Kit/Prefabs/Standard/Rocks/Rock 11.prefab using Guid(95243de08a950c64d9638230601e7e15) Importer(815301076,1909f56bfc062723c751e8b465ee728b)  -> (artifact id: '6e877642c8cf81ed1eaa49eb5b076c3f') in 0.013050 seconds 
========================================================================
Received Import Request.
  Time since last request: 0.000022 seconds.
  path: Assets/Low Poly Environment Starter Kit/Prefabs/Standard/Rocks/Rock 12.prefab
  artifactKey: Guid(bbc46a8efcf46a2459b48a84ee343f41) Importer(815301076,1909f56bfc062723c751e8b465ee728b)
Start importing Assets/Low Poly Environment Starter Kit/Prefabs/Standard/Rocks/Rock 12.prefab using Guid(bbc46a8efcf46a2459b48a84ee343f41) Importer(815301076,1909f56bfc062723c751e8b465ee728b)  -> (artifact id: '8406a41c6ec7315063cb54856dc267cd') in 0.013715 seconds 
========================================================================
Received Import Request.
  Time since last request: 0.000022 seconds.
  path: Assets/Low Poly Environment Starter Kit/Prefabs/Standard/Rocks/Rock Pile 3.prefab
  artifactKey: Guid(9f3f4f94fd06fb147ae11524a3cc1001) Importer(815301076,1909f56bfc062723c751e8b465ee728b)
Start importing Assets/Low Poly Environment Starter Kit/Prefabs/Standard/Rocks/Rock Pile 3.prefab using Guid(9f3f4f94fd06fb147ae11524a3cc1001) Importer(815301076,1909f56bfc062723c751e8b465ee728b)  -> (artifact id: '6c4bbcb6bfa8219e1cf6781426da034f') in 0.014057 seconds 
========================================================================
Received Import Request.
  Time since last request: 8.287224 seconds.
  path: Assets/Low Poly Environment Starter Kit/Prefabs/Standard/Trees/Pine 3.prefab
  artifactKey: Guid(96ba1b93b84bf1747bf34efceee42e5e) Importer(815301076,1909f56bfc062723c751e8b465ee728b)
Start importing Assets/Low Poly Environment Starter Kit/Prefabs/Standard/Trees/Pine 3.prefab using Guid(96ba1b93b84bf1747bf34efceee42e5e) Importer(815301076,1909f56bfc062723c751e8b465ee728b)  -> (artifact id: '33f0025a2eb8ef2d86fed083f1bc144a') in 0.020327 seconds 
========================================================================
Received Import Request.
  Time since last request: 0.000020 seconds.
  path: Assets/Low Poly Environment Starter Kit/Prefabs/Standard/Trees/Pine 5.prefab
  artifactKey: Guid(d2c01e12643106a429a67af5d844dc1b) Importer(815301076,1909f56bfc062723c751e8b465ee728b)
Start importing Assets/Low Poly Environment Starter Kit/Prefabs/Standard/Trees/Pine 5.prefab using Guid(d2c01e12643106a429a67af5d844dc1b) Importer(815301076,1909f56bfc062723c751e8b465ee728b)  -> (artifact id: '331a3c6a787134d51e1902fcdbee0644') in 0.014335 seconds 
========================================================================
Received Import Request.
  Time since last request: 0.000023 seconds.
  path: Assets/Low Poly Environment Starter Kit/Prefabs/Standard/Trees/Tree 2.prefab
  artifactKey: Guid(736efe72efede414a8955df0ee9aa2a4) Importer(815301076,1909f56bfc062723c751e8b465ee728b)
Start importing Assets/Low Poly Environment Starter Kit/Prefabs/Standard/Trees/Tree 2.prefab using Guid(736efe72efede414a8955df0ee9aa2a4) Importer(815301076,1909f56bfc062723c751e8b465ee728b)  -> (artifact id: 'edd7ea9b932ea81d1e98e0fdf3b5513a') in 0.020251 seconds 
========================================================================
Received Import Request.
  Time since last request: 0.000019 seconds.
  path: Assets/Low Poly Environment Starter Kit/Prefabs/Standard/Trees/Tree 8.prefab
  artifactKey: Guid(e4a0e1853706c7246a1d8292ced46058) Importer(815301076,1909f56bfc062723c751e8b465ee728b)
Start importing Assets/Low Poly Environment Starter Kit/Prefabs/Standard/Trees/Tree 8.prefab using Guid(e4a0e1853706c7246a1d8292ced46058) Importer(815301076,1909f56bfc062723c751e8b465ee728b)  -> (artifact id: '2a5ae3795fcdb10fdbd160daac8eee94') in 0.016751 seconds 
========================================================================
Received Import Request.
  Time since last request: 0.000020 seconds.
  path: Assets/Low Poly Environment Starter Kit/Prefabs/Standard/Trees/Tree 5.prefab
  artifactKey: Guid(7a91bca74e8b8574dbb2ef5d02bd82c3) Importer(815301076,1909f56bfc062723c751e8b465ee728b)
Start importing Assets/Low Poly Environment Starter Kit/Prefabs/Standard/Trees/Tree 5.prefab using Guid(7a91bca74e8b8574dbb2ef5d02bd82c3) Importer(815301076,1909f56bfc062723c751e8b465ee728b)  -> (artifact id: '30b0e0e794efadb92d7d095e8b4abaf7') in 0.026958 seconds 
========================================================================
Received Import Request.
  Time since last request: 75.156863 seconds.
  path: Packages/com.unity.textmeshpro/Editor Resources/Textures/btn_AlignBaseLine.psd
  artifactKey: Guid(8bc445bb79654bf496c92d0407840a92) Importer(815301076,1909f56bfc062723c751e8b465ee728b)
Start importing Packages/com.unity.textmeshpro/Editor Resources/Textures/btn_AlignBaseLine.psd using Guid(8bc445bb79654bf496c92d0407840a92) Importer(815301076,1909f56bfc062723c751e8b465ee728b)  -> (artifact id: '9ded2a31ebd20ef3b2ea2f579614b108') in 0.036520 seconds 
========================================================================
Received Import Request.
  Time since last request: 0.000025 seconds.
  path: Packages/com.unity.textmeshpro/Editor Resources/Textures/btn_AlignBaseLine_Light.psd
  artifactKey: Guid(18775b51e3bd42299fd30bd036ea982f) Importer(815301076,1909f56bfc062723c751e8b465ee728b)
Start importing Packages/com.unity.textmeshpro/Editor Resources/Textures/btn_AlignBaseLine_Light.psd using Guid(18775b51e3bd42299fd30bd036ea982f) Importer(815301076,1909f56bfc062723c751e8b465ee728b)  -> (artifact id: '8adec73b42a83bc312b199e7eb8a67f5') in 0.021982 seconds 
========================================================================
Received Import Request.
  Time since last request: 0.000022 seconds.
  path: Packages/com.unity.textmeshpro/Editor Resources/Textures/btn_AlignBottom.psd
  artifactKey: Guid(ca51b19024094d1b87f3e07edb0a75fb) Importer(815301076,1909f56bfc062723c751e8b465ee728b)
Start importing Packages/com.unity.textmeshpro/Editor Resources/Textures/btn_AlignBottom.psd using Guid(ca51b19024094d1b87f3e07edb0a75fb) Importer(815301076,1909f56bfc062723c751e8b465ee728b)  -> (artifact id: '7bda1bd4c0665ab2153b896efc6bd852') in 0.016424 seconds 
========================================================================
Received Import Request.
  Time since last request: 0.000026 seconds.
  path: Packages/com.unity.textmeshpro/Editor Resources/Textures/btn_AlignBottom_Light.psd
  artifactKey: Guid(585b70cb75dd43efbfead809c30a1731) Importer(815301076,1909f56bfc062723c751e8b465ee728b)
Start importing Packages/com.unity.textmeshpro/Editor Resources/Textures/btn_AlignBottom_Light.psd using Guid(585b70cb75dd43efbfead809c30a1731) Importer(815301076,1909f56bfc062723c751e8b465ee728b)  -> (artifact id: 'a5b896bed7a7e877b9cf5a3f2cfa7dfd') in 0.019097 seconds 
Editor requested this worker to shutdown with reason: Scaling down because of idle timeout
AssetImportWorker is now disconnected from the server
Process exiting
Exiting without the bug reporter. Application will terminate with return code 0